<?xml version="1.0" encoding="UTF-8"?>
<!-- Generated by org.testng.reporters.JUnitReportReporter -->
<testsuite hostname="LAPTOP-B1NJT4ED" failures="0" tests="226" name="Assert_Satellite_Location.Satellite_Location_TC" time="1197.251" errors="0" timestamp="2026-09-04T21:53:01 IST" skipped="0">
  <testcase classname="Assert_Satellite_Location.Satellite_Location_TC" name="TC_194VerifyBillingInformationExtFieldAcceptsInput" time="5.479"/>
  <testcase classname="Assert_Satellite_Location.Satellite_Location_TC" name="TC_011VerifySatellitLocationEmailFieldWithNumbers" time="4.281"/>
  <testcase classname="Assert_Satellite_Location.Satellite_Location_TC" name="TC_207VerifyUserisAbletoSelectIndividually" time="12.832"/>
  <testcase classname="Assert_Satellite_Location.Satellite_Location_TC" name="TC_127VerifyCityFieldisMandatory" time="6.115"/>
  <testcase classname="Assert_Satellite_Location.Satellite_Location_TC" name="TC_061VerifyBusinessHoursAcceptCombinationofAllInputs" time="5.534"/>
  <testcase classname="Assert_Satellite_Location.Satellite_Location_TC" name="TC_119VerifyStreetisAbleToSelectSuggestionnames" time="4.657"/>
  <testcase classname="Assert_Satellite_Location.Satellite_Location_TC" name="TC_213VerifyDispatchDepartmentEmailFieldShouldAcceptsNumbers" time="3.460"/>
  <testcase classname="Assert_Satellite_Location.Satellite_Location_TC" name="TC_222VerifyDispatchDepartmentPhoneFieldisMandatory" time="2.446"/>
  <testcase classname="Assert_Satellite_Location.Satellite_Location_TC" name="TC_067VerifyGoogleRevireLinkWithInvalidInputPrompterrorMessage" time="7.650"/>
  <testcase classname="Assert_Satellite_Location.Satellite_Location_TC" name="TC_104VerifyNAICSCodeAcceptsAlphabets" time="5.598"/>
  <testcase classname="Assert_Satellite_Location.Satellite_Location_TC" name="TC_208VerifyUserisNotAbletoDeselectDisabledCheckbox" time="2.135"/>
  <testcase classname="Assert_Satellite_Location.Satellite_Location_TC" name="TC_201VerifyCopyBillingInformationAbleToCopyTheInformation" time="22.852"/>
  <testcase classname="Assert_Satellite_Location.Satellite_Location_TC" name="TC_026VerifyTheSatelliteLocationProfileInformationTooltipText" time="4.284"/>
  <testcase classname="Assert_Satellite_Location.Satellite_Location_TC" name="TC_050VerifyWebsiteTextFieldAcceptsNumbers" time="5.539"/>
  <testcase classname="Assert_Satellite_Location.Satellite_Location_TC" name="TC_167VerifyBillingInformationSuiteTxtfieldAcceptsSpecialCharacters" time="5.641"/>
  <testcase classname="Assert_Satellite_Location.Satellite_Location_TC" name="TC_122VerifySuiteAcceptsSpecialCharacters" time="5.625"/>
  <testcase classname="Assert_Satellite_Location.Satellite_Location_TC" name="TC_149VerifPhonenumberExtfieldAcceptsInput" time="5.587"/>
  <testcase classname="Assert_Satellite_Location.Satellite_Location_TC" name="TC_126VerifyCityFieldAcceptsSpecialCharacters" time="5.593"/>
  <testcase classname="Assert_Satellite_Location.Satellite_Location_TC" name="TC_092VerifyEINFieldAcceptsAlphabets" time="5.575"/>
  <testcase classname="Assert_Satellite_Location.Satellite_Location_TC" name="TC_184VerifyBillingInformationEmailFieldAcceptsNumbers" time="5.607"/>
  <testcase classname="Assert_Satellite_Location.Satellite_Location_TC" name="TC_103VerifySICFieldAcceptsSpecialCharacters" time="5.543"/>
  <testcase classname="Assert_Satellite_Location.Satellite_Location_TC" name="TC_099VerifySOSNumberFieldAcceptsNumbers" time="5.599"/>
  <testcase classname="Assert_Satellite_Location.Satellite_Location_TC" name="TC_041VerifyExtAcceptsNumbers" time="5.698"/>
  <testcase classname="Assert_Satellite_Location.Satellite_Location_TC" name="TC_169VerifyBillingInformationCityFieldAcceptsAlphabets" time="5.593"/>
  <testcase classname="Assert_Satellite_Location.Satellite_Location_TC" name="TC_076VerifySatelliteLocationStatusDisplayedAsWhileAddingSatellite" time="2.013"/>
  <testcase classname="Assert_Satellite_Location.Satellite_Location_TC" name="TC_025VerifyTheSatelliteLocationProfileInformationTooltipidpresent" time="2.051"/>
  <testcase classname="Assert_Satellite_Location.Satellite_Location_TC" name="TC_112VerifySatelliteServiceinfoNamefieldAcceptsSpecialCharacters" time="5.631"/>
  <testcase classname="Assert_Satellite_Location.Satellite_Location_TC" name="TC_158VerifyBillingInformationNameFieldisMandatory" time="6.092"/>
  <testcase classname="Assert_Satellite_Location.Satellite_Location_TC" name="TC_019VerifySatellitLocationWebsiteFieldWithInvalidInput" time="2.025"/>
  <testcase classname="Assert_Satellite_Location.Satellite_Location_TC" name="TC_006VerifySatellitLocationFieldacceptsNumbers" time="4.271"/>
  <testcase classname="Assert_Satellite_Location.Satellite_Location_TC" name="TC_186VerifyBillingInformationEmailFieldIvalidErrorMessage" time="7.054"/>
  <testcase classname="Assert_Satellite_Location.Satellite_Location_TC" name="TC_016VerifySatellitLocationWebsiteFieldWithAlphabets" time="4.293"/>
  <testcase classname="Assert_Satellite_Location.Satellite_Location_TC" name="TC_012VerifySatellitLocationEmailFieldWithSpecialCharacters" time="4.296"/>
  <testcase classname="Assert_Satellite_Location.Satellite_Location_TC" name="TC_228VerifyDispatchDepartmentPhoneExtFieldShouldAcceptsShortInputs" time="3.643"/>
  <testcase classname="Assert_Satellite_Location.Satellite_Location_TC" name="TC_020VerifySatellitLocationWebsiteFieldWithoutInput" time="6.682"/>
  <testcase classname="Assert_Satellite_Location.Satellite_Location_TC" name="TC_090VerifyDOTnumberfieldAcceptsNumbers" time="5.595"/>
  <testcase classname="Assert_Satellite_Location.Satellite_Location_TC" name="TC_154VerifyPhonenumberExtfieldShouldAcceptsLessDigits" time="5.491"/>
  <testcase classname="Assert_Satellite_Location.Satellite_Location_TC" name="TC_226VerifyDispatchDepartmentPhoneExtfieldShouldNotAcceptsSpecialCharacters" time="2.361"/>
  <testcase classname="Assert_Satellite_Location.Satellite_Location_TC" name="TC_001VerifyTheSatelliteLocationPageisDisplayed" time="9.111"/>
  <testcase classname="Assert_Satellite_Location.Satellite_Location_TC" name="TC_236VerifySatelliteisAbletoExport" time="2.287"/>
  <testcase classname="Assert_Satellite_Location.Satellite_Location_TC" name="TC_159VerifyBillingInformationStreetFieldAcceptsAlphabets" time="5.504"/>
  <testcase classname="Assert_Satellite_Location.Satellite_Location_TC" name="TC_191VerifyBillingInformationPhoneFieldAcceptsNumbers" time="5.555"/>
  <testcase classname="Assert_Satellite_Location.Satellite_Location_TC" name="TC_217VerifyDispatchDepartmentEmailFieldISMandatoryField" time="2.817"/>
  <testcase classname="Assert_Satellite_Location.Satellite_Location_TC" name="TC_043VerifyExtWithlonginput" time="3.586"/>
  <testcase classname="Assert_Satellite_Location.Satellite_Location_TC" name="TC_224VerifyDispatchDepartmentPhoneExtfieldShouldNotAcceptsAlphabets" time="2.321"/>
  <testcase classname="Assert_Satellite_Location.Satellite_Location_TC" name="TC_173VerifyBillingInformationStateFieldisMandatoryField" time="6.150"/>
  <testcase classname="Assert_Satellite_Location.Satellite_Location_TC" name="TC_052VerifyWebsiteTextFieldAcceptsCopiPastedInputs" time="5.515"/>
  <testcase classname="Assert_Satellite_Location.Satellite_Location_TC" name="TC_227VerifyDispatchDepartmentPhoneExtFieldShouldNotAcceptsMorethan6digits" time="3.624"/>
  <testcase classname="Assert_Satellite_Location.Satellite_Location_TC" name="TC_028VerifyComapanyNameTextFieldisEditable" time="5.707"/>
  <testcase classname="Assert_Satellite_Location.Satellite_Location_TC" name="TC_078VerifyRegistrationNumber1AcceptsAlphabets" time="5.561"/>
  <testcase classname="Assert_Satellite_Location.Satellite_Location_TC" name="TC_146VerifyPhoneNumberFieldAcceptsNumbers" time="5.586"/>
  <testcase classname="Assert_Satellite_Location.Satellite_Location_TC" name="TC_109VerifyCageCodeFiledAcceptsSpecialCharacters" time="5.555"/>
  <testcase classname="Assert_Satellite_Location.Satellite_Location_TC" name="TC_121VerifySuiteAcceptsNumbers" time="5.612"/>
  <testcase classname="Assert_Satellite_Location.Satellite_Location_TC" name="TC_137VerifyEmailfoeldAcceptsValidInput" time="5.753"/>
  <testcase classname="Assert_Satellite_Location.Satellite_Location_TC" name="TC_030VerifyCompanyDisplayNameWithAlphabets" time="3.582"/>
  <testcase classname="Assert_Satellite_Location.Satellite_Location_TC" name="TC_008VerifySatellitLocationFieldWithoutInput" time="4.177"/>
  <testcase classname="Assert_Satellite_Location.Satellite_Location_TC" name="TC_232VerifyAddressoftheSatellteisPresentInsideSatelliteLocationslist" time="2.211"/>
  <testcase classname="Assert_Satellite_Location.Satellite_Location_TC" name="TC_017VerifySatellitLocationWebsiteFieldWithNumbers" time="4.285"/>
  <testcase classname="Assert_Satellite_Location.Satellite_Location_TC" name="TC_147VerifyPhoneNumberFieldShouldNotAcceptsSpecialCharacters" time="4.304"/>
  <testcase classname="Assert_Satellite_Location.Satellite_Location_TC" name="TC_100VerifySOSNumberFieldAcceptsSpecialCharacters" time="5.597"/>
  <testcase classname="Assert_Satellite_Location.Satellite_Location_TC" name="TC_148VerifyPhoneNumberFieldisMandatory" time="6.129"/>
  <testcase classname="Assert_Satellite_Location.Satellite_Location_TC" name="TC_198VerifyBillingInformationExtFieldisNotAcceptsMoreThan5digits" time="5.510"/>
  <testcase classname="Assert_Satellite_Location.Satellite_Location_TC" name="TC_166VerifyBillingInformationSuiteTxtfieldAcceptsNumbers" time="5.591"/>
  <testcase classname="Assert_Satellite_Location.Satellite_Location_TC" name="TC_083VerifyRegistrationNumber2AcceptsNumbers" time="5.618"/>
  <testcase classname="Assert_Satellite_Location.Satellite_Location_TC" name="TC_105VerifyNAICSCodeAcceptsNumbers" time="5.582"/>
  <testcase classname="Assert_Satellite_Location.Satellite_Location_TC" name="TC_139VerifyEmailfoeldAcceptsNumbers" time="5.571"/>
  <testcase classname="Assert_Satellite_Location.Satellite_Location_TC" name="TC_048VerifyWebsitename" time="3.484"/>
  <testcase classname="Assert_Satellite_Location.Satellite_Location_TC" name="TC_002VerifyTheSatelliteLocationPreviouslyAddedlist" time="2.039"/>
  <testcase classname="Assert_Satellite_Location.Satellite_Location_TC" name="TC_094VerifyEINFieldAcceptsSpecialCharacters" time="5.555"/>
  <testcase classname="Assert_Satellite_Location.Satellite_Location_TC" name="TC_058VerifyBusinessHoursAcceptAlphabets" time="5.621"/>
  <testcase classname="Assert_Satellite_Location.Satellite_Location_TC" name="TC_005VerifySatellitLocationFieldacceptsAlphabets" time="4.423"/>
  <testcase classname="Assert_Satellite_Location.Satellite_Location_TC" name="TC_062VerifyGoogleRevireLinkAcceptsInput" time="5.648"/>
  <testcase classname="Assert_Satellite_Location.Satellite_Location_TC" name="TC_064VerifyGoogleRevireLinkAcceptsNumbers" time="5.460"/>
  <testcase classname="Assert_Satellite_Location.Satellite_Location_TC" name="TC_125VerifyCityFieldAcceptsNumbers" time="5.584"/>
  <testcase classname="Assert_Satellite_Location.Satellite_Location_TC" name="TC_188VerifyBillingInformationEmailFieldisMandatory" time="6.107"/>
  <testcase classname="Assert_Satellite_Location.Satellite_Location_TC" name="TC_114VerifySatelliteServiceinfoStreetFieldAcceptsAlphabets" time="5.588"/>
  <testcase classname="Assert_Satellite_Location.Satellite_Location_TC" name="TC_110VerifySatelliteServiceinfoNamefieldAcceptsAlphabets" time="5.637"/>
  <testcase classname="Assert_Satellite_Location.Satellite_Location_TC" name="TC_060VerifyBusinessHoursAcceptSpecialCharacters" time="5.539"/>
  <testcase classname="Assert_Satellite_Location.Satellite_Location_TC" name="TC_206VerifyUserisAbleToslectAllTheSubWasteByClickingOnMAinServiceType" time="2.482"/>
  <testcase classname="Assert_Satellite_Location.Satellite_Location_TC" name="TC_115VerifySatelliteServiceinfoStreetFieldAcceptsNumbers" time="5.583"/>
  <testcase classname="Assert_Satellite_Location.Satellite_Location_TC" name="TC_039VerifyExtWithValidInput" time="3.591"/>
  <testcase classname="Assert_Satellite_Location.Satellite_Location_TC" name="TC_145VerifyPhoneNumberFieldShouldNotAcceptsAlphabets" time="4.316"/>
  <testcase classname="Assert_Satellite_Location.Satellite_Location_TC" name="TC_066VerifyGoogleRevireLinkAcceptsCopyPasetdInputs" time="5.595"/>
  <testcase classname="Assert_Satellite_Location.Satellite_Location_TC" name="TC_134VerifyZipCodeFieldAcceptsNumbers" time="5.577"/>
  <testcase classname="Assert_Satellite_Location.Satellite_Location_TC" name="TC_107VerifyCageCodeFiledAcceptsAlphabets" time="5.602"/>
  <testcase classname="Assert_Satellite_Location.Satellite_Location_TC" name="TC_178VerifyBillingInformationZipcodeAccceptsAlphabets" time="5.692"/>
  <testcase classname="Assert_Satellite_Location.Satellite_Location_TC" name="TC_196VerifyBillingInformationExtFieldAcceptsNumbers" time="5.534"/>
  <testcase classname="Assert_Satellite_Location.Satellite_Location_TC" name="TC_230VerifySavedSatelliteLocationIspresentInSatelliteLocationLists" time="9.572"/>
  <testcase classname="Assert_Satellite_Location.Satellite_Location_TC" name="TC_111VerifySatelliteServiceinfoNamefieldAcceptsNumbers" time="5.639"/>
  <testcase classname="Assert_Satellite_Location.Satellite_Location_TC" name="TC_024VerifyTheAddNewSatelliteLocationRedirectToSatelliteLocationProfile" time="25.336"/>
  <testcase classname="Assert_Satellite_Location.Satellite_Location_TC" name="TC_120VerifySuiteAcceptsalphabets" time="5.947"/>
  <testcase classname="Assert_Satellite_Location.Satellite_Location_TC" name="TC_123VerifySuiteFieldisNOtMandatory" time="6.065"/>
  <testcase classname="Assert_Satellite_Location.Satellite_Location_TC" name="TC_197VerifyBillingInformationExtFieldNotAcceptsSpecialCharacters" time="4.271"/>
  <testcase classname="Assert_Satellite_Location.Satellite_Location_TC" name="TC_235VerifyStatusoftheSatellteisPresentInsideSatelliteLocationslist" time="2.316"/>
  <testcase classname="Assert_Satellite_Location.Satellite_Location_TC" name="TC_089VerifyDOTnumberfieldAcceptsAlphabets" time="5.639"/>
  <testcase classname="Assert_Satellite_Location.Satellite_Location_TC" name="TC_101VerifySICFieldAcceptsAlphabets" time="5.659"/>
  <testcase classname="Assert_Satellite_Location.Satellite_Location_TC" name="TC_124VerifyCityFieldAcceptsAlphabets" time="5.629"/>
  <testcase classname="Assert_Satellite_Location.Satellite_Location_TC" name="TC_231VerifyNameOftheSatelliteisPresentInsideSatelliteLists" time="2.347"/>
  <testcase classname="Assert_Satellite_Location.Satellite_Location_TC" name="TC_010VerifySatellitLocationEmailFieldWithAlphabets" time="4.265"/>
  <testcase classname="Assert_Satellite_Location.Satellite_Location_TC" name="TC_150VerifyPhonenumberExtfieldShouldNotAcceptAlphabets" time="4.315"/>
  <testcase classname="Assert_Satellite_Location.Satellite_Location_TC" name="TC_087VerifyEPAidNumberTextfieldAcceptsNumbers" time="5.636"/>
  <testcase classname="Assert_Satellite_Location.Satellite_Location_TC" name="TC_057VerifyBusinessHoursAcceptInputs" time="5.601"/>
  <testcase classname="Assert_Satellite_Location.Satellite_Location_TC" name="TC_021VerifyTheAddNewSatelliteLocationStatusFieldDefaultValue" time="2.047"/>
  <testcase classname="Assert_Satellite_Location.Satellite_Location_TC" name="TC_037VerifyGeneralPhoneNumberShouldnotaccpetSpecialCharacters" time="3.506"/>
  <testcase classname="Assert_Satellite_Location.Satellite_Location_TC" name="TC_174VerifyBillingInformationStateFieldAcceptsAlphabtes" time="5.588"/>
  <testcase classname="Assert_Satellite_Location.Satellite_Location_TC" name="TC_079VerifyRegistrationNumber1AcceptsNumbers" time="5.445"/>
  <testcase classname="Assert_Satellite_Location.Satellite_Location_TC" name="TC_080VerifyRegistrationNumber1AcceptsSpecialCharacters" time="5.589"/>
  <testcase classname="Assert_Satellite_Location.Satellite_Location_TC" name="TC_009VerifySatellitLocationEmailFieldAcceptsInput" time="4.342"/>
  <testcase classname="Assert_Satellite_Location.Satellite_Location_TC" name="TC_118VerifyStreetDisplayedSuggestionDropdownWhenUserEntersValidStreetName" time="8.141"/>
  <testcase classname="Assert_Satellite_Location.Satellite_Location_TC" name="TC_181VerifyBillingInformationZipcodeFieldisMandatory" time="6.128"/>
  <testcase classname="Assert_Satellite_Location.Satellite_Location_TC" name="TC_023VerifyStatusDropDownISAbletoSelectMultipleOptions" time="2.676"/>
  <testcase classname="Assert_Satellite_Location.Satellite_Location_TC" name="TC_128VerifyStateFieldIsMandatoryField" time="6.263"/>
  <testcase classname="Assert_Satellite_Location.Satellite_Location_TC" name="TC_077VerifyStatusCanbeChange" time="4.277"/>
  <testcase classname="Assert_Satellite_Location.Satellite_Location_TC" name="TC_081VerifyRegistrationNumber1IsMandatoryField" time="5.496"/>
  <testcase classname="Assert_Satellite_Location.Satellite_Location_TC" name="TC_117VerifySatelliteServiceinfoStreetFieldisMandatory" time="6.123"/>
  <testcase classname="Assert_Satellite_Location.Satellite_Location_TC" name="TC_108VerifyCageCodeFiledAcceptsNumbers" time="5.623"/>
  <testcase classname="Assert_Satellite_Location.Satellite_Location_TC" name="TC_210VerifyUserisAbletoDeselecttheSelectedMainServiceTypeCheckbox" time="2.843"/>
  <testcase classname="Assert_Satellite_Location.Satellite_Location_TC" name="TC_155VerifyBillingInformationNameFieldAcceptsAlphabets" time="5.525"/>
  <testcase classname="Assert_Satellite_Location.Satellite_Location_TC" name="TC_132VerifyUserIsAbleToSelectValueFromStateDD" time="5.135"/>
  <testcase classname="Assert_Satellite_Location.Satellite_Location_TC" name="TC_218VerifyDispatchDepartmentPhoneFieldAcceptsInput" time="3.768"/>
  <testcase classname="Assert_Satellite_Location.Satellite_Location_TC" name="TC_014VerifySatellitLocationEmailFieldWithoutInput" time="4.020"/>
  <testcase classname="Assert_Satellite_Location.Satellite_Location_TC" name="TC_015VerifySatellitLocationWebsiteFieldAcceptsInput" time="4.303"/>
  <testcase classname="Assert_Satellite_Location.Satellite_Location_TC" name="TC_185VerifyBillingInformationEmailFieldAcceptsSpecialCharacters" time="5.592"/>
  <testcase classname="Assert_Satellite_Location.Satellite_Location_TC" name="TC_157VerifyBillingInformationNameFieldAcceptsSpecialCharacters" time="5.507"/>
  <testcase classname="Assert_Satellite_Location.Satellite_Location_TC" name="TC_160VerifyBillingInformationStreetFieldAcceptsNumbers" time="5.478"/>
  <testcase classname="Assert_Satellite_Location.Satellite_Location_TC" name="TC_170VerifyBillingInformationCityFieldAcceptsNumbers" time="5.617"/>
  <testcase classname="Assert_Satellite_Location.Satellite_Location_TC" name="TC_183VerifyBillingInformationEmailFieldAcceptsAlphabtes" time="5.578"/>
  <testcase classname="Assert_Satellite_Location.Satellite_Location_TC" name="TC_003VerifyTheAddNewSatelliteLocationButton" time="2.220"/>
  <testcase classname="Assert_Satellite_Location.Satellite_Location_TC" name="TC_234VerifyEmailoftheSatellteisPresentInsideSatelliteLocationslist" time="2.276"/>
  <testcase classname="Assert_Satellite_Location.Satellite_Location_TC" name="TC_151VerifyPhonenumberExtfieldAcceptNumbers" time="5.571"/>
  <testcase classname="Assert_Satellite_Location.Satellite_Location_TC" name="TC_172VerifyBillingInformationCityFieldisMandatory" time="6.098"/>
  <testcase classname="Assert_Satellite_Location.Satellite_Location_TC" name="TC_152VerifyPhonenumberExtfieldShouldNotAcceptSpecialCharacters" time="4.324"/>
  <testcase classname="Assert_Satellite_Location.Satellite_Location_TC" name="TC_116VerifySatelliteServiceinfoStreetFieldAcceptsSpecialCharacters" time="5.574"/>
  <testcase classname="Assert_Satellite_Location.Satellite_Location_TC" name="TC_086VerifyEPAidNumberTextfieldAcceptsAlphabets" time="5.628"/>
  <testcase classname="Assert_Satellite_Location.Satellite_Location_TC" name="TC_098VerifySOSNumberFieldAcceptsAlphabets" time="5.601"/>
  <testcase classname="Assert_Satellite_Location.Satellite_Location_TC" name="TC_029VerifyCompanyDisplayNameAcceptsInput" time="3.606"/>
  <testcase classname="Assert_Satellite_Location.Satellite_Location_TC" name="TC_131VerifyStateFieldShouldNotAcceptsSpecialCharacters" time="5.534"/>
  <testcase classname="Assert_Satellite_Location.Satellite_Location_TC" name="TC_075VerifyNotAbleToPassinputInsideSatellietLoactionStatus" time="2.246"/>
  <testcase classname="Assert_Satellite_Location.Satellite_Location_TC" name="TC_204VerifyVariousServices" time="2.119"/>
  <testcase classname="Assert_Satellite_Location.Satellite_Location_TC" name="TC_138VerifyEmailfoeldAcceptsAlphabets" time="5.607"/>
  <testcase classname="Assert_Satellite_Location.Satellite_Location_TC" name="TC_205VerifyUserisAbleToslecttheServices" time="3.489"/>
  <testcase classname="Assert_Satellite_Location.Satellite_Location_TC" name="TC_042VerifyExtNotAcceptsSpecialCharacters" time="3.571"/>
  <testcase classname="Assert_Satellite_Location.Satellite_Location_TC" name="TC_034VerifyGeneralPhoneNumberAcceptsInput" time="3.564"/>
  <testcase classname="Assert_Satellite_Location.Satellite_Location_TC" name="TC_113VerifySatelliteServiceinfoNameFieldisMandatory" time="6.122"/>
  <testcase classname="Assert_Satellite_Location.Satellite_Location_TC" name="TC_177VerifyBillingInformationSateDDabletoSelectOptionFromDropdown" time="2.765"/>
  <testcase classname="Assert_Satellite_Location.Satellite_Location_TC" name="TC_168VerifyBillingInformationSuiteTxtfieldisNotMandatory" time="6.073"/>
  <testcase classname="Assert_Satellite_Location.Satellite_Location_TC" name="TC_049VerifyWebsiteTextFieldAcceptsAlphabets" time="5.664"/>
  <testcase classname="Assert_Satellite_Location.Satellite_Location_TC" name="TC_209VerifyUserisAbletoDeselecttheSelectedCheckbox" time="11.812"/>
  <testcase classname="Assert_Satellite_Location.Satellite_Location_TC" name="TC_221VerifyDispatchDepartmentPhoneFieldShouldNotAcceptsSpecialCharacters" time="2.310"/>
  <testcase classname="Assert_Satellite_Location.Satellite_Location_TC" name="TC_153VerifyPhonenumberExtfieldisNotAcceptsMoreThan5digits" time="5.621"/>
  <testcase classname="Assert_Satellite_Location.Satellite_Location_TC" name="TC_140VerifyEmailfoeldAcceptsSpecialCharacters" time="5.631"/>
  <testcase classname="Assert_Satellite_Location.Satellite_Location_TC" name="TC_165VerifyBillingInformationSuiteTxtfieldAcceptsAlpabets" time="5.554"/>
  <testcase classname="Assert_Satellite_Location.Satellite_Location_TC" name="TC_018VerifySatellitLocationWebsiteFieldWithSpecialCharacters" time="2.009"/>
  <testcase classname="Assert_Satellite_Location.Satellite_Location_TC" name="TC_219VerifyDispatchDepartmentPhoneFieldShouldNotAcceptsAlphabets" time="2.307"/>
  <testcase classname="Assert_Satellite_Location.Satellite_Location_TC" name="TC_013VerifySatellitLocationEmailFieldWithInvaliInput" time="2.910"/>
  <testcase classname="Assert_Satellite_Location.Satellite_Location_TC" name="TC_088VerifyEPAidNumberTextfieldAcceptsSpecialCharacters" time="5.545"/>
  <testcase classname="Assert_Satellite_Location.Satellite_Location_TC" name="TC_035VerifyGeneralPhoneNumberShouldnotaccpetAlphabets" time="2.251"/>
  <testcase classname="Assert_Satellite_Location.Satellite_Location_TC" name="TC_220VerifyDispatchDepartmentPhoneFieldShouldAcceptsNumbers" time="3.528"/>
  <testcase classname="Assert_Satellite_Location.Satellite_Location_TC" name="TC_040VerifyExtNotAcceptsAlphabets" time="3.573"/>
  <testcase classname="Assert_Satellite_Location.Satellite_Location_TC" name="TC_144VerifyPhoneNumberFieldAcceptsValidInput" time="5.614"/>
  <testcase classname="Assert_Satellite_Location.Satellite_Location_TC" name="TC_130VerifyStateFieldShouldNotAcceptsNumbers" time="5.577"/>
  <testcase classname="Assert_Satellite_Location.Satellite_Location_TC" name="TC_203VerifyTheSystemShouldAutoSaveTheAddress" time="2.038"/>
  <testcase classname="Assert_Satellite_Location.Satellite_Location_TC" name="TC_065VerifyGoogleRevireLinkAcceptsSpecialCharacters" time="5.554"/>
  <testcase classname="Assert_Satellite_Location.Satellite_Location_TC" name="TC_176VerifyBillingInformationStateFieldAcceptsSpecialCharacters" time="5.536"/>
  <testcase classname="Assert_Satellite_Location.Satellite_Location_TC" name="TC_229VerifyClikingOnSaveBittonShouldSavesTheData" time="6.891"/>
  <testcase classname="Assert_Satellite_Location.Satellite_Location_TC" name="TC_225VerifyDispatchDepartmentPhoneExtfieldShouldAcceptsNumbers" time="3.454"/>
  <testcase classname="Assert_Satellite_Location.Satellite_Location_TC" name="TC_180VerifyBillingInformationZipcodeAccceptsSpecialCharacters" time="5.614"/>
  <testcase classname="Assert_Satellite_Location.Satellite_Location_TC" name="TC_044VerifyExtWithlessInput" time="3.520"/>
  <testcase classname="Assert_Satellite_Location.Satellite_Location_TC" name="TC_179VerifyBillingInformationZipcodeAccceptsNumbers" time="5.606"/>
  <testcase classname="Assert_Satellite_Location.Satellite_Location_TC" name="TC_215VerifyDispatchDepartmentEmailFieldShouldNotAcceptsInValidEmail" time="2.270"/>
  <testcase classname="Assert_Satellite_Location.Satellite_Location_TC" name="TC_045VerifyEmailisPresentIntheEmailTextField" time="2.059"/>
  <testcase classname="Assert_Satellite_Location.Satellite_Location_TC" name="TC_192VerifyBillingInformationPhoneFieldAcceptsSpecialCharacters" time="5.561"/>
  <testcase classname="Assert_Satellite_Location.Satellite_Location_TC" name="TC_199VerifyBillingInformationExtFieldisAcceptsShoerInput" time="4.272"/>
  <testcase classname="Assert_Satellite_Location.Satellite_Location_TC" name="TC_129VerifyStateFieldAcceptsAlphabets" time="5.643"/>
  <testcase classname="Assert_Satellite_Location.Satellite_Location_TC" name="TC_187VerifyBillingInformationEmailFieldAcceptsValidFormat" time="5.698"/>
  <testcase classname="Assert_Satellite_Location.Satellite_Location_TC" name="TC_051VerifyWebsiteTextFieldAcceptsSpecialCharacters" time="5.646"/>
  <testcase classname="Assert_Satellite_Location.Satellite_Location_TC" name="TC_193VerifyBillingInformationPhoneFieldisMandatory" time="6.089"/>
  <testcase classname="Assert_Satellite_Location.Satellite_Location_TC" name="TC_202VerifyAllTheDatagetPastedinSatelliteBillingInformation" time="2.098"/>
  <testcase classname="Assert_Satellite_Location.Satellite_Location_TC" name="TC_212VerifyDispatchDepartmentEmailFieldShouldAcceptsAlphabets" time="3.473"/>
  <testcase classname="Assert_Satellite_Location.Satellite_Location_TC" name="TC_097VerifyEntityIDNumberieldAcceptsSpecialCharacters" time="5.576"/>
  <testcase classname="Assert_Satellite_Location.Satellite_Location_TC" name="TC_068VerifyGoogleRevireLinkWithValidinput" time="7.609"/>
  <testcase classname="Assert_Satellite_Location.Satellite_Location_TC" name="TC_032VerifyCompanyDisplayNameWithSpecialCharacters" time="3.557"/>
  <testcase classname="Assert_Satellite_Location.Satellite_Location_TC" name="TC_190VerifyBillingInformationPhoneFieldAcceptsAlphabets" time="5.570"/>
  <testcase classname="Assert_Satellite_Location.Satellite_Location_TC" name="TC_164VerifyBillingInformationStreetFieldAcceptsSuggestions" time="2.012"/>
  <testcase classname="Assert_Satellite_Location.Satellite_Location_TC" name="TC_135VerifyZipCodeFieldAcceptsSpecialCharacters" time="5.608"/>
  <testcase classname="Assert_Satellite_Location.Satellite_Location_TC" name="TC_143VerifyEmailfoeldisMandatory" time="6.199"/>
  <testcase classname="Assert_Satellite_Location.Satellite_Location_TC" name="TC_007VerifySatellitLocationFieldacceptsSpecialCharacters" time="4.470"/>
  <testcase classname="Assert_Satellite_Location.Satellite_Location_TC" name="TC_084VerifyRegistrationNumber2AcceptsSpecialCharacters" time="5.555"/>
  <testcase classname="Assert_Satellite_Location.Satellite_Location_TC" name="TC_082VerifyRegistrationNumber2AcceptsAlphabets" time="5.624"/>
  <testcase classname="Assert_Satellite_Location.Satellite_Location_TC" name="TC_095VerifyEntityIDNumberieldAcceptsAlpabets" time="5.601"/>
  <testcase classname="Assert_Satellite_Location.Satellite_Location_TC" name="TC_133VerifyZipCodeFieldAcceptsAlphabets" time="5.675"/>
  <testcase classname="Assert_Satellite_Location.Satellite_Location_TC" name="TC_182VerifyBillingInformationEmailFieldAcceptsInput" time="5.678"/>
  <testcase classname="Assert_Satellite_Location.Satellite_Location_TC" name="TC_063VerifyGoogleRevireLinkAcceptsAlphabets" time="5.493"/>
  <testcase classname="Assert_Satellite_Location.Satellite_Location_TC" name="TC_161VerifyBillingInformationStreetFieldAcceptsSpecialCharacters" time="5.563"/>
  <testcase classname="Assert_Satellite_Location.Satellite_Location_TC" name="TC_027VerifyNameOFtheLocation" time="2.047"/>
  <testcase classname="Assert_Satellite_Location.Satellite_Location_TC" name="TC_175VerifyBillingInformationStateFieldAcceptsNumbers" time="5.473"/>
  <testcase classname="Assert_Satellite_Location.Satellite_Location_TC" name="TC_102VerifySICFieldAcceptsNumbers" time="5.619"/>
  <testcase classname="Assert_Satellite_Location.Satellite_Location_TC" name="TC_046VerifyEmailTextFieldisEditable" time="7.816"/>
  <testcase classname="Assert_Satellite_Location.Satellite_Location_TC" name="TC_085VerifyRegistrationNumber2IsNotMandatoryField" time="4.239"/>
  <testcase classname="Assert_Satellite_Location.Satellite_Location_TC" name="TC_214VerifyDispatchDepartmentEmailFieldShouldAcceptsSpecialCharacters" time="3.608"/>
  <testcase classname="Assert_Satellite_Location.Satellite_Location_TC" name="TC_223VerifyDispatchDepartmentPhoneExtfieldAcceptsInput" time="3.546"/>
  <testcase classname="Assert_Satellite_Location.Satellite_Location_TC" name="TC_142VerifyEmailIdShouldAcceptsvalidInput" time="6.124"/>
  <testcase classname="Assert_Satellite_Location.Satellite_Location_TC" name="TC_136VerifyZipCodeFieldisMandatory" time="6.138"/>
  <testcase classname="Assert_Satellite_Location.Satellite_Location_TC" name="TC_200VerifyServiceOfferedAutosavesTheData" time="63.570"/>
  <testcase classname="Assert_Satellite_Location.Satellite_Location_TC" name="TC_004VerifySatelliteLocationNameFieldWithInput" time="5.840"/>
  <testcase classname="Assert_Satellite_Location.Satellite_Location_TC" name="TC_141VerifyEmailIdShouldNotAcceptsInvalidInput" time="5.662"/>
  <testcase classname="Assert_Satellite_Location.Satellite_Location_TC" name="TC_059VerifyBusinessHoursAcceptNumbers" time="5.552"/>
  <testcase classname="Assert_Satellite_Location.Satellite_Location_TC" name="TC_189VerifyBillingInformationPhoneFieldAcceptsInput" time="5.579"/>
  <testcase classname="Assert_Satellite_Location.Satellite_Location_TC" name="TC_156VerifyBillingInformationNameFieldAcceptsNumbers" time="5.546"/>
  <testcase classname="Assert_Satellite_Location.Satellite_Location_TC" name="TC_093VerifyEINFieldAcceptsNumbers" time="5.598"/>
  <testcase classname="Assert_Satellite_Location.Satellite_Location_TC" name="TC_106VerifyNAICSCodeAcceptsSpecialCharacters" time="5.572"/>
  <testcase classname="Assert_Satellite_Location.Satellite_Location_TC" name="TC_036VerifyGeneralPhoneNumberShouldacceptNumbers" time="3.634"/>
  <testcase classname="Assert_Satellite_Location.Satellite_Location_TC" name="TC_211VerifyDispatchDepartmentEmailFieldAcceptsInputs" time="3.488"/>
  <testcase classname="Assert_Satellite_Location.Satellite_Location_TC" name="TC_162VerifyBillingInformationStreetFieldisMandatory" time="6.063"/>
  <testcase classname="Assert_Satellite_Location.Satellite_Location_TC" name="TC_233VerifyDispatchPhoneNumberoftheSatellteisPresentInsideSatelliteLocationslist" time="2.294"/>
  <testcase classname="Assert_Satellite_Location.Satellite_Location_TC" name="TC_022VerifySatelliteLocationIsAbletoChangeStatus" time="2.253"/>
  <testcase classname="Assert_Satellite_Location.Satellite_Location_TC" name="TC_216VerifyDispatchDepartmentEmailFieldShouldAcceptsValidEmail" time="3.513"/>
  <testcase classname="Assert_Satellite_Location.Satellite_Location_TC" name="TC_038VerifyGeneralPhoneNumberWithoutInputShouldDisplayMandatoryField" time="2.793"/>
  <testcase classname="Assert_Satellite_Location.Satellite_Location_TC" name="TC_047VerifyEmailTextFieldisMandatory" time="5.812"/>
  <testcase classname="Assert_Satellite_Location.Satellite_Location_TC" name="TC_163VerifyBillingInformationShouldDisplaySuggestion" time="2.006"/>
  <testcase classname="Assert_Satellite_Location.Satellite_Location_TC" name="TC_033VerifyCompanyDisplayNameWithoutInput" time="4.185"/>
  <testcase classname="Assert_Satellite_Location.Satellite_Location_TC" name="TC_171VerifyBillingInformationCityFieldAcceptsSpecialCharacters" time="5.675"/>
  <testcase classname="Assert_Satellite_Location.Satellite_Location_TC" name="TC_091VerifyDOTnumberfieldAcceptsSpecialCharacters" time="5.568"/>
  <testcase classname="Assert_Satellite_Location.Satellite_Location_TC" name="TC_031VerifyCompanyDisplayNameWithNumbers" time="3.579"/>
  <testcase classname="Assert_Satellite_Location.Satellite_Location_TC" name="TC_096VerifyEntityIDNumberieldAcceptsNumbers" time="5.570"/>
  <testcase classname="Assert_Satellite_Location.Satellite_Location_TC" name="TC_195VerifyBillingInformationExtFieldShouldNotAcceptsAlphabets" time="4.257"/>
</testsuite> <!-- Assert_Satellite_Location.Satellite_Location_TC -->
