<?xml version="1.0" encoding="UTF-8"?>
<!-- Generated by org.testng.reporters.JUnitReportReporter -->
<testsuite hostname="RAJEEV" failures="0" tests="1" name="OctopussaasBillingSettings.TC_012PastYear2024DefaultValue" time="70.589" errors="0" timestamp="2026-04-29T16:21:43 IST" skipped="0">
  <testcase classname="OctopussaasBillingSettings.TC_012PastYear2024DefaultValue" name="TC_012PastYear2024TextFieldDefaultvalue" time="70.589"/>
</testsuite> <!-- OctopussaasBillingSettings.TC_012PastYear2024DefaultValue -->
