<?xml version="1.0" encoding="UTF-8"?>
<!-- Generated by org.testng.reporters.JUnitReportReporter -->
<testsuite hostname="RAJEEV" failures="0" tests="1" name="OctoRouteAssignmentFlowTc.TC_097Next6serviceWithclosedofficeHourForperticulardays" time="151.651" errors="0" timestamp="2026-03-30T12:10:34 IST" skipped="0">
  <testcase classname="OctoRouteAssignmentFlowTc.TC_097Next6serviceWithclosedofficeHourForperticulardays" name="TC_097closedofficehoursforsomedays" time="151.651"/>
</testsuite> <!-- OctoRouteAssignmentFlowTc.TC_097Next6serviceWithclosedofficeHourForperticulardays -->
