<?xml version="1.0" encoding="UTF-8"?>
<!-- Generated by org.testng.reporters.JUnitReportReporter -->
<testsuite hostname="RAJEEV" failures="0" tests="1" name="OctopussaasBillingSettings.TC_157CountryDropdownWithDifferentCountry" time="70.603" errors="0" timestamp="2026-04-29T16:21:43 IST" skipped="0">
  <testcase classname="OctopussaasBillingSettings.TC_157CountryDropdownWithDifferentCountry" name="TC_157CountryDropdownWithDifferentValue" time="70.603"/>
</testsuite> <!-- OctopussaasBillingSettings.TC_157CountryDropdownWithDifferentCountry -->
