<?xml version="1.0" encoding="UTF-8"?>
<!-- Generated by org.testng.reporters.JUnitReportReporter -->
<testsuite hostname="RAJEEV" failures="0" tests="6" name="Assert_Satellite_Location.File_UploadTc" time="101.228" errors="0" timestamp="2026-07-21T14:26:56 IST" skipped="0">
  <testcase classname="Assert_Satellite_Location.File_UploadTc" name="TC_073VerifyLogoUploadWithMoreThan5mb" time="7.321"/>
  <testcase classname="Assert_Satellite_Location.File_UploadTc" name="TC_074VerifyLogoUploadWithouAddingLogo" time="2.714"/>
  <testcase classname="Assert_Satellite_Location.File_UploadTc" name="TC_069VerifyCompanyLogoUploadsFile" time="32.598"/>
  <testcase classname="Assert_Satellite_Location.File_UploadTc" name="TC_070VerifyLogoUploadedinValidFormatJPEG" time="13.318"/>
  <testcase classname="Assert_Satellite_Location.File_UploadTc" name="TC_071VerifyLogoUploadedinValidFormatPNG" time="8.105"/>
  <testcase classname="Assert_Satellite_Location.File_UploadTc" name="TC_072VerifyLogoUploadWithLessThan5mb" time="37.172"/>
</testsuite> <!-- Assert_Satellite_Location.File_UploadTc -->
