<?xml version="1.0" encoding="UTF-8"?>
<!-- Generated by org.testng.reporters.JUnitReportReporter -->
<testsuite hostname="RAJEEV" failures="0" tests="1" name="OctopussaasBillingSettings.TC_013PastYear2024TextFieldWithDifferentInput" time="68.916" errors="0" timestamp="2026-04-29T16:21:43 IST" skipped="0">
  <testcase classname="OctopussaasBillingSettings.TC_013PastYear2024TextFieldWithDifferentInput" name="TC_013PastYear2024TextFieldWithInput" time="68.916"/>
</testsuite> <!-- OctopussaasBillingSettings.TC_013PastYear2024TextFieldWithDifferentInput -->
