<?xml version="1.0" encoding="UTF-8"?>
<!-- Generated by org.testng.reporters.JUnitReportReporter -->
<testsuite hostname="RAJEEV" failures="0" tests="83" name="Generator_Management_GeneratorContacts.Generator_Contact_TC" time="410.659" errors="0" timestamp="2026-08-20T15:57:30 IST" skipped="0">
  <testcase classname="Generator_Management_GeneratorContacts.Generator_Contact_TC" name="TC_051VerifySelectedoptionsInTextField" time="2.145"/>
  <testcase classname="Generator_Management_GeneratorContacts.Generator_Contact_TC" name="TC_024VerifyContactEmailTextFieldacceptsNumbers" time="2.201"/>
  <testcase classname="Generator_Management_GeneratorContacts.Generator_Contact_TC" name="TC_046VerifyContactNoteTextfieldAcceptInputs" time="2.103"/>
  <testcase classname="Generator_Management_GeneratorContacts.Generator_Contact_TC" name="TC_063VerifyAccessinLists" time="2.066"/>
  <testcase classname="Generator_Management_GeneratorContacts.Generator_Contact_TC" name="TC_040VerifyJobTitleTextfieldAcceptsSpecialCharacters" time="2.131"/>
  <testcase classname="Generator_Management_GeneratorContacts.Generator_Contact_TC" name="TC_023VerifyContactEmailTextFieldacceptValidEmail" time="2.213"/>
  <testcase classname="Generator_Management_GeneratorContacts.Generator_Contact_TC" name="TC_049VerifyAbletoChangeNotificayionEvenEmailisnotFilled" time="5.212"/>
  <testcase classname="Generator_Management_GeneratorContacts.Generator_Contact_TC" name="TC_034VerifySelectedOptionShowninEmailsTextField" time="2.099"/>
  <testcase classname="Generator_Management_GeneratorContacts.Generator_Contact_TC" name="TC_066VerifyLogonGeneratorlinkisDisplayed" time="2.703"/>
  <testcase classname="Generator_Management_GeneratorContacts.Generator_Contact_TC" name="TC_042VerifyContactStatusDropdownOptions" time="3.303"/>
  <testcase classname="Generator_Management_GeneratorContacts.Generator_Contact_TC" name="TC_077VerifyAbletoPassNumbersinRetypePasswordTextField" time="2.138"/>
  <testcase classname="Generator_Management_GeneratorContacts.Generator_Contact_TC" name="TC_038VerifyJobTitleTextfieldAcceptsInput" time="2.154"/>
  <testcase classname="Generator_Management_GeneratorContacts.Generator_Contact_TC" name="TC_083VerifyUserIsableToaginLogin" time="7.588"/>
  <testcase classname="Generator_Management_GeneratorContacts.Generator_Contact_TC" name="TC_031VerifyPasswordTextFieldWithSpecialCharacters" time="2.159"/>
  <testcase classname="Generator_Management_GeneratorContacts.Generator_Contact_TC" name="TC_068VerifyAbleToClcikonCheckBox" time="3.094"/>
  <testcase classname="Generator_Management_GeneratorContacts.Generator_Contact_TC" name="TC_039VerifyJobTitleTextfieldAcceptsNumbers" time="2.145"/>
  <testcase classname="Generator_Management_GeneratorContacts.Generator_Contact_TC" name="TC_059VerifyEmailValidation" time="8.512"/>
  <testcase classname="Generator_Management_GeneratorContacts.Generator_Contact_TC" name="TC_020VerifyContactExtTextFieldacceptNumbers" time="3.452"/>
  <testcase classname="Generator_Management_GeneratorContacts.Generator_Contact_TC" name="TC_053VerifyAbletoSaveTheData" time="10.393"/>
  <testcase classname="Generator_Management_GeneratorContacts.Generator_Contact_TC" name="TC_052VerifyAbleToRemoveTheSelectedOption" time="3.131"/>
  <testcase classname="Generator_Management_GeneratorContacts.Generator_Contact_TC" name="TC_041VerifyContactStatusDefaultvalue" time="2.031"/>
  <testcase classname="Generator_Management_GeneratorContacts.Generator_Contact_TC" name="TC_076VerifyAbletoPassAlphabetsinRetypePasswordTextField" time="2.119"/>
  <testcase classname="Generator_Management_GeneratorContacts.Generator_Contact_TC" name="TC_048VerifyContactNoteTextfieldAcceptSpecialCharacters" time="2.178"/>
  <testcase classname="Generator_Management_GeneratorContacts.Generator_Contact_TC" name="TC_080VerifyErrorMessageDisplayedForMismatchData" time="3.426"/>
  <testcase classname="Generator_Management_GeneratorContacts.Generator_Contact_TC" name="TC_079VerifyAbletoPassValidCombinationinRetypePasswordTextField" time="2.132"/>
  <testcase classname="Generator_Management_GeneratorContacts.Generator_Contact_TC" name="TC_012VerifyContactEmailTextFieldWithInputs" time="2.134"/>
  <testcase classname="Generator_Management_GeneratorContacts.Generator_Contact_TC" name="TC_037VerifyUrllinktextfieldAcceptsInvalidInput" time="4.162"/>
  <testcase classname="Generator_Management_GeneratorContacts.Generator_Contact_TC" name="TC_014VerifyContactEmailTextFieldWithSpecialCharacters" time="2.166"/>
  <testcase classname="Generator_Management_GeneratorContacts.Generator_Contact_TC" name="TC_050VerifyAbletoChangeNotification" time="2.074"/>
  <testcase classname="Generator_Management_GeneratorContacts.Generator_Contact_TC" name="TC_070VerifyAbleToClickOnConfirmButton" time="9.418"/>
  <testcase classname="Generator_Management_GeneratorContacts.Generator_Contact_TC" name="TC_011VerifyContactEmailTextFieldWithblank" time="4.853"/>
  <testcase classname="Generator_Management_GeneratorContacts.Generator_Contact_TC" name="TC_027VerifyPasswordisAbletoModify" time="4.730"/>
  <testcase classname="Generator_Management_GeneratorContacts.Generator_Contact_TC" name="TC_017VerifyContactEmailTextFieldWithMorethan10digits" time="2.193"/>
  <testcase classname="Generator_Management_GeneratorContacts.Generator_Contact_TC" name="TC_016VerifyContactEmailTextFieldWithShortInputs" time="4.076"/>
  <testcase classname="Generator_Management_GeneratorContacts.Generator_Contact_TC" name="TC_007VerifyAddContactOpensDilogbox" time="2.083"/>
  <testcase classname="Generator_Management_GeneratorContacts.Generator_Contact_TC" name="TC_030VerifyPasswordTextFieldWithNumbers" time="2.158"/>
  <testcase classname="Generator_Management_GeneratorContacts.Generator_Contact_TC" name="TC_075VerifyMaskandUnMaskPasswordTextField" time="4.164"/>
  <testcase classname="Generator_Management_GeneratorContacts.Generator_Contact_TC" name="TC_067VerifyAbleToClickOnLogonGeneratorlink" time="10.180"/>
  <testcase classname="Generator_Management_GeneratorContacts.Generator_Contact_TC" name="TC_054VerifyDetailTableMatch" time="2.028"/>
  <testcase classname="Generator_Management_GeneratorContacts.Generator_Contact_TC" name="TC_056VerifyJobTitleDisplaedinList" time="2.064"/>
  <testcase classname="Generator_Management_GeneratorContacts.Generator_Contact_TC" name="TC_073VerifyAbleToPassSpecialCharactersinNewPasswordTextField" time="2.121"/>
  <testcase classname="Generator_Management_GeneratorContacts.Generator_Contact_TC" name="TC_010VerifyContactEmailTextFieldAcceptSpecialCharacters" time="2.184"/>
  <testcase classname="Generator_Management_GeneratorContacts.Generator_Contact_TC" name="TC_005VerifyCreatedDate" time="2.034"/>
  <testcase classname="Generator_Management_GeneratorContacts.Generator_Contact_TC" name="TC_004VerifyAddressPresenntBelowofNameandOctoID" time="2.081"/>
  <testcase classname="Generator_Management_GeneratorContacts.Generator_Contact_TC" name="TC_045VerifyProceedwithoutAccess" time="2.070"/>
  <testcase classname="Generator_Management_GeneratorContacts.Generator_Contact_TC" name="TC_035VerifycancelSelectedEmails" time="3.084"/>
  <testcase classname="Generator_Management_GeneratorContacts.Generator_Contact_TC" name="TC_003VerifyOctoIDandFormat" time="2.070"/>
  <testcase classname="Generator_Management_GeneratorContacts.Generator_Contact_TC" name="TC_058VerifyEmailDisplaedinList" time="7.785"/>
  <testcase classname="Generator_Management_GeneratorContacts.Generator_Contact_TC" name="TC_025VerifyContactEmailTextFieldacceptsSpecialCharacters" time="2.168"/>
  <testcase classname="Generator_Management_GeneratorContacts.Generator_Contact_TC" name="TC_044VerifyAbletoChangeAccess" time="2.003"/>
  <testcase classname="Generator_Management_GeneratorContacts.Generator_Contact_TC" name="TC_028VerifyPasswordisAbletoMaskandUnmask" time="4.128"/>
  <testcase classname="Generator_Management_GeneratorContacts.Generator_Contact_TC" name="TC_019VerifyContactExtTextFieldacceptAlphabets" time="2.132"/>
  <testcase classname="Generator_Management_GeneratorContacts.Generator_Contact_TC" name="TC_008VerifyContactNameTextFieldAcceptInputs" time="2.187"/>
  <testcase classname="Generator_Management_GeneratorContacts.Generator_Contact_TC" name="TC_057VerifyPhonenumberDisplaedinList" time="2.022"/>
  <testcase classname="Generator_Management_GeneratorContacts.Generator_Contact_TC" name="TC_069VerifyAbleToClickOnCancelButton" time="13.840"/>
  <testcase classname="Generator_Management_GeneratorContacts.Generator_Contact_TC" name="TC_036VerifyUrllinktextfieldAcceptsValidInput" time="2.181"/>
  <testcase classname="Generator_Management_GeneratorContacts.Generator_Contact_TC" name="TC_060VerifyContacWithoutPhoneNumber" time="40.727"/>
  <testcase classname="Generator_Management_GeneratorContacts.Generator_Contact_TC" name="TC_078VerifyAbletoPassSpecialCharactersinRetypePasswordTextField" time="2.144"/>
  <testcase classname="Generator_Management_GeneratorContacts.Generator_Contact_TC" name="TC_055VerifyContactNameIsDisplayedinList" time="2.036"/>
  <testcase classname="Generator_Management_GeneratorContacts.Generator_Contact_TC" name="TC_064VerifyAfteclickingonContactPopUpisAppear" time="2.622"/>
  <testcase classname="Generator_Management_GeneratorContacts.Generator_Contact_TC" name="TC_022VerifyContactWithoutEmail" time="2.174"/>
  <testcase classname="Generator_Management_GeneratorContacts.Generator_Contact_TC" name="TC_026VerifyContactEmailTextFieldWithAlreadyExistingUser" time="2.013"/>
  <testcase classname="Generator_Management_GeneratorContacts.Generator_Contact_TC" name="TC_015VerifyContactEmailTextFieldWithBlank" time="34.733"/>
  <testcase classname="Generator_Management_GeneratorContacts.Generator_Contact_TC" name="TC_043VerifyAccessFieldDefaultValues" time="32.039"/>
  <testcase classname="Generator_Management_GeneratorContacts.Generator_Contact_TC" name="TC_081VerifyDashboardPageAftesettingpassword" time="5.431"/>
  <testcase classname="Generator_Management_GeneratorContacts.Generator_Contact_TC" name="TC_082VerifyContactNamefromProfile" time="3.124"/>
  <testcase classname="Generator_Management_GeneratorContacts.Generator_Contact_TC" name="TC_013VerifyContactEmailTextFieldWithNumbers" time="2.145"/>
  <testcase classname="Generator_Management_GeneratorContacts.Generator_Contact_TC" name="TC_061VerifyEmailAppearsinListsAfterAdding" time="2.064"/>
  <testcase classname="Generator_Management_GeneratorContacts.Generator_Contact_TC" name="TC_002VerifyGeneratorName" time="2.056"/>
  <testcase classname="Generator_Management_GeneratorContacts.Generator_Contact_TC" name="TC_032VerifyPasswordTextFieldWithBlank" time="7.630"/>
  <testcase classname="Generator_Management_GeneratorContacts.Generator_Contact_TC" name="TC_074VerifyAbleToPassValidNewPasswordTextField" time="2.176"/>
  <testcase classname="Generator_Management_GeneratorContacts.Generator_Contact_TC" name="TC_021VerifyContactExtTextFieldacceptSpecialCharacters" time="2.101"/>
  <testcase classname="Generator_Management_GeneratorContacts.Generator_Contact_TC" name="TC_029VerifyPasswordTextFieldWithAlpahbets" time="2.171"/>
  <testcase classname="Generator_Management_GeneratorContacts.Generator_Contact_TC" name="TC_072VerifyAbleToPassNumbersinNewPasswordTextField" time="2.116"/>
  <testcase classname="Generator_Management_GeneratorContacts.Generator_Contact_TC" name="TC_009VerifyContactEmailTextFieldAcceptNumbers" time="2.161"/>
  <testcase classname="Generator_Management_GeneratorContacts.Generator_Contact_TC" name="TC_006VerifyContactListIconTooltip" time="2.201"/>
  <testcase classname="Generator_Management_GeneratorContacts.Generator_Contact_TC" name="TC_018VerifyContactExtTextFieldacceptInputs" time="2.128"/>
  <testcase classname="Generator_Management_GeneratorContacts.Generator_Contact_TC" name="TC_033VerifyEmailtextfieldprovideSuggestion" time="4.103"/>
  <testcase classname="Generator_Management_GeneratorContacts.Generator_Contact_TC" name="TC_047VerifyContactNoteTextfieldAcceptNumbers" time="2.176"/>
  <testcase classname="Generator_Management_GeneratorContacts.Generator_Contact_TC" name="TC_062VerifyContactStatusinLists" time="2.060"/>
  <testcase classname="Generator_Management_GeneratorContacts.Generator_Contact_TC" name="TC_065VerifyAbleToModifyExistingContact" time="7.500"/>
  <testcase classname="Generator_Management_GeneratorContacts.Generator_Contact_TC" name="TC_071VerifyAbleToPassAlphabetsinNewPasswordTextField" time="2.084"/>
  <testcase classname="Generator_Management_GeneratorContacts.Generator_Contact_TC" name="TC_001GeneratorContactsPage" time="41.343"/>
</testsuite> <!-- Generator_Management_GeneratorContacts.Generator_Contact_TC -->
