<?xml version="1.0" encoding="UTF-8"?>
<!-- Generated by org.testng.reporters.JUnitReportReporter -->
<testsuite hostname="RAJEEV" failures="0" tests="1" name="OctopussaasBillingSettings.TC_021PastYear2020WithDifferentInput" time="31.878" errors="0" timestamp="2026-04-29T16:21:43 IST" skipped="0">
  <testcase classname="OctopussaasBillingSettings.TC_021PastYear2020WithDifferentInput" name="TC_021PastYear2020TextFieldWithInput" time="31.878"/>
</testsuite> <!-- OctopussaasBillingSettings.TC_021PastYear2020WithDifferentInput -->
