<?xml version="1.0" encoding="UTF-8"?>
<testng-results ignored="0" total="24" passed="24" failed="0" skipped="0">
  <reporter-output>
  </reporter-output>
  <suite started-at="2026-07-15T10:06:10 IST" name="Default suite" finished-at="2026-07-15T10:09:09 IST" duration-ms="178252">
    <groups>
    </groups>
    <test started-at="2026-07-15T10:06:10 IST" name="Default test" finished-at="2026-07-15T10:09:09 IST" duration-ms="178252">
      <class name="Octopussaas_GeneratorInformation.Octopussaas_GeneratorInformation">
        <test-method is-config="true" signature="Bc()[pri:0, instance:Octopussaas_GeneratorInformation.Octopussaas_GeneratorInformation@489115ef]" started-at="2026-07-15T10:06:10 IST" name="Bc" finished-at="2026-07-15T10:06:32 IST" duration-ms="21712" status="PASS">
          <reporter-output>
          </reporter-output>
        </test-method> <!-- Bc -->
        <test-method is-config="true" signature="Bm()[pri:0, instance:Octopussaas_GeneratorInformation.Octopussaas_GeneratorInformation@489115ef]" started-at="2026-07-15T10:06:32 IST" name="Bm" finished-at="2026-07-15T10:06:32 IST" duration-ms="2" status="PASS">
          <reporter-output>
          </reporter-output>
        </test-method> <!-- Bm -->
        <test-method signature="TC_088VerifyContractedcheckboxwithClick()[pri:1, instance:Octopussaas_GeneratorInformation.Octopussaas_GeneratorInformation@489115ef]" started-at="2026-07-15T10:06:32 IST" name="TC_088VerifyContractedcheckboxwithClick" finished-at="2026-07-15T10:07:26 IST" duration-ms="53798" status="PASS">
          <reporter-output>
          </reporter-output>
        </test-method> <!-- TC_088VerifyContractedcheckboxwithClick -->
        <test-method is-config="true" signature="Am()[pri:0, instance:Octopussaas_GeneratorInformation.Octopussaas_GeneratorInformation@489115ef]" started-at="2026-07-15T10:07:26 IST" name="Am" finished-at="2026-07-15T10:07:28 IST" duration-ms="2023" status="PASS">
          <reporter-output>
          </reporter-output>
        </test-method> <!-- Am -->
        <test-method is-config="true" signature="Bm()[pri:0, instance:Octopussaas_GeneratorInformation.Octopussaas_GeneratorInformation@489115ef]" started-at="2026-07-15T10:07:28 IST" name="Bm" finished-at="2026-07-15T10:07:28 IST" duration-ms="10" status="PASS">
          <reporter-output>
          </reporter-output>
        </test-method> <!-- Bm -->
        <test-method signature="TC_089VerifycontractedcheckboxwithClick_withaddingInformation()[pri:0, instance:Octopussaas_GeneratorInformation.Octopussaas_GeneratorInformation@489115ef]" started-at="2026-07-15T10:07:28 IST" name="TC_089VerifycontractedcheckboxwithClick_withaddingInformation" finished-at="2026-07-15T10:07:38 IST" depends-on-methods="Octopussaas_GeneratorInformation.Octopussaas_GeneratorInformation.TC_088VerifyContractedcheckboxwithClick" duration-ms="9941" status="PASS">
          <reporter-output>
          </reporter-output>
        </test-method> <!-- TC_089VerifycontractedcheckboxwithClick_withaddingInformation -->
        <test-method is-config="true" signature="Am()[pri:0, instance:Octopussaas_GeneratorInformation.Octopussaas_GeneratorInformation@489115ef]" started-at="2026-07-15T10:07:38 IST" name="Am" finished-at="2026-07-15T10:07:40 IST" duration-ms="2016" status="PASS">
          <reporter-output>
          </reporter-output>
        </test-method> <!-- Am -->
        <test-method is-config="true" signature="Bm()[pri:0, instance:Octopussaas_GeneratorInformation.Octopussaas_GeneratorInformation@489115ef]" started-at="2026-07-15T10:07:40 IST" name="Bm" finished-at="2026-07-15T10:07:40 IST" duration-ms="0" status="PASS">
          <reporter-output>
          </reporter-output>
        </test-method> <!-- Bm -->
        <test-method signature="TC_090VerifycheckboxwithoutGeneratorBilling()[pri:0, instance:Octopussaas_GeneratorInformation.Octopussaas_GeneratorInformation@489115ef]" started-at="2026-07-15T10:07:40 IST" name="TC_090VerifycheckboxwithoutGeneratorBilling" finished-at="2026-07-15T10:07:49 IST" depends-on-methods="Octopussaas_GeneratorInformation.Octopussaas_GeneratorInformation.TC_089VerifycontractedcheckboxwithClick_withaddingInformation" duration-ms="8508" status="PASS">
          <reporter-output>
          </reporter-output>
        </test-method> <!-- TC_090VerifycheckboxwithoutGeneratorBilling -->
        <test-method is-config="true" signature="Am()[pri:0, instance:Octopussaas_GeneratorInformation.Octopussaas_GeneratorInformation@489115ef]" started-at="2026-07-15T10:07:49 IST" name="Am" finished-at="2026-07-15T10:07:51 IST" duration-ms="2006" status="PASS">
          <reporter-output>
          </reporter-output>
        </test-method> <!-- Am -->
        <test-method signature="TC_104VerifyAttentionwithAlphabets()[pri:0, instance:Octopussaas_GeneratorInformation.Octopussaas_GeneratorInformation@489115ef]" started-at="2026-07-15T10:07:51 IST" name="TC_104VerifyAttentionwithAlphabets" finished-at="2026-07-15T10:07:55 IST" depends-on-methods="Octopussaas_GeneratorInformation.Octopussaas_GeneratorInformation.TC_090VerifycheckboxwithoutGeneratorBilling" duration-ms="3930" status="PASS">
          <reporter-output>
          </reporter-output>
        </test-method> <!-- TC_104VerifyAttentionwithAlphabets -->
        <test-method is-config="true" signature="Bm()[pri:0, instance:Octopussaas_GeneratorInformation.Octopussaas_GeneratorInformation@489115ef]" started-at="2026-07-15T10:07:51 IST" name="Bm" finished-at="2026-07-15T10:07:51 IST" duration-ms="0" status="PASS">
          <reporter-output>
          </reporter-output>
        </test-method> <!-- Bm -->
        <test-method is-config="true" signature="Am()[pri:0, instance:Octopussaas_GeneratorInformation.Octopussaas_GeneratorInformation@489115ef]" started-at="2026-07-15T10:07:55 IST" name="Am" finished-at="2026-07-15T10:07:57 IST" duration-ms="2014" status="PASS">
          <reporter-output>
          </reporter-output>
        </test-method> <!-- Am -->
        <test-method signature="TC_105VerifyAttentionwithNumbers()[pri:0, instance:Octopussaas_GeneratorInformation.Octopussaas_GeneratorInformation@489115ef]" started-at="2026-07-15T10:07:57 IST" name="TC_105VerifyAttentionwithNumbers" finished-at="2026-07-15T10:07:58 IST" depends-on-methods="Octopussaas_GeneratorInformation.Octopussaas_GeneratorInformation.TC_104VerifyAttentionwithAlphabets" duration-ms="1049" status="PASS">
          <reporter-output>
          </reporter-output>
        </test-method> <!-- TC_105VerifyAttentionwithNumbers -->
        <test-method is-config="true" signature="Bm()[pri:0, instance:Octopussaas_GeneratorInformation.Octopussaas_GeneratorInformation@489115ef]" started-at="2026-07-15T10:07:57 IST" name="Bm" finished-at="2026-07-15T10:07:57 IST" duration-ms="0" status="PASS">
          <reporter-output>
          </reporter-output>
        </test-method> <!-- Bm -->
        <test-method is-config="true" signature="Am()[pri:0, instance:Octopussaas_GeneratorInformation.Octopussaas_GeneratorInformation@489115ef]" started-at="2026-07-15T10:07:58 IST" name="Am" finished-at="2026-07-15T10:08:00 IST" duration-ms="2011" status="PASS">
          <reporter-output>
          </reporter-output>
        </test-method> <!-- Am -->
        <test-method signature="TC_106VerifyAttentionwithSpecialcharacters()[pri:0, instance:Octopussaas_GeneratorInformation.Octopussaas_GeneratorInformation@489115ef]" started-at="2026-07-15T10:08:00 IST" name="TC_106VerifyAttentionwithSpecialcharacters" finished-at="2026-07-15T10:08:00 IST" depends-on-methods="Octopussaas_GeneratorInformation.Octopussaas_GeneratorInformation.TC_105VerifyAttentionwithNumbers" duration-ms="717" status="PASS">
          <reporter-output>
          </reporter-output>
        </test-method> <!-- TC_106VerifyAttentionwithSpecialcharacters -->
        <test-method is-config="true" signature="Bm()[pri:0, instance:Octopussaas_GeneratorInformation.Octopussaas_GeneratorInformation@489115ef]" started-at="2026-07-15T10:08:00 IST" name="Bm" finished-at="2026-07-15T10:08:00 IST" duration-ms="0" status="PASS">
          <reporter-output>
          </reporter-output>
        </test-method> <!-- Bm -->
        <test-method is-config="true" signature="Am()[pri:0, instance:Octopussaas_GeneratorInformation.Octopussaas_GeneratorInformation@489115ef]" started-at="2026-07-15T10:08:00 IST" name="Am" finished-at="2026-07-15T10:08:02 IST" duration-ms="2007" status="PASS">
          <reporter-output>
          </reporter-output>
        </test-method> <!-- Am -->
        <test-method signature="TC_107VerifyStreetwithalphabets()[pri:0, instance:Octopussaas_GeneratorInformation.Octopussaas_GeneratorInformation@489115ef]" started-at="2026-07-15T10:08:02 IST" name="TC_107VerifyStreetwithalphabets" finished-at="2026-07-15T10:08:03 IST" depends-on-methods="Octopussaas_GeneratorInformation.Octopussaas_GeneratorInformation.TC_106VerifyAttentionwithSpecialcharacters" duration-ms="801" status="PASS">
          <reporter-output>
          </reporter-output>
        </test-method> <!-- TC_107VerifyStreetwithalphabets -->
        <test-method is-config="true" signature="Bm()[pri:0, instance:Octopussaas_GeneratorInformation.Octopussaas_GeneratorInformation@489115ef]" started-at="2026-07-15T10:08:02 IST" name="Bm" finished-at="2026-07-15T10:08:02 IST" duration-ms="0" status="PASS">
          <reporter-output>
          </reporter-output>
        </test-method> <!-- Bm -->
        <test-method is-config="true" signature="Am()[pri:0, instance:Octopussaas_GeneratorInformation.Octopussaas_GeneratorInformation@489115ef]" started-at="2026-07-15T10:08:03 IST" name="Am" finished-at="2026-07-15T10:08:05 IST" duration-ms="2010" status="PASS">
          <reporter-output>
          </reporter-output>
        </test-method> <!-- Am -->
        <test-method is-config="true" signature="Bm()[pri:0, instance:Octopussaas_GeneratorInformation.Octopussaas_GeneratorInformation@489115ef]" started-at="2026-07-15T10:08:05 IST" name="Bm" finished-at="2026-07-15T10:08:05 IST" duration-ms="2" status="PASS">
          <reporter-output>
          </reporter-output>
        </test-method> <!-- Bm -->
        <test-method signature="TC_108VerifyStreetwithnumbers()[pri:0, instance:Octopussaas_GeneratorInformation.Octopussaas_GeneratorInformation@489115ef]" started-at="2026-07-15T10:08:05 IST" name="TC_108VerifyStreetwithnumbers" finished-at="2026-07-15T10:08:06 IST" depends-on-methods="Octopussaas_GeneratorInformation.Octopussaas_GeneratorInformation.TC_107VerifyStreetwithalphabets" duration-ms="633" status="PASS">
          <reporter-output>
          </reporter-output>
        </test-method> <!-- TC_108VerifyStreetwithnumbers -->
        <test-method is-config="true" signature="Am()[pri:0, instance:Octopussaas_GeneratorInformation.Octopussaas_GeneratorInformation@489115ef]" started-at="2026-07-15T10:08:06 IST" name="Am" finished-at="2026-07-15T10:08:08 IST" duration-ms="2011" status="PASS">
          <reporter-output>
          </reporter-output>
        </test-method> <!-- Am -->
        <test-method signature="TC_109VerifyStreetwithSpecialcharacters()[pri:0, instance:Octopussaas_GeneratorInformation.Octopussaas_GeneratorInformation@489115ef]" started-at="2026-07-15T10:08:08 IST" name="TC_109VerifyStreetwithSpecialcharacters" finished-at="2026-07-15T10:08:09 IST" depends-on-methods="Octopussaas_GeneratorInformation.Octopussaas_GeneratorInformation.TC_108VerifyStreetwithnumbers" duration-ms="836" status="PASS">
          <reporter-output>
          </reporter-output>
        </test-method> <!-- TC_109VerifyStreetwithSpecialcharacters -->
        <test-method is-config="true" signature="Bm()[pri:0, instance:Octopussaas_GeneratorInformation.Octopussaas_GeneratorInformation@489115ef]" started-at="2026-07-15T10:08:08 IST" name="Bm" finished-at="2026-07-15T10:08:08 IST" duration-ms="0" status="PASS">
          <reporter-output>
          </reporter-output>
        </test-method> <!-- Bm -->
        <test-method is-config="true" signature="Am()[pri:0, instance:Octopussaas_GeneratorInformation.Octopussaas_GeneratorInformation@489115ef]" started-at="2026-07-15T10:08:09 IST" name="Am" finished-at="2026-07-15T10:08:11 IST" duration-ms="2016" status="PASS">
          <reporter-output>
          </reporter-output>
        </test-method> <!-- Am -->
        <test-method signature="TC_111VerifyStreetwithAddressuggesstions()[pri:0, instance:Octopussaas_GeneratorInformation.Octopussaas_GeneratorInformation@489115ef]" started-at="2026-07-15T10:08:11 IST" name="TC_111VerifyStreetwithAddressuggesstions" finished-at="2026-07-15T10:08:13 IST" depends-on-methods="Octopussaas_GeneratorInformation.Octopussaas_GeneratorInformation.TC_109VerifyStreetwithSpecialcharacters" duration-ms="2453" status="PASS">
          <reporter-output>
          </reporter-output>
        </test-method> <!-- TC_111VerifyStreetwithAddressuggesstions -->
        <test-method is-config="true" signature="Bm()[pri:0, instance:Octopussaas_GeneratorInformation.Octopussaas_GeneratorInformation@489115ef]" started-at="2026-07-15T10:08:11 IST" name="Bm" finished-at="2026-07-15T10:08:11 IST" duration-ms="0" status="PASS">
          <reporter-output>
          </reporter-output>
        </test-method> <!-- Bm -->
        <test-method is-config="true" signature="Am()[pri:0, instance:Octopussaas_GeneratorInformation.Octopussaas_GeneratorInformation@489115ef]" started-at="2026-07-15T10:08:13 IST" name="Am" finished-at="2026-07-15T10:08:15 IST" duration-ms="2020" status="PASS">
          <reporter-output>
          </reporter-output>
        </test-method> <!-- Am -->
        <test-method signature="TC_112VerifyStreetwithAutofills()[pri:0, instance:Octopussaas_GeneratorInformation.Octopussaas_GeneratorInformation@489115ef]" started-at="2026-07-15T10:08:15 IST" name="TC_112VerifyStreetwithAutofills" finished-at="2026-07-15T10:08:17 IST" depends-on-methods="Octopussaas_GeneratorInformation.Octopussaas_GeneratorInformation.TC_111VerifyStreetwithAddressuggesstions" duration-ms="2317" status="PASS">
          <reporter-output>
          </reporter-output>
        </test-method> <!-- TC_112VerifyStreetwithAutofills -->
        <test-method is-config="true" signature="Bm()[pri:0, instance:Octopussaas_GeneratorInformation.Octopussaas_GeneratorInformation@489115ef]" started-at="2026-07-15T10:08:15 IST" name="Bm" finished-at="2026-07-15T10:08:15 IST" duration-ms="0" status="PASS">
          <reporter-output>
          </reporter-output>
        </test-method> <!-- Bm -->
        <test-method is-config="true" signature="Am()[pri:0, instance:Octopussaas_GeneratorInformation.Octopussaas_GeneratorInformation@489115ef]" started-at="2026-07-15T10:08:17 IST" name="Am" finished-at="2026-07-15T10:08:19 IST" duration-ms="2008" status="PASS">
          <reporter-output>
          </reporter-output>
        </test-method> <!-- Am -->
        <test-method signature="TC_113VerifyStatewithAutosave()[pri:0, instance:Octopussaas_GeneratorInformation.Octopussaas_GeneratorInformation@489115ef]" started-at="2026-07-15T10:08:19 IST" name="TC_113VerifyStatewithAutosave" finished-at="2026-07-15T10:08:24 IST" depends-on-methods="Octopussaas_GeneratorInformation.Octopussaas_GeneratorInformation.TC_112VerifyStreetwithAutofills" duration-ms="4891" status="PASS">
          <reporter-output>
          </reporter-output>
        </test-method> <!-- TC_113VerifyStatewithAutosave -->
        <test-method is-config="true" signature="Bm()[pri:0, instance:Octopussaas_GeneratorInformation.Octopussaas_GeneratorInformation@489115ef]" started-at="2026-07-15T10:08:19 IST" name="Bm" finished-at="2026-07-15T10:08:19 IST" duration-ms="0" status="PASS">
          <reporter-output>
          </reporter-output>
        </test-method> <!-- Bm -->
        <test-method is-config="true" signature="Am()[pri:0, instance:Octopussaas_GeneratorInformation.Octopussaas_GeneratorInformation@489115ef]" started-at="2026-07-15T10:08:24 IST" name="Am" finished-at="2026-07-15T10:08:26 IST" duration-ms="2015" status="PASS">
          <reporter-output>
          </reporter-output>
        </test-method> <!-- Am -->
        <test-method is-config="true" signature="Bm()[pri:0, instance:Octopussaas_GeneratorInformation.Octopussaas_GeneratorInformation@489115ef]" started-at="2026-07-15T10:08:26 IST" name="Bm" finished-at="2026-07-15T10:08:26 IST" duration-ms="4" status="PASS">
          <reporter-output>
          </reporter-output>
        </test-method> <!-- Bm -->
        <test-method signature="TC_114VerifySuitewithalphabets()[pri:0, instance:Octopussaas_GeneratorInformation.Octopussaas_GeneratorInformation@489115ef]" started-at="2026-07-15T10:08:26 IST" name="TC_114VerifySuitewithalphabets" finished-at="2026-07-15T10:08:27 IST" depends-on-methods="Octopussaas_GeneratorInformation.Octopussaas_GeneratorInformation.TC_113VerifyStatewithAutosave" duration-ms="679" status="PASS">
          <reporter-output>
          </reporter-output>
        </test-method> <!-- TC_114VerifySuitewithalphabets -->
        <test-method is-config="true" signature="Am()[pri:0, instance:Octopussaas_GeneratorInformation.Octopussaas_GeneratorInformation@489115ef]" started-at="2026-07-15T10:08:27 IST" name="Am" finished-at="2026-07-15T10:08:29 IST" duration-ms="2005" status="PASS">
          <reporter-output>
          </reporter-output>
        </test-method> <!-- Am -->
        <test-method is-config="true" signature="Bm()[pri:0, instance:Octopussaas_GeneratorInformation.Octopussaas_GeneratorInformation@489115ef]" started-at="2026-07-15T10:08:29 IST" name="Bm" finished-at="2026-07-15T10:08:29 IST" duration-ms="7" status="PASS">
          <reporter-output>
          </reporter-output>
        </test-method> <!-- Bm -->
        <test-method signature="TC_115VerifySuitewithnumbers()[pri:0, instance:Octopussaas_GeneratorInformation.Octopussaas_GeneratorInformation@489115ef]" started-at="2026-07-15T10:08:29 IST" name="TC_115VerifySuitewithnumbers" finished-at="2026-07-15T10:08:30 IST" depends-on-methods="Octopussaas_GeneratorInformation.Octopussaas_GeneratorInformation.TC_114VerifySuitewithalphabets" duration-ms="663" status="PASS">
          <reporter-output>
          </reporter-output>
        </test-method> <!-- TC_115VerifySuitewithnumbers -->
        <test-method is-config="true" signature="Am()[pri:0, instance:Octopussaas_GeneratorInformation.Octopussaas_GeneratorInformation@489115ef]" started-at="2026-07-15T10:08:30 IST" name="Am" finished-at="2026-07-15T10:08:32 IST" duration-ms="2015" status="PASS">
          <reporter-output>
          </reporter-output>
        </test-method> <!-- Am -->
        <test-method signature="TC_116Verifysuitewithspecialcharacters()[pri:0, instance:Octopussaas_GeneratorInformation.Octopussaas_GeneratorInformation@489115ef]" started-at="2026-07-15T10:08:32 IST" name="TC_116Verifysuitewithspecialcharacters" finished-at="2026-07-15T10:08:32 IST" depends-on-methods="Octopussaas_GeneratorInformation.Octopussaas_GeneratorInformation.TC_115VerifySuitewithnumbers" duration-ms="567" status="PASS">
          <reporter-output>
          </reporter-output>
        </test-method> <!-- TC_116Verifysuitewithspecialcharacters -->
        <test-method is-config="true" signature="Bm()[pri:0, instance:Octopussaas_GeneratorInformation.Octopussaas_GeneratorInformation@489115ef]" started-at="2026-07-15T10:08:32 IST" name="Bm" finished-at="2026-07-15T10:08:32 IST" duration-ms="0" status="PASS">
          <reporter-output>
          </reporter-output>
        </test-method> <!-- Bm -->
        <test-method is-config="true" signature="Am()[pri:0, instance:Octopussaas_GeneratorInformation.Octopussaas_GeneratorInformation@489115ef]" started-at="2026-07-15T10:08:32 IST" name="Am" finished-at="2026-07-15T10:08:34 IST" duration-ms="2021" status="PASS">
          <reporter-output>
          </reporter-output>
        </test-method> <!-- Am -->
        <test-method signature="TC_117VerifySuitewithBlank()[pri:0, instance:Octopussaas_GeneratorInformation.Octopussaas_GeneratorInformation@489115ef]" started-at="2026-07-15T10:08:34 IST" name="TC_117VerifySuitewithBlank" finished-at="2026-07-15T10:08:35 IST" depends-on-methods="Octopussaas_GeneratorInformation.Octopussaas_GeneratorInformation.TC_116Verifysuitewithspecialcharacters" duration-ms="356" status="PASS">
          <reporter-output>
          </reporter-output>
        </test-method> <!-- TC_117VerifySuitewithBlank -->
        <test-method is-config="true" signature="Bm()[pri:0, instance:Octopussaas_GeneratorInformation.Octopussaas_GeneratorInformation@489115ef]" started-at="2026-07-15T10:08:34 IST" name="Bm" finished-at="2026-07-15T10:08:34 IST" duration-ms="0" status="PASS">
          <reporter-output>
          </reporter-output>
        </test-method> <!-- Bm -->
        <test-method is-config="true" signature="Am()[pri:0, instance:Octopussaas_GeneratorInformation.Octopussaas_GeneratorInformation@489115ef]" started-at="2026-07-15T10:08:35 IST" name="Am" finished-at="2026-07-15T10:08:37 IST" duration-ms="2013" status="PASS">
          <reporter-output>
          </reporter-output>
        </test-method> <!-- Am -->
        <test-method signature="TC_118VerifySuitewithAutosave()[pri:0, instance:Octopussaas_GeneratorInformation.Octopussaas_GeneratorInformation@489115ef]" started-at="2026-07-15T10:08:37 IST" name="TC_118VerifySuitewithAutosave" finished-at="2026-07-15T10:08:37 IST" depends-on-methods="Octopussaas_GeneratorInformation.Octopussaas_GeneratorInformation.TC_117VerifySuitewithBlank" duration-ms="622" status="PASS">
          <reporter-output>
          </reporter-output>
        </test-method> <!-- TC_118VerifySuitewithAutosave -->
        <test-method is-config="true" signature="Bm()[pri:0, instance:Octopussaas_GeneratorInformation.Octopussaas_GeneratorInformation@489115ef]" started-at="2026-07-15T10:08:37 IST" name="Bm" finished-at="2026-07-15T10:08:37 IST" duration-ms="0" status="PASS">
          <reporter-output>
          </reporter-output>
        </test-method> <!-- Bm -->
        <test-method is-config="true" signature="Am()[pri:0, instance:Octopussaas_GeneratorInformation.Octopussaas_GeneratorInformation@489115ef]" started-at="2026-07-15T10:08:37 IST" name="Am" finished-at="2026-07-15T10:08:39 IST" duration-ms="2004" status="PASS">
          <reporter-output>
          </reporter-output>
        </test-method> <!-- Am -->
        <test-method signature="TC_119VerifyCitywithalphabets()[pri:0, instance:Octopussaas_GeneratorInformation.Octopussaas_GeneratorInformation@489115ef]" started-at="2026-07-15T10:08:39 IST" name="TC_119VerifyCitywithalphabets" finished-at="2026-07-15T10:08:40 IST" depends-on-methods="Octopussaas_GeneratorInformation.Octopussaas_GeneratorInformation.TC_118VerifySuitewithAutosave" duration-ms="755" status="PASS">
          <reporter-output>
          </reporter-output>
        </test-method> <!-- TC_119VerifyCitywithalphabets -->
        <test-method is-config="true" signature="Bm()[pri:0, instance:Octopussaas_GeneratorInformation.Octopussaas_GeneratorInformation@489115ef]" started-at="2026-07-15T10:08:39 IST" name="Bm" finished-at="2026-07-15T10:08:39 IST" duration-ms="0" status="PASS">
          <reporter-output>
          </reporter-output>
        </test-method> <!-- Bm -->
        <test-method is-config="true" signature="Am()[pri:0, instance:Octopussaas_GeneratorInformation.Octopussaas_GeneratorInformation@489115ef]" started-at="2026-07-15T10:08:40 IST" name="Am" finished-at="2026-07-15T10:08:42 IST" duration-ms="2008" status="PASS">
          <reporter-output>
          </reporter-output>
        </test-method> <!-- Am -->
        <test-method signature="TC_120VerifyCitywithnumbers()[pri:0, instance:Octopussaas_GeneratorInformation.Octopussaas_GeneratorInformation@489115ef]" started-at="2026-07-15T10:08:42 IST" name="TC_120VerifyCitywithnumbers" finished-at="2026-07-15T10:08:43 IST" depends-on-methods="Octopussaas_GeneratorInformation.Octopussaas_GeneratorInformation.TC_119VerifyCitywithalphabets" duration-ms="601" status="PASS">
          <reporter-output>
          </reporter-output>
        </test-method> <!-- TC_120VerifyCitywithnumbers -->
        <test-method is-config="true" signature="Bm()[pri:0, instance:Octopussaas_GeneratorInformation.Octopussaas_GeneratorInformation@489115ef]" started-at="2026-07-15T10:08:42 IST" name="Bm" finished-at="2026-07-15T10:08:42 IST" duration-ms="0" status="PASS">
          <reporter-output>
          </reporter-output>
        </test-method> <!-- Bm -->
        <test-method is-config="true" signature="Am()[pri:0, instance:Octopussaas_GeneratorInformation.Octopussaas_GeneratorInformation@489115ef]" started-at="2026-07-15T10:08:43 IST" name="Am" finished-at="2026-07-15T10:08:45 IST" duration-ms="2008" status="PASS">
          <reporter-output>
          </reporter-output>
        </test-method> <!-- Am -->
        <test-method signature="TC_121VerifyCitywithspecialcharacters()[pri:0, instance:Octopussaas_GeneratorInformation.Octopussaas_GeneratorInformation@489115ef]" started-at="2026-07-15T10:08:45 IST" name="TC_121VerifyCitywithspecialcharacters" finished-at="2026-07-15T10:08:45 IST" depends-on-methods="Octopussaas_GeneratorInformation.Octopussaas_GeneratorInformation.TC_120VerifyCitywithnumbers" duration-ms="633" status="PASS">
          <reporter-output>
          </reporter-output>
        </test-method> <!-- TC_121VerifyCitywithspecialcharacters -->
        <test-method is-config="true" signature="Bm()[pri:0, instance:Octopussaas_GeneratorInformation.Octopussaas_GeneratorInformation@489115ef]" started-at="2026-07-15T10:08:45 IST" name="Bm" finished-at="2026-07-15T10:08:45 IST" duration-ms="0" status="PASS">
          <reporter-output>
          </reporter-output>
        </test-method> <!-- Bm -->
        <test-method is-config="true" signature="Am()[pri:0, instance:Octopussaas_GeneratorInformation.Octopussaas_GeneratorInformation@489115ef]" started-at="2026-07-15T10:08:45 IST" name="Am" finished-at="2026-07-15T10:08:47 IST" duration-ms="2013" status="PASS">
          <reporter-output>
          </reporter-output>
        </test-method> <!-- Am -->
        <test-method signature="TC_123VerifycitywithAutosave()[pri:0, instance:Octopussaas_GeneratorInformation.Octopussaas_GeneratorInformation@489115ef]" started-at="2026-07-15T10:08:47 IST" name="TC_123VerifycitywithAutosave" finished-at="2026-07-15T10:08:48 IST" depends-on-methods="Octopussaas_GeneratorInformation.Octopussaas_GeneratorInformation.TC_121VerifyCitywithspecialcharacters" duration-ms="537" status="PASS">
          <reporter-output>
          </reporter-output>
        </test-method> <!-- TC_123VerifycitywithAutosave -->
        <test-method is-config="true" signature="Bm()[pri:0, instance:Octopussaas_GeneratorInformation.Octopussaas_GeneratorInformation@489115ef]" started-at="2026-07-15T10:08:47 IST" name="Bm" finished-at="2026-07-15T10:08:47 IST" duration-ms="0" status="PASS">
          <reporter-output>
          </reporter-output>
        </test-method> <!-- Bm -->
        <test-method is-config="true" signature="Am()[pri:0, instance:Octopussaas_GeneratorInformation.Octopussaas_GeneratorInformation@489115ef]" started-at="2026-07-15T10:08:48 IST" name="Am" finished-at="2026-07-15T10:08:50 IST" duration-ms="2022" status="PASS">
          <reporter-output>
          </reporter-output>
        </test-method> <!-- Am -->
        <test-method signature="TC_125VerifyStatewithOPtions()[pri:0, instance:Octopussaas_GeneratorInformation.Octopussaas_GeneratorInformation@489115ef]" started-at="2026-07-15T10:08:50 IST" name="TC_125VerifyStatewithOPtions" finished-at="2026-07-15T10:09:01 IST" depends-on-methods="Octopussaas_GeneratorInformation.Octopussaas_GeneratorInformation.TC_123VerifycitywithAutosave" duration-ms="10700" status="PASS">
          <reporter-output>
          </reporter-output>
        </test-method> <!-- TC_125VerifyStatewithOPtions -->
        <test-method is-config="true" signature="Bm()[pri:0, instance:Octopussaas_GeneratorInformation.Octopussaas_GeneratorInformation@489115ef]" started-at="2026-07-15T10:08:50 IST" name="Bm" finished-at="2026-07-15T10:08:50 IST" duration-ms="0" status="PASS">
          <reporter-output>
          </reporter-output>
        </test-method> <!-- Bm -->
        <test-method is-config="true" signature="Am()[pri:0, instance:Octopussaas_GeneratorInformation.Octopussaas_GeneratorInformation@489115ef]" started-at="2026-07-15T10:09:01 IST" name="Am" finished-at="2026-07-15T10:09:03 IST" duration-ms="2007" status="PASS">
          <reporter-output>
          </reporter-output>
        </test-method> <!-- Am -->
        <test-method signature="TC_126VerifyStatewithselection()[pri:0, instance:Octopussaas_GeneratorInformation.Octopussaas_GeneratorInformation@489115ef]" started-at="2026-07-15T10:09:03 IST" name="TC_126VerifyStatewithselection" finished-at="2026-07-15T10:09:04 IST" depends-on-methods="Octopussaas_GeneratorInformation.Octopussaas_GeneratorInformation.TC_125VerifyStatewithOPtions" duration-ms="1426" status="PASS">
          <reporter-output>
          </reporter-output>
        </test-method> <!-- TC_126VerifyStatewithselection -->
        <test-method is-config="true" signature="Bm()[pri:0, instance:Octopussaas_GeneratorInformation.Octopussaas_GeneratorInformation@489115ef]" started-at="2026-07-15T10:09:03 IST" name="Bm" finished-at="2026-07-15T10:09:03 IST" duration-ms="0" status="PASS">
          <reporter-output>
          </reporter-output>
        </test-method> <!-- Bm -->
        <test-method is-config="true" signature="Am()[pri:0, instance:Octopussaas_GeneratorInformation.Octopussaas_GeneratorInformation@489115ef]" started-at="2026-07-15T10:09:04 IST" name="Am" finished-at="2026-07-15T10:09:06 IST" duration-ms="2008" status="PASS">
          <reporter-output>
          </reporter-output>
        </test-method> <!-- Am -->
        <test-method signature="TC_128VerifyZipcodewithalphabets()[pri:0, instance:Octopussaas_GeneratorInformation.Octopussaas_GeneratorInformation@489115ef]" started-at="2026-07-15T10:09:06 IST" name="TC_128VerifyZipcodewithalphabets" finished-at="2026-07-15T10:09:07 IST" depends-on-methods="Octopussaas_GeneratorInformation.Octopussaas_GeneratorInformation.TC_126VerifyStatewithselection" duration-ms="547" status="PASS">
          <reporter-output>
          </reporter-output>
        </test-method> <!-- TC_128VerifyZipcodewithalphabets -->
        <test-method is-config="true" signature="Bm()[pri:0, instance:Octopussaas_GeneratorInformation.Octopussaas_GeneratorInformation@489115ef]" started-at="2026-07-15T10:09:06 IST" name="Bm" finished-at="2026-07-15T10:09:06 IST" duration-ms="0" status="PASS">
          <reporter-output>
          </reporter-output>
        </test-method> <!-- Bm -->
        <test-method is-config="true" signature="Am()[pri:0, instance:Octopussaas_GeneratorInformation.Octopussaas_GeneratorInformation@489115ef]" started-at="2026-07-15T10:09:07 IST" name="Am" finished-at="2026-07-15T10:09:09 IST" duration-ms="2006" status="PASS">
          <reporter-output>
          </reporter-output>
        </test-method> <!-- Am -->
      </class> <!-- Octopussaas_GeneratorInformation.Octopussaas_GeneratorInformation -->
    </test> <!-- Default test -->
  </suite> <!-- Default suite -->
</testng-results>
