<?xml version="1.0" encoding="UTF-8"?>
<!-- Generated by org.testng.reporters.JUnitXMLReporter -->
<testsuite ignored="0" hostname="RAJEEV" failures="3" tests="313" name="Test" time="2523.395" errors="0" timestamp="2026-08-25T14:34:27 IST">
  <testcase classname="com.Octopussaas.BaseUtility.BaseclassForSignUpPage" name="@BeforeMethod Bm" time="182.17">
    <failure type="org.openqa.selenium.TimeoutException" message="java.util.concurrent.TimeoutException
Build info: version: &amp;apos;4.34.0&amp;apos;, revision: &amp;apos;707dcb4246*&amp;apos;
System info: os.name: &amp;apos;Windows 11&amp;apos;, os.arch: &amp;apos;amd64&amp;apos;, os.version: &amp;apos;10.0&amp;apos;, java.version: &amp;apos;11.0.21&amp;apos;
Driver info: org.openqa.selenium.chrome.ChromeDriver
Command: [b11c8437ebb48768a1213b8cb5097e2f, get {url=https://dev.octopussaas.com/}]
Capabilities {acceptInsecureCerts: false, browserName: chrome, browserVersion: 151.0.7922.174, chrome: {chromedriverVersion: 151.0.7922.138 (41fa8244239..., userDataDir: C:\Users\Rajeev nandi\AppDa...}, fedcm:accounts: true, goog:chromeOptions: {debuggerAddress: localhost:58357}, goog:processID: 34696, networkConnectionEnabled: false, pageLoadStrategy: normal, platformName: windows, proxy: Proxy(), se:cdp: ws://localhost:58357/devtoo..., se:cdpVersion: 151.0.7922.174, setWindowRect: true, strictFileInteractability: false, timeouts: {implicit: 0, pageLoad: 300000, script: 30000}, unhandledPromptBehavior: dismiss and notify, webauthn:extension:credBlob: true, webauthn:extension:largeBlob: true, webauthn:extension:minPinLength: true, webauthn:extension:prf: true, webauthn:virtualAuthenticators: true}
Session ID: b11c8437ebb48768a1213b8cb5097e2f">
      <![CDATA[org.openqa.selenium.TimeoutException: java.util.concurrent.TimeoutException
Build info: version: '4.34.0', revision: '707dcb4246*'
System info: os.name: 'Windows 11', os.arch: 'amd64', os.version: '10.0', java.version: '11.0.21'
Driver info: org.openqa.selenium.chrome.ChromeDriver
Command: [b11c8437ebb48768a1213b8cb5097e2f, get {url=https://dev.octopussaas.com/}]
Capabilities {acceptInsecureCerts: false, browserName: chrome, browserVersion: 151.0.7922.174, chrome: {chromedriverVersion: 151.0.7922.138 (41fa8244239..., userDataDir: C:\Users\Rajeev nandi\AppDa...}, fedcm:accounts: true, goog:chromeOptions: {debuggerAddress: localhost:58357}, goog:processID: 34696, networkConnectionEnabled: false, pageLoadStrategy: normal, platformName: windows, proxy: Proxy(), se:cdp: ws://localhost:58357/devtoo..., se:cdpVersion: 151.0.7922.174, setWindowRect: true, strictFileInteractability: false, timeouts: {implicit: 0, pageLoad: 300000, script: 30000}, unhandledPromptBehavior: dismiss and notify, webauthn:extension:credBlob: true, webauthn:extension:largeBlob: true, webauthn:extension:minPinLength: true, webauthn:extension:prf: true, webauthn:virtualAuthenticators: true}
Session ID: b11c8437ebb48768a1213b8cb5097e2f
at org.openqa.selenium.remote.http.jdk.JdkHttpClient.execute(JdkHttpClient.java:427)
at org.openqa.selenium.remote.HttpCommandExecutor.execute(HttpCommandExecutor.java:212)
at org.openqa.selenium.remote.service.DriverCommandExecutor.invokeExecute(DriverCommandExecutor.java:216)
at org.openqa.selenium.remote.service.DriverCommandExecutor.execute(DriverCommandExecutor.java:174)
at org.openqa.selenium.remote.RemoteWebDriver.execute(RemoteWebDriver.java:544)
at org.openqa.selenium.remote.RemoteWebDriver.get(RemoteWebDriver.java:312)
at com.Octopussaas.BaseUtility.BaseclassForSignUpPage.Bm(BaseclassForSignUpPage.java:76)
at java.base/java.util.ArrayList.forEach(ArrayList.java:1541)
Caused by: java.util.concurrent.TimeoutException
at java.base/java.util.concurrent.CompletableFuture$Timeout.run(CompletableFuture.java:2794)
at java.base/java.util.concurrent.Executors$RunnableAdapter.call(Executors.java:515)
at java.base/java.util.concurrent.FutureTask.run(FutureTask.java:264)
at java.base/java.util.concurrent.ScheduledThreadPoolExecutor$ScheduledFutureTask.run(ScheduledThreadPoolExecutor.java:304)
at java.base/java.util.concurrent.ThreadPoolExecutor.runWorker(ThreadPoolExecutor.java:1128)
at java.base/java.util.concurrent.ThreadPoolExecutor$Worker.run(ThreadPoolExecutor.java:628)
at java.base/java.lang.Thread.run(Thread.java:834)
... Removed 30 stack frames]]>
    </failure>
  </testcase> <!-- @BeforeMethod Bm -->
  <testcase classname="TransporterProfile.TC_001toTC_050TransporterProfile" name="TC_001VerifySignUpPage" time="7.346"/>
  <testcase classname="TransporterProfile.TC_001toTC_050TransporterProfile" name="TC_002AcceptTerms" time="0.305"/>
  <testcase classname="TransporterProfile.TC_001toTC_050TransporterProfile" name="TC_006CompanynameTextFieldwithInput" time="0.541"/>
  <testcase classname="TransporterProfile.TC_001toTC_050TransporterProfile" name="TC_007CompanynameTextFieldwithAlphabets" time="0.399"/>
  <testcase classname="TransporterProfile.TC_001toTC_050TransporterProfile" name="TC_008CompanynameTextFieldwithNumbers" time="0.356"/>
  <testcase classname="TransporterProfile.TC_001toTC_050TransporterProfile" name="TC_009CompanynameTextFieldwithSpecialCharater" time="0.812"/>
  <testcase classname="TransporterProfile.TC_001toTC_050TransporterProfile" name="TC_010CompanynameTextFieldwithoutData" time="0.501"/>
  <testcase classname="TransporterProfile.TC_001toTC_050TransporterProfile" name="TC_011CompanyNameAutoSave" time="0.438"/>
  <testcase classname="TransporterProfile.TC_001toTC_050TransporterProfile" name="TC_012CompanyDisplayNamewithinput" time="0.328"/>
  <testcase classname="TransporterProfile.TC_001toTC_050TransporterProfile" name="TC_013CompanyDisplayNamewithAplhabets" time="3.308"/>
  <testcase classname="TransporterProfile.TC_001toTC_050TransporterProfile" name="TC_014CompanyDisplayNamewithNumbers" time="3.326"/>
  <testcase classname="TransporterProfile.TC_001toTC_050TransporterProfile" name="TC_015CompanyDisplayNamewithSpecialCharter" time="3.425"/>
  <testcase classname="TransporterProfile.TC_001toTC_050TransporterProfile" name="TC_016CompanyDisplayNamewithoutIput" time="0.542"/>
  <testcase classname="TransporterProfile.TC_001toTC_050TransporterProfile" name="TC_017CompanyDisplayNameAutoSave" time="3.325"/>
  <testcase classname="TransporterProfile.TC_001toTC_050TransporterProfile" name="TC_018GenralPhonewithInput" time="3.287"/>
  <testcase classname="TransporterProfile.TC_001toTC_050TransporterProfile" name="TC_019GenralPhonewithalphabets" time="3.223"/>
  <testcase classname="TransporterProfile.TC_001toTC_050TransporterProfile" name="TC_020GenralPhonewithNumbers" time="3.395"/>
  <testcase classname="TransporterProfile.TC_001toTC_050TransporterProfile" name="TC_021GenralPhonewithSpecialCharacter" time="3.246"/>
  <testcase classname="TransporterProfile.TC_001toTC_050TransporterProfile" name="TC_022GenralPhonewithoutInput" time="0.385"/>
  <testcase classname="TransporterProfile.TC_001toTC_050TransporterProfile" name="TC_023GenralPhonewithNumbers" time="0.204"/>
  <testcase classname="TransporterProfile.TC_001toTC_050TransporterProfile" name="TC_024GeneralMailwithInput" time="0.314"/>
  <testcase classname="TransporterProfile.TC_001toTC_050TransporterProfile" name="TC_025GeneralMailwithAlphabets" time="0.288"/>
  <testcase classname="TransporterProfile.TC_001toTC_050TransporterProfile" name="TC_026GeneralMailwithNumbers" time="0.301"/>
  <testcase classname="TransporterProfile.TC_001toTC_050TransporterProfile" name="TC_027GeneralMailwithSpecialChar" time="0.297"/>
  <testcase classname="TransporterProfile.TC_001toTC_050TransporterProfile" name="TC_028GeneralMailwithoutInput" time="0.485"/>
  <testcase classname="TransporterProfile.TC_001toTC_050TransporterProfile" name="TC_029GeneralMailwithValidInput" time="0.286"/>
  <testcase classname="TransporterProfile.TC_001toTC_050TransporterProfile" name="TC_030WebsiteUrlwithValidInput" time="0.654"/>
  <testcase classname="TransporterProfile.TC_001toTC_050TransporterProfile" name="TC_031WebsiteUrlwithAlphabets" time="0.443"/>
  <testcase classname="TransporterProfile.TC_001toTC_050TransporterProfile" name="TC_032WebsiteUrlwithNumbers" time="0.351"/>
  <testcase classname="TransporterProfile.TC_001toTC_050TransporterProfile" name="TC_033WebsiteUrlwithSpecialcharacters" time="0.306"/>
  <testcase classname="TransporterProfile.TC_001toTC_050TransporterProfile" name="TC_034WebsiteUrlwithoutInput" time="0.51"/>
  <testcase classname="TransporterProfile.TC_001toTC_050TransporterProfile" name="TC_035WebsiteUrlwithInvalidFormat" time="0.629"/>
  <testcase classname="TransporterProfile.TC_001toTC_050TransporterProfile" name="TC_036WebsiteurlRedirect" time="6.906"/>
  <testcase classname="TransporterProfile.TC_001toTC_050TransporterProfile" name="TC_037Websiteurlautosave" time="0.446"/>
  <testcase classname="TransporterProfile.TC_001toTC_050TransporterProfile" name="TC_038StartOfFacialYearByManualenter" time="0.0"/>
  <testcase classname="TransporterProfile.TC_001toTC_050TransporterProfile" name="TC_039StartOfFacialYearfromCalendar" time="4.223"/>
  <testcase classname="TransporterProfile.TC_001toTC_050TransporterProfile" name="TC_040StartOfFacialYearAutosave" time="4.154"/>
  <testcase classname="TransporterProfile.TC_001toTC_050TransporterProfile" name="TC_041GoogleReviewLinkwithValidInput" time="0.42"/>
  <testcase classname="TransporterProfile.TC_001toTC_050TransporterProfile" name="TC_042GoogleReviewLinkwithAlphabets" time="0.235"/>
  <testcase classname="TransporterProfile.TC_001toTC_050TransporterProfile" name="TC_043GoogleReviewLinkwithNumbers" time="0.247"/>
  <testcase classname="TransporterProfile.TC_001toTC_050TransporterProfile" name="TC_044GoogleReviewLinkwithSpecialCharacters" time="0.303"/>
  <testcase classname="TransporterProfile.TC_001toTC_050TransporterProfile" name="TC_045GoogleReviewLinkwithSpecialCharacters" time="2.199"/>
  <testcase classname="TransporterProfile.TC_001toTC_050TransporterProfile" name="TC_046GoogleReviewLinkwithInvaliddata" time="2.357"/>
  <testcase classname="TransporterProfile.TC_051toTC_100TranspoterProfile" name="TC_001VerifySignUpPage" time="6.351"/>
  <testcase classname="TransporterProfile.TC_051toTC_100TranspoterProfile" name="TC_002AcceptTerms" time="0.417"/>
  <testcase classname="TransporterProfile.TC_051toTC_100TranspoterProfile" name="TC_006CompanynameTextFieldwithInput" time="0.996"/>
  <testcase classname="TransporterProfile.TC_051toTC_100TranspoterProfile" name="TC_57RegistrationNumber1_Textwithinput" time="0.311"/>
  <testcase classname="TransporterProfile.TC_051toTC_100TranspoterProfile" name="TC_58RegistrationNumber1_Textwithalphabets" time="0.66"/>
  <testcase classname="TransporterProfile.TC_051toTC_100TranspoterProfile" name="TC_59RegistrationNumber1_Textwithnumbers" time="0.51"/>
  <testcase classname="TransporterProfile.TC_051toTC_100TranspoterProfile" name="TC_60RegistrationNumber1_TextwithspecialCharacters" time="0.273"/>
  <testcase classname="TransporterProfile.TC_051toTC_100TranspoterProfile" name="TC_61RegistrationNumber1_Textwithoutproviding" time="30.743">
    <failure type="org.openqa.selenium.NoSuchElementException" message="no such element: Unable to locate element: {&amp;quot;method&amp;quot;:&amp;quot;xpath&amp;quot;,&amp;quot;selector&amp;quot;:&amp;quot;//p[contains (text(), &amp;apos;Registration Number 1 is required&amp;apos;)]&amp;quot;}
  (Session info: chrome=151.0.7922.174)
For documentation on this error, please visit: https://www.selenium.dev/documentation/webdriver/troubleshooting/errors#no-such-element-exception
Build info: version: &amp;apos;4.34.0&amp;apos;, revision: &amp;apos;707dcb4246*&amp;apos;
System info: os.name: &amp;apos;Windows 11&amp;apos;, os.arch: &amp;apos;amd64&amp;apos;, os.version: &amp;apos;10.0&amp;apos;, java.version: &amp;apos;11.0.21&amp;apos;
Driver info: org.openqa.selenium.chrome.ChromeDriver
Command: [156348127e78fe294bf94ad4a3f12dcd, findElement {value=//p[contains (text(), &amp;apos;Registration Number 1 is required&amp;apos;)], using=xpath}]
Capabilities {acceptInsecureCerts: false, browserName: chrome, browserVersion: 151.0.7922.174, chrome: {chromedriverVersion: 151.0.7922.138 (41fa8244239..., userDataDir: C:\Users\Rajeev nandi\AppDa...}, fedcm:accounts: true, goog:chromeOptions: {debuggerAddress: localhost:51523}, goog:processID: 2768, networkConnectionEnabled: false, pageLoadStrategy: normal, platformName: windows, proxy: Proxy(), se:cdp: ws://localhost:51523/devtoo..., se:cdpVersion: 151.0.7922.174, setWindowRect: true, strictFileInteractability: false, timeouts: {implicit: 0, pageLoad: 300000, script: 30000}, unhandledPromptBehavior: dismiss and notify, webauthn:extension:credBlob: true, webauthn:extension:largeBlob: true, webauthn:extension:minPinLength: true, webauthn:extension:prf: true, webauthn:virtualAuthenticators: true}
Session ID: 156348127e78fe294bf94ad4a3f12dcd">
      <![CDATA[org.openqa.selenium.NoSuchElementException: no such element: Unable to locate element: {"method":"xpath","selector":"//p[contains (text(), 'Registration Number 1 is required')]"}
  (Session info: chrome=151.0.7922.174)
For documentation on this error, please visit: https://www.selenium.dev/documentation/webdriver/troubleshooting/errors#no-such-element-exception
Build info: version: '4.34.0', revision: '707dcb4246*'
System info: os.name: 'Windows 11', os.arch: 'amd64', os.version: '10.0', java.version: '11.0.21'
Driver info: org.openqa.selenium.chrome.ChromeDriver
Command: [156348127e78fe294bf94ad4a3f12dcd, findElement {value=//p[contains (text(), 'Registration Number 1 is required')], using=xpath}]
Capabilities {acceptInsecureCerts: false, browserName: chrome, browserVersion: 151.0.7922.174, chrome: {chromedriverVersion: 151.0.7922.138 (41fa8244239..., userDataDir: C:\Users\Rajeev nandi\AppDa...}, fedcm:accounts: true, goog:chromeOptions: {debuggerAddress: localhost:51523}, goog:processID: 2768, networkConnectionEnabled: false, pageLoadStrategy: normal, platformName: windows, proxy: Proxy(), se:cdp: ws://localhost:51523/devtoo..., se:cdpVersion: 151.0.7922.174, setWindowRect: true, strictFileInteractability: false, timeouts: {implicit: 0, pageLoad: 300000, script: 30000}, unhandledPromptBehavior: dismiss and notify, webauthn:extension:credBlob: true, webauthn:extension:largeBlob: true, webauthn:extension:minPinLength: true, webauthn:extension:prf: true, webauthn:virtualAuthenticators: true}
Session ID: 156348127e78fe294bf94ad4a3f12dcd
at org.openqa.selenium.remote.ErrorCodec.decode(ErrorCodec.java:167)
at org.openqa.selenium.remote.codec.w3c.W3CHttpResponseCodec.decode(W3CHttpResponseCodec.java:138)
at org.openqa.selenium.remote.codec.w3c.W3CHttpResponseCodec.decode(W3CHttpResponseCodec.java:50)
at org.openqa.selenium.remote.HttpCommandExecutor.execute(HttpCommandExecutor.java:215)
at org.openqa.selenium.remote.service.DriverCommandExecutor.invokeExecute(DriverCommandExecutor.java:216)
at org.openqa.selenium.remote.service.DriverCommandExecutor.execute(DriverCommandExecutor.java:174)
at org.openqa.selenium.remote.RemoteWebDriver.execute(RemoteWebDriver.java:544)
at org.openqa.selenium.remote.ElementLocation$ElementFinder$2.findElement(ElementLocation.java:165)
at org.openqa.selenium.remote.ElementLocation.findElement(ElementLocation.java:59)
at org.openqa.selenium.remote.RemoteWebDriver.findElement(RemoteWebDriver.java:367)
at org.openqa.selenium.remote.RemoteWebDriver.findElement(RemoteWebDriver.java:361)
at org.openqa.selenium.support.pagefactory.DefaultElementLocator.findElement(DefaultElementLocator.java:68)
at org.openqa.selenium.support.pagefactory.internal.LocatingElementHandler.invoke(LocatingElementHandler.java:38)
at com.sun.proxy.$Proxy18.getText(Unknown Source)
at TransporterProfile.TC_051toTC_100TranspoterProfile.TC_61RegistrationNumber1_Textwithoutproviding(TC_051toTC_100TranspoterProfile.java:189)
at java.base/java.util.ArrayList.forEach(ArrayList.java:1541)
... Removed 31 stack frames]]>
    </failure>
  </testcase> <!-- TC_61RegistrationNumber1_Textwithoutproviding -->
  <testcase classname="TransporterProfile.TC_051toTC_100TranspoterProfile" name="TC_62RegistrationNumber1_TextwithAutosave" time="0.001">
    <skipped/>
  </testcase> <!-- TC_62RegistrationNumber1_TextwithAutosave -->
  <testcase classname="TransporterProfile.TC_051toTC_100TranspoterProfile" name="TC_63RegistrationNumber2_Textwithinput" time="0.0">
    <skipped/>
  </testcase> <!-- TC_63RegistrationNumber2_Textwithinput -->
  <testcase classname="TransporterProfile.TC_051toTC_100TranspoterProfile" name="TC_64RegistrationNumber2_Textwithalphabets" time="0.0">
    <skipped/>
  </testcase> <!-- TC_64RegistrationNumber2_Textwithalphabets -->
  <testcase classname="TransporterProfile.TC_051toTC_100TranspoterProfile" name="TC_65RegistrationNumber2_TextWithnumbers" time="0.0">
    <skipped/>
  </testcase> <!-- TC_65RegistrationNumber2_TextWithnumbers -->
  <testcase classname="TransporterProfile.TC_051toTC_100TranspoterProfile" name="TC_66RegistrationNumber2_TextwithSpecialcharacters" time="0.0">
    <skipped/>
  </testcase> <!-- TC_66RegistrationNumber2_TextwithSpecialcharacters -->
  <testcase classname="TransporterProfile.TC_051toTC_100TranspoterProfile" name="TC_67RegistrationNumber2_Textwithoutinput" time="0.0">
    <skipped/>
  </testcase> <!-- TC_67RegistrationNumber2_Textwithoutinput -->
  <testcase classname="TransporterProfile.TC_051toTC_100TranspoterProfile" name="TC_68RegistrationNumber2_TextwithAutosave" time="0.0">
    <skipped/>
  </testcase> <!-- TC_68RegistrationNumber2_TextwithAutosave -->
  <testcase classname="TransporterProfile.TC_051toTC_100TranspoterProfile" name="TC_69EPAIDNumber_Textwithinput" time="0.0">
    <skipped/>
  </testcase> <!-- TC_69EPAIDNumber_Textwithinput -->
  <testcase classname="TransporterProfile.TC_051toTC_100TranspoterProfile" name="TC_70EPAIDNumber_Textwithalphabets" time="0.0">
    <skipped/>
  </testcase> <!-- TC_70EPAIDNumber_Textwithalphabets -->
  <testcase classname="TransporterProfile.TC_051toTC_100TranspoterProfile" name="TC_71EPAIDNumber_Textwithnumbers" time="0.0">
    <skipped/>
  </testcase> <!-- TC_71EPAIDNumber_Textwithnumbers -->
  <testcase classname="TransporterProfile.TC_051toTC_100TranspoterProfile" name="TC_72EPAIDNumber_Textwithspecialcharacters" time="0.0">
    <skipped/>
  </testcase> <!-- TC_72EPAIDNumber_Textwithspecialcharacters -->
  <testcase classname="TransporterProfile.TC_051toTC_100TranspoterProfile" name="TC_73EPAIDNumber_Textwithoutinput" time="0.0">
    <skipped/>
  </testcase> <!-- TC_73EPAIDNumber_Textwithoutinput -->
  <testcase classname="TransporterProfile.TC_051toTC_100TranspoterProfile" name="TC_74EPAIDNumber_TextwithAutosave" time="0.0">
    <skipped/>
  </testcase> <!-- TC_74EPAIDNumber_TextwithAutosave -->
  <testcase classname="TransporterProfile.TC_051toTC_100TranspoterProfile" name="TC_75dotNumber_TextwithInput" time="0.0">
    <skipped/>
  </testcase> <!-- TC_75dotNumber_TextwithInput -->
  <testcase classname="TransporterProfile.TC_051toTC_100TranspoterProfile" name="TC_76dotNumber_Textwithalphabets" time="0.0">
    <skipped/>
  </testcase> <!-- TC_76dotNumber_Textwithalphabets -->
  <testcase classname="TransporterProfile.TC_051toTC_100TranspoterProfile" name="TC_77dotNumber_TextwithNumbers" time="0.0">
    <skipped/>
  </testcase> <!-- TC_77dotNumber_TextwithNumbers -->
  <testcase classname="TransporterProfile.TC_051toTC_100TranspoterProfile" name="TC_78dotNumber_TextwithSpecialcharacters" time="0.0">
    <skipped/>
  </testcase> <!-- TC_78dotNumber_TextwithSpecialcharacters -->
  <testcase classname="TransporterProfile.TC_051toTC_100TranspoterProfile" name="TC_79dotNumber_TextwithoutInput" time="0.0">
    <skipped/>
  </testcase> <!-- TC_79dotNumber_TextwithoutInput -->
  <testcase classname="TransporterProfile.TC_051toTC_100TranspoterProfile" name="TC_80dotNumber_TextwithAutosave" time="0.0">
    <skipped/>
  </testcase> <!-- TC_80dotNumber_TextwithAutosave -->
  <testcase classname="TransporterProfile.TC_051toTC_100TranspoterProfile" name="TC_81EIN_TextwithInput" time="0.0">
    <skipped/>
  </testcase> <!-- TC_81EIN_TextwithInput -->
  <testcase classname="TransporterProfile.TC_051toTC_100TranspoterProfile" name="TC_82EIN_Textwithalphabets" time="0.0">
    <skipped/>
  </testcase> <!-- TC_82EIN_Textwithalphabets -->
  <testcase classname="TransporterProfile.TC_051toTC_100TranspoterProfile" name="TC_83EIN_Textwithnumbers" time="0.0">
    <skipped/>
  </testcase> <!-- TC_83EIN_Textwithnumbers -->
  <testcase classname="TransporterProfile.TC_051toTC_100TranspoterProfile" name="TC_84EIN_TextwithSpecialcharacters" time="0.0">
    <skipped/>
  </testcase> <!-- TC_84EIN_TextwithSpecialcharacters -->
  <testcase classname="TransporterProfile.TC_051toTC_100TranspoterProfile" name="TC_85EIN_TextwithoutInput" time="0.0">
    <skipped/>
  </testcase> <!-- TC_85EIN_TextwithoutInput -->
  <testcase classname="TransporterProfile.TC_051toTC_100TranspoterProfile" name="TC_86EIN_TextwithAutosave" time="0.0">
    <skipped/>
  </testcase> <!-- TC_86EIN_TextwithAutosave -->
  <testcase classname="TransporterProfile.TC_051toTC_100TranspoterProfile" name="TC_87EntityId_TextwithInput" time="0.0">
    <skipped/>
  </testcase> <!-- TC_87EntityId_TextwithInput -->
  <testcase classname="TransporterProfile.TC_051toTC_100TranspoterProfile" name="TC_88EntityId_Textwithalphabets" time="0.0">
    <skipped/>
  </testcase> <!-- TC_88EntityId_Textwithalphabets -->
  <testcase classname="TransporterProfile.TC_051toTC_100TranspoterProfile" name="TC_89EntityId_TextwithNumbers" time="0.0">
    <skipped/>
  </testcase> <!-- TC_89EntityId_TextwithNumbers -->
  <testcase classname="TransporterProfile.TC_051toTC_100TranspoterProfile" name="TC_90EntityID_Textwithspecialcharacters" time="0.0">
    <skipped/>
  </testcase> <!-- TC_90EntityID_Textwithspecialcharacters -->
  <testcase classname="TransporterProfile.TC_051toTC_100TranspoterProfile" name="TC_91EntityID_TextwithoutInput" time="0.0">
    <skipped/>
  </testcase> <!-- TC_91EntityID_TextwithoutInput -->
  <testcase classname="TransporterProfile.TC_051toTC_100TranspoterProfile" name="TC_92EntityID_TextwithAutosave" time="0.0">
    <skipped/>
  </testcase> <!-- TC_92EntityID_TextwithAutosave -->
  <testcase classname="TransporterProfile.TC_051toTC_100TranspoterProfile" name="TC_93SosCode_TextwithInput" time="0.0">
    <skipped/>
  </testcase> <!-- TC_93SosCode_TextwithInput -->
  <testcase classname="TransporterProfile.TC_051toTC_100TranspoterProfile" name="TC_94SosCode_Texteithalphabets" time="0.0">
    <skipped/>
  </testcase> <!-- TC_94SosCode_Texteithalphabets -->
  <testcase classname="TransporterProfile.TC_051toTC_100TranspoterProfile" name="TC_95SosCode_TextwithNumbers" time="0.0">
    <skipped/>
  </testcase> <!-- TC_95SosCode_TextwithNumbers -->
  <testcase classname="TransporterProfile.TC_051toTC_100TranspoterProfile" name="TC_96SosCode_Textwithspecialcharacters" time="0.0">
    <skipped/>
  </testcase> <!-- TC_96SosCode_Textwithspecialcharacters -->
  <testcase classname="TransporterProfile.TC_051toTC_100TranspoterProfile" name="TC_97SosCode_TextwithoutInput" time="0.0">
    <skipped/>
  </testcase> <!-- TC_97SosCode_TextwithoutInput -->
  <testcase classname="TransporterProfile.TC_051toTC_100TranspoterProfile" name="TC_98SosCode_TextwithAutosave" time="0.0">
    <skipped/>
  </testcase> <!-- TC_98SosCode_TextwithAutosave -->
  <testcase classname="TransporterProfile.TC_051toTC_100TranspoterProfile" name="TC_99SicCode_TextwithInput" time="0.0">
    <skipped/>
  </testcase> <!-- TC_99SicCode_TextwithInput -->
  <testcase classname="TransporterProfile.TC_051toTC_100TranspoterProfile" name="TC_100Siccode_Textwithalphabets" time="0.0">
    <skipped/>
  </testcase> <!-- TC_100Siccode_Textwithalphabets -->
  <testcase classname="TransporterProfile.TC_101toTC_150TransporterProfile" name="TC_001VerifySignUpPage" time="4.777"/>
  <testcase classname="TransporterProfile.TC_101toTC_150TransporterProfile" name="TC_002AcceptTerms" time="0.711"/>
  <testcase classname="TransporterProfile.TC_101toTC_150TransporterProfile" name="TC_006CompanynameTextFieldwithInput" time="0.369"/>
  <testcase classname="TransporterProfile.TC_101toTC_150TransporterProfile" name="TC_101Siccode_TextwithNumbers" time="0.807"/>
  <testcase classname="TransporterProfile.TC_101toTC_150TransporterProfile" name="TC_102Siccode_Textwithspecialcharacters" time="0.24"/>
  <testcase classname="TransporterProfile.TC_101toTC_150TransporterProfile" name="TC_103Siccode_TextwithoutInput" time="0.545"/>
  <testcase classname="TransporterProfile.TC_101toTC_150TransporterProfile" name="TC_104SicCode_TextwithAutosave" time="0.281"/>
  <testcase classname="TransporterProfile.TC_101toTC_150TransporterProfile" name="TC_105NAICSCode_TextwithInput" time="0.209"/>
  <testcase classname="TransporterProfile.TC_101toTC_150TransporterProfile" name="TC_106NAICSCode_Textwithalphabets" time="0.244"/>
  <testcase classname="TransporterProfile.TC_101toTC_150TransporterProfile" name="TC_107NAICSCode_Textwithnumbers" time="0.484"/>
  <testcase classname="TransporterProfile.TC_101toTC_150TransporterProfile" name="TC_108NAICSCode_Textwithspecialcharacters" time="0.278"/>
  <testcase classname="TransporterProfile.TC_101toTC_150TransporterProfile" name="TC_109NAICSCode_TextwithoutInput" time="0.561"/>
  <testcase classname="TransporterProfile.TC_101toTC_150TransporterProfile" name="TC_110NAICSCode_TextwithAutosave" time="0.194"/>
  <testcase classname="TransporterProfile.TC_101toTC_150TransporterProfile" name="TC_111CAGECode_TextwithInput" time="0.269"/>
  <testcase classname="TransporterProfile.TC_101toTC_150TransporterProfile" name="TC_112CAGECode_Textwithalphabets" time="0.25"/>
  <testcase classname="TransporterProfile.TC_101toTC_150TransporterProfile" name="TC_113CAGECode_Textwithnumbers" time="0.213"/>
  <testcase classname="TransporterProfile.TC_101toTC_150TransporterProfile" name="TC_114CAGECode_TextwithSpecialcharacters" time="0.258"/>
  <testcase classname="TransporterProfile.TC_101toTC_150TransporterProfile" name="TC_115CAGECode_TextwithoutInput" time="0.582"/>
  <testcase classname="TransporterProfile.TC_101toTC_150TransporterProfile" name="TC_116CAGECode_TextwithAutosave" time="0.412"/>
  <testcase classname="TransporterProfile.TC_101toTC_150TransporterProfile" name="TC_118ServiceDep_NamewithInput" time="0.204"/>
  <testcase classname="TransporterProfile.TC_101toTC_150TransporterProfile" name="TC_119ServiceDep_Namewithalphabets" time="0.307"/>
  <testcase classname="TransporterProfile.TC_101toTC_150TransporterProfile" name="TC_120ServiceDep_Namewithnumbers" time="0.344"/>
  <testcase classname="TransporterProfile.TC_101toTC_150TransporterProfile" name="TC_121ServiceDep_NamewithSpecialcharacters" time="0.336"/>
  <testcase classname="TransporterProfile.TC_101toTC_150TransporterProfile" name="TC_122ServiceDep_NamewithoutInput" time="1.13"/>
  <testcase classname="TransporterProfile.TC_101toTC_150TransporterProfile" name="TC_123ServiceDep_NamewithAutosave" time="0.213"/>
  <testcase classname="TransporterProfile.TC_101toTC_150TransporterProfile" name="TC_124ServiceDep_streetwithInput" time="2.645"/>
  <testcase classname="TransporterProfile.TC_101toTC_150TransporterProfile" name="TC_125ServiceDep_streetwithalphabets" time="0.356"/>
  <testcase classname="TransporterProfile.TC_101toTC_150TransporterProfile" name="TC_126serviceDep_streetwithnumbers" time="0.298"/>
  <testcase classname="TransporterProfile.TC_101toTC_150TransporterProfile" name="TC_127serviceDep_streeetwithspecialcharacters" time="0.809"/>
  <testcase classname="TransporterProfile.TC_101toTC_150TransporterProfile" name="TC_128serviceDep_streetwithoutInput" time="0.555"/>
  <testcase classname="TransporterProfile.TC_101toTC_150TransporterProfile" name="TC_129serviceDep_streetwithAutosave" time="3.171"/>
  <testcase classname="TransporterProfile.TC_101toTC_150TransporterProfile" name="TC_130serviceDep_suitewithInput" time="0.306"/>
  <testcase classname="TransporterProfile.TC_101toTC_150TransporterProfile" name="TC_131serviceDep_suitewithalphabets" time="0.356"/>
  <testcase classname="TransporterProfile.TC_101toTC_150TransporterProfile" name="TC_132serviceDep_suitewithnumbers" time="0.651"/>
  <testcase classname="TransporterProfile.TC_101toTC_150TransporterProfile" name="TC_133serviceDep_suitewithspecialcharacters" time="0.323"/>
  <testcase classname="TransporterProfile.TC_101toTC_150TransporterProfile" name="TC_134serviceDep_suitewithoutInput" time="0.527"/>
  <testcase classname="TransporterProfile.TC_101toTC_150TransporterProfile" name="TC_135serviceDep_suitewithAutosave" time="0.233"/>
  <testcase classname="TransporterProfile.TC_101toTC_150TransporterProfile" name="TC_136serviceDep_CitywithInput" time="0.426"/>
  <testcase classname="TransporterProfile.TC_101toTC_150TransporterProfile" name="TC_137serviceDep_Citywithalphabets" time="0.374"/>
  <testcase classname="TransporterProfile.TC_101toTC_150TransporterProfile" name="TC_138serviceDep_Citywithnumbers" time="0.674"/>
  <testcase classname="TransporterProfile.TC_101toTC_150TransporterProfile" name="TC_139serviceDep_CitywithSpecialcharacters" time="0.34"/>
  <testcase classname="TransporterProfile.TC_101toTC_150TransporterProfile" name="TC_140serviceDep_CitywithputInput" time="0.611"/>
  <testcase classname="TransporterProfile.TC_101toTC_150TransporterProfile" name="TC_141serviceDep_CitywithAutosave" time="0.323"/>
  <testcase classname="TransporterProfile.TC_101toTC_150TransporterProfile" name="TC_142serviceDep_StatewithInput" time="0.302"/>
  <testcase classname="TransporterProfile.TC_101toTC_150TransporterProfile" name="TC_143serviceDep_statewithalphabets" time="0.293"/>
  <testcase classname="TransporterProfile.TC_101toTC_150TransporterProfile" name="TC_144serviceDep_statewithnumbers" time="0.326"/>
  <testcase classname="TransporterProfile.TC_101toTC_150TransporterProfile" name="TC_145serviceDep_statewithspecialcharacters" time="0.278"/>
  <testcase classname="TransporterProfile.TC_101toTC_150TransporterProfile" name="TC_146serviceDep_stateDropdown" time="0.352"/>
  <testcase classname="TransporterProfile.TC_101toTC_150TransporterProfile" name="TC_148serviceDep_statewithAutosave" time="0.345"/>
  <testcase classname="TransporterProfile.TC_101toTC_150TransporterProfile" name="TC_149ServiceDep_zipcodewithInput" time="0.319"/>
  <testcase classname="TransporterProfile.TC_101toTC_150TransporterProfile" name="TC_150serviceDep_zipcodewithalphabets" time="0.363"/>
  <testcase classname="TransporterProfile.TC_150toTC_200TransportetProfile" name="TC_001VerifySignUpPage" time="5.093"/>
  <testcase classname="TransporterProfile.TC_150toTC_200TransportetProfile" name="TC_002AcceptTerms" time="0.376"/>
  <testcase classname="TransporterProfile.TC_150toTC_200TransportetProfile" name="TC_006CompanynameTextFieldwithInput" time="0.899"/>
  <testcase classname="TransporterProfile.TC_150toTC_200TransportetProfile" name="TC_151serviceDep_zipcodeaithnumbers" time="0.303"/>
  <testcase classname="TransporterProfile.TC_150toTC_200TransportetProfile" name="TC_152serviceDep_zipcodewithspecialcharacters" time="0.305"/>
  <testcase classname="TransporterProfile.TC_150toTC_200TransportetProfile" name="TC_153serviceDep_zipcodewihoutInput" time="0.629"/>
  <testcase classname="TransporterProfile.TC_150toTC_200TransportetProfile" name="TC_154serviceDep_zipcodewithAutosave" time="0.214"/>
  <testcase classname="TransporterProfile.TC_150toTC_200TransportetProfile" name="TC_155serviceDep_EmailwithInput" time="0.393"/>
  <testcase classname="TransporterProfile.TC_150toTC_200TransportetProfile" name="TC_156serviceDep_Emailwithalphabets" time="0.396"/>
  <testcase classname="TransporterProfile.TC_150toTC_200TransportetProfile" name="TC_157serviceDep_Emailwithnumbers" time="0.335"/>
  <testcase classname="TransporterProfile.TC_150toTC_200TransportetProfile" name="TC_158serviceDep_Emailwithspecialcharacters" time="0.367"/>
  <testcase classname="TransporterProfile.TC_150toTC_200TransportetProfile" name="TC_159serviceDep_Emailwithinvalid" time="0.394"/>
  <testcase classname="TransporterProfile.TC_150toTC_200TransportetProfile" name="TC_160serviceDep_EmailwithoutInput" time="0.525"/>
  <testcase classname="TransporterProfile.TC_150toTC_200TransportetProfile" name="TC_161serviceDep_EmailwithAutosave" time="0.298"/>
  <testcase classname="TransporterProfile.TC_150toTC_200TransportetProfile" name="TC_162serviceDep_PhonewithInput" time="0.874"/>
  <testcase classname="TransporterProfile.TC_150toTC_200TransportetProfile" name="TC_163serviceDep_Phonewithalphabets" time="0.19"/>
  <testcase classname="TransporterProfile.TC_150toTC_200TransportetProfile" name="TC_164serviceDep_Phonewithnumbers" time="0.239"/>
  <testcase classname="TransporterProfile.TC_150toTC_200TransportetProfile" name="TC_165serviceDep_Phonewithspecialcharacters" time="0.287"/>
  <testcase classname="TransporterProfile.TC_150toTC_200TransportetProfile" name="TC_166serviceDep_phonewith10digits" time="0.276"/>
  <testcase classname="TransporterProfile.TC_150toTC_200TransportetProfile" name="TC_167serviceDep_Phonewithlessdigits" time="0.307"/>
  <testcase classname="TransporterProfile.TC_150toTC_200TransportetProfile" name="TC_168serviceDep_PhonewithoutInput" time="0.619"/>
  <testcase classname="TransporterProfile.TC_150toTC_200TransportetProfile" name="TC_169serviceDep_PhonewithAutosave" time="0.175"/>
  <testcase classname="TransporterProfile.TC_150toTC_200TransportetProfile" name="TC_170serviceDep_ExtwithInput" time="0.416"/>
  <testcase classname="TransporterProfile.TC_150toTC_200TransportetProfile" name="TC_171serviceDep_Extwithalphabets" time="0.226"/>
  <testcase classname="TransporterProfile.TC_150toTC_200TransportetProfile" name="TC_172serviceDep_Extwithnumbers" time="0.281"/>
  <testcase classname="TransporterProfile.TC_150toTC_200TransportetProfile" name="TC_173serviceDep_Extwithspecialcharacters" time="0.313"/>
  <testcase classname="TransporterProfile.TC_150toTC_200TransportetProfile" name="TC_174serviceDep_ExtwithoutInput" time="1.153"/>
  <testcase classname="TransporterProfile.TC_150toTC_200TransportetProfile" name="TC_175serviceDep_Copytobilling" time="0.518"/>
  <testcase classname="TransporterProfile.TC_150toTC_200TransportetProfile" name="TC_176billinadd_NamewithInput" time="0.792"/>
  <testcase classname="TransporterProfile.TC_150toTC_200TransportetProfile" name="TC_177billingadd_Namewithalphabets" time="0.362"/>
  <testcase classname="TransporterProfile.TC_150toTC_200TransportetProfile" name="TC_178billingadd_Namewithnumbers" time="0.251"/>
  <testcase classname="TransporterProfile.TC_150toTC_200TransportetProfile" name="TC_179billingadd_Namewithspecialcharacters" time="0.708"/>
  <testcase classname="TransporterProfile.TC_150toTC_200TransportetProfile" name="TC_180billinadd_NamewithoutInput" time="3.584"/>
  <testcase classname="TransporterProfile.TC_150toTC_200TransportetProfile" name="TC_181billingadd_NamewithAutosave" time="0.857"/>
  <testcase classname="TransporterProfile.TC_150toTC_200TransportetProfile" name="TC_182billingadd_streetwithInput" time="2.617"/>
  <testcase classname="TransporterProfile.TC_150toTC_200TransportetProfile" name="TC_183billingadd_streetwithalphabets" time="0.302"/>
  <testcase classname="TransporterProfile.TC_150toTC_200TransportetProfile" name="TC_184billingadd_streetwithnumbers" time="0.376"/>
  <testcase classname="TransporterProfile.TC_150toTC_200TransportetProfile" name="TC_185billingadd_streetwithspecialcharacters" time="0.775"/>
  <testcase classname="TransporterProfile.TC_150toTC_200TransportetProfile" name="TC_186billingadd_StreetwithoutInput" time="9.632"/>
  <testcase classname="TransporterProfile.TC_150toTC_200TransportetProfile" name="TC_187billingadd_StreetwithAutosave" time="2.605"/>
  <testcase classname="TransporterProfile.TC_150toTC_200TransportetProfile" name="TC_188billingadd_suitewithInput" time="0.324"/>
  <testcase classname="TransporterProfile.TC_150toTC_200TransportetProfile" name="TC_189billingadd_suitewithalphabets" time="0.251"/>
  <testcase classname="TransporterProfile.TC_150toTC_200TransportetProfile" name="TC_190billingadd_suitewithnumbers" time="0.312"/>
  <testcase classname="TransporterProfile.TC_150toTC_200TransportetProfile" name="TC_191billingadd_suitewithspecialcharacters" time="0.907"/>
  <testcase classname="TransporterProfile.TC_150toTC_200TransportetProfile" name="TC_192billingadd_SuitewithoutInput" time="0.538"/>
  <testcase classname="TransporterProfile.TC_150toTC_200TransportetProfile" name="TC_193billingadd_SuitewithAutosave" time="0.332"/>
  <testcase classname="TransporterProfile.TC_150toTC_200TransportetProfile" name="TC_194billingadd_CitywithInput" time="0.351"/>
  <testcase classname="TransporterProfile.TC_150toTC_200TransportetProfile" name="TC_195billingadd_citywithalphabets" time="0.31"/>
  <testcase classname="TransporterProfile.TC_150toTC_200TransportetProfile" name="TC_196billingadd_citywithnumbers" time="10.559"/>
  <testcase classname="TransporterProfile.TC_150toTC_200TransportetProfile" name="TC_197billingadd_citywithspecialchracters" time="3.966"/>
  <testcase classname="TransporterProfile.TC_150toTC_200TransportetProfile" name="TC_198billingadd_citywithoutInput" time="5.701"/>
  <testcase classname="TransporterProfile.TC_150toTC_200TransportetProfile" name="TC_199billingadd_citywithAutosave" time="2.464"/>
  <testcase classname="TransporterProfile.TC_150toTC_200TransportetProfile" name="TC_200billingadd_statewithInput" time="1.158"/>
  <testcase classname="TransporterProfile.TC_201toTc_250TransporterProfile" name="TC_001VerifySignUpPage" time="5.415"/>
  <testcase classname="TransporterProfile.TC_201toTc_250TransporterProfile" name="TC_002AcceptTerms" time="1.067"/>
  <testcase classname="TransporterProfile.TC_201toTc_250TransporterProfile" name="TC_006CompanynameTextFieldwithInput" time="0.377"/>
  <testcase classname="TransporterProfile.TC_201toTc_250TransporterProfile" name="TC_201billingadd_Statewithalphabets" time="0.306"/>
  <testcase classname="TransporterProfile.TC_201toTc_250TransporterProfile" name="TC_202billingadd_statewithnumbers" time="0.286"/>
  <testcase classname="TransporterProfile.TC_201toTc_250TransporterProfile" name="TC_203billingadd_statewithspecialcharacters" time="0.325"/>
  <testcase classname="TransporterProfile.TC_201toTc_250TransporterProfile" name="TC_204billingadd_StatewithDropdown" time="0.636"/>
  <testcase classname="TransporterProfile.TC_201toTc_250TransporterProfile" name="TC_206billingadd_statewithAutosave" time="0.522"/>
  <testcase classname="TransporterProfile.TC_201toTc_250TransporterProfile" name="TC_207billingadd_ZipcodewithInput" time="0.348"/>
  <testcase classname="TransporterProfile.TC_201toTc_250TransporterProfile" name="TC_208billingadd_Zipcodewithalphabets" time="0.328"/>
  <testcase classname="TransporterProfile.TC_201toTc_250TransporterProfile" name="TC_209billingadd_Zipcodenumbers" time="0.329"/>
  <testcase classname="TransporterProfile.TC_201toTc_250TransporterProfile" name="TC_210billingadd_Zipcodespecialcharacters" time="0.349"/>
  <testcase classname="TransporterProfile.TC_201toTc_250TransporterProfile" name="TC_211billing_ZipcodewithoutInput" time="0.568"/>
  <testcase classname="TransporterProfile.TC_201toTc_250TransporterProfile" name="TC_212billingadd_ZipcodeAutosave" time="0.29"/>
  <testcase classname="TransporterProfile.TC_201toTc_250TransporterProfile" name="TC_213billingadd_EmailwithInput" time="0.978"/>
  <testcase classname="TransporterProfile.TC_201toTc_250TransporterProfile" name="TC_214billingadd_Emailwithalphabets" time="0.292"/>
  <testcase classname="TransporterProfile.TC_201toTc_250TransporterProfile" name="TC_215billingadd_Emailwithnumbers" time="0.411"/>
  <testcase classname="TransporterProfile.TC_201toTc_250TransporterProfile" name="TC_216billingadd_Emailwithspecialcharacters" time="0.407"/>
  <testcase classname="TransporterProfile.TC_201toTc_250TransporterProfile" name="TC_217billingadd_EmailwithInvalidinput" time="2.342"/>
  <testcase classname="TransporterProfile.TC_201toTc_250TransporterProfile" name="TC_218billingadd_EmailwithoutInput" time="8.558"/>
  <testcase classname="TransporterProfile.TC_201toTc_250TransporterProfile" name="TC_219billingadd_EmailwithAutosave" time="0.494"/>
  <testcase classname="TransporterProfile.TC_201toTc_250TransporterProfile" name="TC_220billingadd_PhonewithInput" time="0.375"/>
  <testcase classname="TransporterProfile.TC_201toTc_250TransporterProfile" name="TC_221billingadd_PhoneWithalphabets" time="1.296"/>
  <testcase classname="TransporterProfile.TC_201toTc_250TransporterProfile" name="TC_222billingadd_Phonewithnumbers" time="0.246"/>
  <testcase classname="TransporterProfile.TC_201toTc_250TransporterProfile" name="TC_223billingadd_Phonewithspecialcharacters" time="0.471"/>
  <testcase classname="TransporterProfile.TC_201toTc_250TransporterProfile" name="TC_224billingadd_Phonemorethan10digits" time="0.578"/>
  <testcase classname="TransporterProfile.TC_201toTc_250TransporterProfile" name="TC_226billingadd_PhonewithoutInput" time="0.554"/>
  <testcase classname="TransporterProfile.TC_201toTc_250TransporterProfile" name="TC_227billingadd_PhonewithAutosave" time="0.171"/>
  <testcase classname="TransporterProfile.TC_201toTc_250TransporterProfile" name="TC_228billingadd_ExtwithInput" time="0.287"/>
  <testcase classname="TransporterProfile.TC_201toTc_250TransporterProfile" name="TC_229billingadd_Extwithalphabets" time="0.223"/>
  <testcase classname="TransporterProfile.TC_201toTc_250TransporterProfile" name="TC_230billingadd_Extwithnumbers" time="0.716"/>
  <testcase classname="TransporterProfile.TC_201toTc_250TransporterProfile" name="TC_231billingadd_Extwithspecialcharacters" time="0.243"/>
  <testcase classname="TransporterProfile.TC_201toTc_250TransporterProfile" name="TC_232billingadd_ExtwithoutInput" time="0.643"/>
  <testcase classname="TransporterProfile.TC_201toTc_250TransporterProfile" name="TC_233billingadd_ExtwithAutosave" time="0.257"/>
  <testcase classname="TransporterProfile.TC_201toTc_250TransporterProfile" name="TC_236businesshours_Tooltip" time="0.286"/>
  <testcase classname="TransporterProfile.TC_201toTc_250TransporterProfile" name="TC_237businesshours_dropdownselect" time="1.859"/>
  <testcase classname="TransporterProfile.TC_201toTc_250TransporterProfile" name="TC_238businesshours_withalphabets" time="0.333"/>
  <testcase classname="TransporterProfile.TC_201toTc_250TransporterProfile" name="TC_239businesshours_withnumbers" time="30.035">
    <failure type="org.openqa.selenium.NoSuchElementException" message="no such element: Unable to locate element: {&amp;quot;method&amp;quot;:&amp;quot;xpath&amp;quot;,&amp;quot;selector&amp;quot;:&amp;quot;//input[@placeholder=&amp;apos;Monday Opening Time&amp;apos;]&amp;quot;}
  (Session info: chrome=151.0.7922.174)
For documentation on this error, please visit: https://www.selenium.dev/documentation/webdriver/troubleshooting/errors#no-such-element-exception
Build info: version: &amp;apos;4.34.0&amp;apos;, revision: &amp;apos;707dcb4246*&amp;apos;
System info: os.name: &amp;apos;Windows 11&amp;apos;, os.arch: &amp;apos;amd64&amp;apos;, os.version: &amp;apos;10.0&amp;apos;, java.version: &amp;apos;11.0.21&amp;apos;
Driver info: org.openqa.selenium.chrome.ChromeDriver
Command: [c09cb3f0c5491977648a5baf85faa780, findElement {value=//input[@placeholder=&amp;apos;Monday Opening Time&amp;apos;], using=xpath}]
Capabilities {acceptInsecureCerts: false, browserName: chrome, browserVersion: 151.0.7922.174, chrome: {chromedriverVersion: 151.0.7922.138 (41fa8244239..., userDataDir: C:\Users\Rajeev nandi\AppDa...}, fedcm:accounts: true, goog:chromeOptions: {debuggerAddress: localhost:51245}, goog:processID: 48092, networkConnectionEnabled: false, pageLoadStrategy: normal, platformName: windows, proxy: Proxy(), se:cdp: ws://localhost:51245/devtoo..., se:cdpVersion: 151.0.7922.174, setWindowRect: true, strictFileInteractability: false, timeouts: {implicit: 0, pageLoad: 300000, script: 30000}, unhandledPromptBehavior: dismiss and notify, webauthn:extension:credBlob: true, webauthn:extension:largeBlob: true, webauthn:extension:minPinLength: true, webauthn:extension:prf: true, webauthn:virtualAuthenticators: true}
Session ID: c09cb3f0c5491977648a5baf85faa780">
      <![CDATA[org.openqa.selenium.NoSuchElementException: no such element: Unable to locate element: {"method":"xpath","selector":"//input[@placeholder='Monday Opening Time']"}
  (Session info: chrome=151.0.7922.174)
For documentation on this error, please visit: https://www.selenium.dev/documentation/webdriver/troubleshooting/errors#no-such-element-exception
Build info: version: '4.34.0', revision: '707dcb4246*'
System info: os.name: 'Windows 11', os.arch: 'amd64', os.version: '10.0', java.version: '11.0.21'
Driver info: org.openqa.selenium.chrome.ChromeDriver
Command: [c09cb3f0c5491977648a5baf85faa780, findElement {value=//input[@placeholder='Monday Opening Time'], using=xpath}]
Capabilities {acceptInsecureCerts: false, browserName: chrome, browserVersion: 151.0.7922.174, chrome: {chromedriverVersion: 151.0.7922.138 (41fa8244239..., userDataDir: C:\Users\Rajeev nandi\AppDa...}, fedcm:accounts: true, goog:chromeOptions: {debuggerAddress: localhost:51245}, goog:processID: 48092, networkConnectionEnabled: false, pageLoadStrategy: normal, platformName: windows, proxy: Proxy(), se:cdp: ws://localhost:51245/devtoo..., se:cdpVersion: 151.0.7922.174, setWindowRect: true, strictFileInteractability: false, timeouts: {implicit: 0, pageLoad: 300000, script: 30000}, unhandledPromptBehavior: dismiss and notify, webauthn:extension:credBlob: true, webauthn:extension:largeBlob: true, webauthn:extension:minPinLength: true, webauthn:extension:prf: true, webauthn:virtualAuthenticators: true}
Session ID: c09cb3f0c5491977648a5baf85faa780
at org.openqa.selenium.remote.ErrorCodec.decode(ErrorCodec.java:167)
at org.openqa.selenium.remote.codec.w3c.W3CHttpResponseCodec.decode(W3CHttpResponseCodec.java:138)
at org.openqa.selenium.remote.codec.w3c.W3CHttpResponseCodec.decode(W3CHttpResponseCodec.java:50)
at org.openqa.selenium.remote.HttpCommandExecutor.execute(HttpCommandExecutor.java:215)
at org.openqa.selenium.remote.service.DriverCommandExecutor.invokeExecute(DriverCommandExecutor.java:216)
at org.openqa.selenium.remote.service.DriverCommandExecutor.execute(DriverCommandExecutor.java:174)
at org.openqa.selenium.remote.RemoteWebDriver.execute(RemoteWebDriver.java:544)
at org.openqa.selenium.remote.ElementLocation$ElementFinder$2.findElement(ElementLocation.java:165)
at org.openqa.selenium.remote.ElementLocation.findElement(ElementLocation.java:59)
at org.openqa.selenium.remote.RemoteWebDriver.findElement(RemoteWebDriver.java:367)
at org.openqa.selenium.remote.RemoteWebDriver.findElement(RemoteWebDriver.java:361)
at org.openqa.selenium.support.pagefactory.DefaultElementLocator.findElement(DefaultElementLocator.java:68)
at org.openqa.selenium.support.pagefactory.internal.LocatingElementHandler.invoke(LocatingElementHandler.java:38)
at com.sun.proxy.$Proxy18.click(Unknown Source)
at TransporterProfile.TC_201toTc_250TransporterProfile.TC_239businesshours_withnumbers(TC_201toTc_250TransporterProfile.java:601)
at java.base/java.util.ArrayList.forEach(ArrayList.java:1541)
... Removed 31 stack frames]]>
    </failure>
  </testcase> <!-- TC_239businesshours_withnumbers -->
  <testcase classname="TransporterProfile.TC_201toTc_250TransporterProfile" name="TC_240businesshours_withspecialcharacters" time="0.0">
    <skipped/>
  </testcase> <!-- TC_240businesshours_withspecialcharacters -->
  <testcase classname="TransporterProfile.TC_201toTc_250TransporterProfile" name="TC_241businesshour_withOpenTime" time="0.0">
    <skipped/>
  </testcase> <!-- TC_241businesshour_withOpenTime -->
  <testcase classname="TransporterProfile.TC_201toTc_250TransporterProfile" name="TC_242businesshour_withLunchTime" time="0.0">
    <skipped/>
  </testcase> <!-- TC_242businesshour_withLunchTime -->
  <testcase classname="TransporterProfile.TC_201toTc_250TransporterProfile" name="TC_243businesshour_withlunchEnd" time="0.0">
    <skipped/>
  </testcase> <!-- TC_243businesshour_withlunchEnd -->
  <testcase classname="TransporterProfile.TC_201toTc_250TransporterProfile" name="TC_244businesshour_withclose" time="0.0">
    <skipped/>
  </testcase> <!-- TC_244businesshour_withclose -->
  <testcase classname="TransporterProfile.TC_201toTc_250TransporterProfile" name="TC_245businesshour_Checkbox" time="0.0">
    <skipped/>
  </testcase> <!-- TC_245businesshour_Checkbox -->
  <testcase classname="TransporterProfile.TC_201toTc_250TransporterProfile" name="TC_246businesshour_withCheckbox" time="0.001">
    <skipped/>
  </testcase> <!-- TC_246businesshour_withCheckbox -->
  <testcase classname="TransporterProfile.TC_201toTc_250TransporterProfile" name="TC_247businesshour_withoutCheckbox" time="0.0">
    <skipped/>
  </testcase> <!-- TC_247businesshour_withoutCheckbox -->
  <testcase classname="TransporterProfile.TC_201toTc_250TransporterProfile" name="TC_248businesshour_MultipleCheckbox" time="0.0">
    <skipped/>
  </testcase> <!-- TC_248businesshour_MultipleCheckbox -->
  <testcase classname="TransporterProfile.TC_201toTc_250TransporterProfile" name="TC_249businesshour_Copybutton" time="0.0">
    <skipped/>
  </testcase> <!-- TC_249businesshour_Copybutton -->
  <testcase classname="TransporterProfile.TC_201toTc_250TransporterProfile" name="TC_250businesshour_PasteButton" time="0.0">
    <skipped/>
  </testcase> <!-- TC_250businesshour_PasteButton -->
  <testcase classname="TransporterProfile.TC_250tcTC_300TransporterProfile" name="TC_001VerifySignUpPage" time="0.002">
    <skipped/>
  </testcase> <!-- TC_001VerifySignUpPage -->
  <testcase classname="TransporterProfile.TC_250tcTC_300TransporterProfile" name="TC_002AcceptTerms" time="0.0">
    <skipped/>
  </testcase> <!-- TC_002AcceptTerms -->
  <testcase classname="TransporterProfile.TC_250tcTC_300TransporterProfile" name="TC_006CompanynameTextFieldwithInput" time="0.0">
    <skipped/>
  </testcase> <!-- TC_006CompanynameTextFieldwithInput -->
  <testcase classname="TransporterProfile.TC_250tcTC_300TransporterProfile" name="TC_251businesshour_Pasteforday" time="0.002">
    <skipped/>
  </testcase> <!-- TC_251businesshour_Pasteforday -->
  <testcase classname="TransporterProfile.TC_250tcTC_300TransporterProfile" name="TC_252businesshour_withClose" time="0.0">
    <skipped/>
  </testcase> <!-- TC_252businesshour_withClose -->
  <testcase classname="TransporterProfile.TC_250tcTC_300TransporterProfile" name="TC_253businesshours_WithAutosave" time="0.0">
    <skipped/>
  </testcase> <!-- TC_253businesshours_WithAutosave -->
  <testcase classname="TransporterProfile.TC_250tcTC_300TransporterProfile" name="TC_254shortdescription_withInput" time="0.0">
    <skipped/>
  </testcase> <!-- TC_254shortdescription_withInput -->
  <testcase classname="TransporterProfile.TC_250tcTC_300TransporterProfile" name="TC_255shortdescription_withalphabets" time="0.0">
    <skipped/>
  </testcase> <!-- TC_255shortdescription_withalphabets -->
  <testcase classname="TransporterProfile.TC_250tcTC_300TransporterProfile" name="TC_256shortdescription_withNumbers" time="0.0">
    <skipped/>
  </testcase> <!-- TC_256shortdescription_withNumbers -->
  <testcase classname="TransporterProfile.TC_250tcTC_300TransporterProfile" name="TC_257shortdescription_withspecialcharacters" time="0.0">
    <skipped/>
  </testcase> <!-- TC_257shortdescription_withspecialcharacters -->
  <testcase classname="TransporterProfile.TC_250tcTC_300TransporterProfile" name="TC_258Bio_withInput" time="0.0">
    <skipped/>
  </testcase> <!-- TC_258Bio_withInput -->
  <testcase classname="TransporterProfile.TC_250tcTC_300TransporterProfile" name="TC_259Bio_withalphabets" time="0.0">
    <skipped/>
  </testcase> <!-- TC_259Bio_withalphabets -->
  <testcase classname="TransporterProfile.TC_250tcTC_300TransporterProfile" name="TC_260Bio_withNumbers" time="0.0">
    <skipped/>
  </testcase> <!-- TC_260Bio_withNumbers -->
  <testcase classname="TransporterProfile.TC_250tcTC_300TransporterProfile" name="TC_261Bio_withSpecialcharacters" time="0.0">
    <skipped/>
  </testcase> <!-- TC_261Bio_withSpecialcharacters -->
  <testcase classname="TransporterProfile.TC_250tcTC_300TransporterProfile" name="TC_262ShortDescription_withAutosave" time="0.0">
    <skipped/>
  </testcase> <!-- TC_262ShortDescription_withAutosave -->
  <testcase classname="TransporterProfile.TC_250tcTC_300TransporterProfile" name="TC_263serviceoffered_Tooltip" time="0.0">
    <skipped/>
  </testcase> <!-- TC_263serviceoffered_Tooltip -->
  <testcase classname="TransporterProfile.TC_250tcTC_300TransporterProfile" name="TC_264serviceoffered_withServices" time="0.0">
    <skipped/>
  </testcase> <!-- TC_264serviceoffered_withServices -->
  <testcase classname="TransporterProfile.TC_250tcTC_300TransporterProfile" name="TC_265serviceoffered_withMainservice" time="0.0">
    <skipped/>
  </testcase> <!-- TC_265serviceoffered_withMainservice -->
  <testcase classname="TransporterProfile.TC_250tcTC_300TransporterProfile" name="TC_266serviceoffered_withSubwaste" time="0.0">
    <skipped/>
  </testcase> <!-- TC_266serviceoffered_withSubwaste -->
  <testcase classname="TransporterProfile.TC_250tcTC_300TransporterProfile" name="TC_267serviceofferes_WithDisablewaste" time="0.0">
    <skipped/>
  </testcase> <!-- TC_267serviceofferes_WithDisablewaste -->
  <testcase classname="TransporterProfile.TC_250tcTC_300TransporterProfile" name="TC_268serviceoffered_uncheckIndividually" time="0.0">
    <skipped/>
  </testcase> <!-- TC_268serviceoffered_uncheckIndividually -->
  <testcase classname="TransporterProfile.TC_250tcTC_300TransporterProfile" name="TC_269serviceoffered_Uncheckmainservice" time="0.0">
    <skipped/>
  </testcase> <!-- TC_269serviceoffered_Uncheckmainservice -->
  <testcase classname="TransporterProfile.TC_250tcTC_300TransporterProfile" name="TC_270serviceoffered_Autosave" time="0.0">
    <skipped/>
  </testcase> <!-- TC_270serviceoffered_Autosave -->
  <testcase classname="TransporterProfile.TC_250tcTC_300TransporterProfile" name="TC_271DispatchEmail_withInput" time="0.0">
    <skipped/>
  </testcase> <!-- TC_271DispatchEmail_withInput -->
  <testcase classname="TransporterProfile.TC_250tcTC_300TransporterProfile" name="TC_272DispatchEmail_withalphabets" time="0.0">
    <skipped/>
  </testcase> <!-- TC_272DispatchEmail_withalphabets -->
  <testcase classname="TransporterProfile.TC_250tcTC_300TransporterProfile" name="TC_273DispatchEmail_withnumbers" time="0.0">
    <skipped/>
  </testcase> <!-- TC_273DispatchEmail_withnumbers -->
  <testcase classname="TransporterProfile.TC_250tcTC_300TransporterProfile" name="TC_274dispatchEmail_withspecialcharacters" time="0.0">
    <skipped/>
  </testcase> <!-- TC_274dispatchEmail_withspecialcharacters -->
  <testcase classname="TransporterProfile.TC_250tcTC_300TransporterProfile" name="TC_275dispatchEmail_withInavalidformat" time="0.0">
    <skipped/>
  </testcase> <!-- TC_275dispatchEmail_withInavalidformat -->
  <testcase classname="TransporterProfile.TC_250tcTC_300TransporterProfile" name="TC_276dispatchEmail_withoutInput" time="0.002">
    <skipped/>
  </testcase> <!-- TC_276dispatchEmail_withoutInput -->
  <testcase classname="TransporterProfile.TC_250tcTC_300TransporterProfile" name="TC_277dispatchEmail_withAutosave" time="0.0">
    <skipped/>
  </testcase> <!-- TC_277dispatchEmail_withAutosave -->
  <testcase classname="TransporterProfile.TC_250tcTC_300TransporterProfile" name="TC_278dispatchPhone_withInput" time="0.0">
    <skipped/>
  </testcase> <!-- TC_278dispatchPhone_withInput -->
  <testcase classname="TransporterProfile.TC_250tcTC_300TransporterProfile" name="TC_279dispatchPhone_withalphabets" time="0.0">
    <skipped/>
  </testcase> <!-- TC_279dispatchPhone_withalphabets -->
  <testcase classname="TransporterProfile.TC_250tcTC_300TransporterProfile" name="TC_280dispatchPhone_Withnumbers" time="0.0">
    <skipped/>
  </testcase> <!-- TC_280dispatchPhone_Withnumbers -->
  <testcase classname="TransporterProfile.TC_250tcTC_300TransporterProfile" name="TC_281dispatchPhone_withspecialcharacters" time="0.0">
    <skipped/>
  </testcase> <!-- TC_281dispatchPhone_withspecialcharacters -->
  <testcase classname="TransporterProfile.TC_250tcTC_300TransporterProfile" name="TC_282dispatchPhone_morethan10digits" time="0.0">
    <skipped/>
  </testcase> <!-- TC_282dispatchPhone_morethan10digits -->
  <testcase classname="TransporterProfile.TC_250tcTC_300TransporterProfile" name="TC_283dispatchPhone_lessthan10digits" time="0.0">
    <skipped/>
  </testcase> <!-- TC_283dispatchPhone_lessthan10digits -->
  <testcase classname="TransporterProfile.TC_250tcTC_300TransporterProfile" name="TC_284dispatchPhone_withoutInput" time="0.0">
    <skipped/>
  </testcase> <!-- TC_284dispatchPhone_withoutInput -->
  <testcase classname="TransporterProfile.TC_250tcTC_300TransporterProfile" name="TC_285dispatchPhone_WithAutosave" time="0.0">
    <skipped/>
  </testcase> <!-- TC_285dispatchPhone_WithAutosave -->
  <testcase classname="TransporterProfile.TC_250tcTC_300TransporterProfile" name="TC_286dispatchExt_withInput" time="0.0">
    <skipped/>
  </testcase> <!-- TC_286dispatchExt_withInput -->
  <testcase classname="TransporterProfile.TC_250tcTC_300TransporterProfile" name="TC_287dispatchExt_withalphabets" time="0.0">
    <skipped/>
  </testcase> <!-- TC_287dispatchExt_withalphabets -->
  <testcase classname="TransporterProfile.TC_250tcTC_300TransporterProfile" name="TC_288dispatchExt_withnumbers" time="0.0">
    <skipped/>
  </testcase> <!-- TC_288dispatchExt_withnumbers -->
  <testcase classname="TransporterProfile.TC_250tcTC_300TransporterProfile" name="TC_289dispatchExt_withspecialcharacters" time="0.0">
    <skipped/>
  </testcase> <!-- TC_289dispatchExt_withspecialcharacters -->
  <testcase classname="TransporterProfile.TC_250tcTC_300TransporterProfile" name="TC_290dispatchExt_withoutInput" time="0.0">
    <skipped/>
  </testcase> <!-- TC_290dispatchExt_withoutInput -->
  <testcase classname="TransporterProfile.TC_250tcTC_300TransporterProfile" name="TC_291dispatchExt_withAutosave" time="0.0">
    <skipped/>
  </testcase> <!-- TC_291dispatchExt_withAutosave -->
  <testcase classname="TransporterProfile.TC_250tcTC_300TransporterProfile" name="TC_292subcontractor_OptinButton" time="0.0">
    <skipped/>
  </testcase> <!-- TC_292subcontractor_OptinButton -->
  <testcase classname="TransporterProfile.TC_250tcTC_300TransporterProfile" name="TC_293subcontractor_categoriesSelect" time="0.0">
    <skipped/>
  </testcase> <!-- TC_293subcontractor_categoriesSelect -->
  <testcase classname="TransporterProfile.TC_250tcTC_300TransporterProfile" name="TC_294subcontractor_categoriesMorethan3" time="0.0">
    <skipped/>
  </testcase> <!-- TC_294subcontractor_categoriesMorethan3 -->
  <testcase classname="TransporterProfile.TC_250tcTC_300TransporterProfile" name="TC_295subcontractor_withoutCategory" time="0.0">
    <skipped/>
  </testcase> <!-- TC_295subcontractor_withoutCategory -->
  <testcase classname="TransporterProfile.TC_300toTc_320TransporterProfile" name="TC_001VerifySignUpPage" time="5.115"/>
  <testcase classname="TransporterProfile.TC_300toTc_320TransporterProfile" name="TC_002AcceptTerms" time="0.384"/>
  <testcase classname="TransporterProfile.TC_300toTc_320TransporterProfile" name="TC_006CompanynameTextFieldwithInput" time="0.381"/>
  <testcase classname="TransporterProfile.TC_300toTc_320TransporterProfile" name="TC_292subcontractor_OptinButton" time="0.111"/>
  <testcase classname="TransporterProfile.TC_300toTc_320TransporterProfile" name="TC_293subcontractor_categoriesSelect" time="0.371"/>
  <testcase classname="TransporterProfile.TC_300toTc_320TransporterProfile" name="TC_294subcontractor_categoriesMorethan3" time="1.19"/>
  <testcase classname="TransporterProfile.TC_300toTc_320TransporterProfile" name="TC_295subcontractor_withoutCategory" time="30.588">
    <failure type="org.openqa.selenium.NoSuchElementException" message="no such element: Unable to locate element: {&amp;quot;method&amp;quot;:&amp;quot;xpath&amp;quot;,&amp;quot;selector&amp;quot;:&amp;quot;//p[contains(text(),&amp;apos;At least one category is required&amp;apos;)]&amp;quot;}
  (Session info: chrome=151.0.7922.174)
For documentation on this error, please visit: https://www.selenium.dev/documentation/webdriver/troubleshooting/errors#no-such-element-exception
Build info: version: &amp;apos;4.34.0&amp;apos;, revision: &amp;apos;707dcb4246*&amp;apos;
System info: os.name: &amp;apos;Windows 11&amp;apos;, os.arch: &amp;apos;amd64&amp;apos;, os.version: &amp;apos;10.0&amp;apos;, java.version: &amp;apos;11.0.21&amp;apos;
Driver info: org.openqa.selenium.chrome.ChromeDriver
Command: [ac0e34c58b6e3670992e7da11ffd4e75, findElement {value=//p[contains(text(),&amp;apos;At least one category is required&amp;apos;)], using=xpath}]
Capabilities {acceptInsecureCerts: false, browserName: chrome, browserVersion: 151.0.7922.174, chrome: {chromedriverVersion: 151.0.7922.138 (41fa8244239..., userDataDir: C:\Users\Rajeev nandi\AppDa...}, fedcm:accounts: true, goog:chromeOptions: {debuggerAddress: localhost:62485}, goog:processID: 44252, networkConnectionEnabled: false, pageLoadStrategy: normal, platformName: windows, proxy: Proxy(), se:cdp: ws://localhost:62485/devtoo..., se:cdpVersion: 151.0.7922.174, setWindowRect: true, strictFileInteractability: false, timeouts: {implicit: 0, pageLoad: 300000, script: 30000}, unhandledPromptBehavior: dismiss and notify, webauthn:extension:credBlob: true, webauthn:extension:largeBlob: true, webauthn:extension:minPinLength: true, webauthn:extension:prf: true, webauthn:virtualAuthenticators: true}
Session ID: ac0e34c58b6e3670992e7da11ffd4e75">
      <![CDATA[org.openqa.selenium.NoSuchElementException: no such element: Unable to locate element: {"method":"xpath","selector":"//p[contains(text(),'At least one category is required')]"}
  (Session info: chrome=151.0.7922.174)
For documentation on this error, please visit: https://www.selenium.dev/documentation/webdriver/troubleshooting/errors#no-such-element-exception
Build info: version: '4.34.0', revision: '707dcb4246*'
System info: os.name: 'Windows 11', os.arch: 'amd64', os.version: '10.0', java.version: '11.0.21'
Driver info: org.openqa.selenium.chrome.ChromeDriver
Command: [ac0e34c58b6e3670992e7da11ffd4e75, findElement {value=//p[contains(text(),'At least one category is required')], using=xpath}]
Capabilities {acceptInsecureCerts: false, browserName: chrome, browserVersion: 151.0.7922.174, chrome: {chromedriverVersion: 151.0.7922.138 (41fa8244239..., userDataDir: C:\Users\Rajeev nandi\AppDa...}, fedcm:accounts: true, goog:chromeOptions: {debuggerAddress: localhost:62485}, goog:processID: 44252, networkConnectionEnabled: false, pageLoadStrategy: normal, platformName: windows, proxy: Proxy(), se:cdp: ws://localhost:62485/devtoo..., se:cdpVersion: 151.0.7922.174, setWindowRect: true, strictFileInteractability: false, timeouts: {implicit: 0, pageLoad: 300000, script: 30000}, unhandledPromptBehavior: dismiss and notify, webauthn:extension:credBlob: true, webauthn:extension:largeBlob: true, webauthn:extension:minPinLength: true, webauthn:extension:prf: true, webauthn:virtualAuthenticators: true}
Session ID: ac0e34c58b6e3670992e7da11ffd4e75
at org.openqa.selenium.remote.ErrorCodec.decode(ErrorCodec.java:167)
at org.openqa.selenium.remote.codec.w3c.W3CHttpResponseCodec.decode(W3CHttpResponseCodec.java:138)
at org.openqa.selenium.remote.codec.w3c.W3CHttpResponseCodec.decode(W3CHttpResponseCodec.java:50)
at org.openqa.selenium.remote.HttpCommandExecutor.execute(HttpCommandExecutor.java:215)
at org.openqa.selenium.remote.service.DriverCommandExecutor.invokeExecute(DriverCommandExecutor.java:216)
at org.openqa.selenium.remote.service.DriverCommandExecutor.execute(DriverCommandExecutor.java:174)
at org.openqa.selenium.remote.RemoteWebDriver.execute(RemoteWebDriver.java:544)
at org.openqa.selenium.remote.ElementLocation$ElementFinder$2.findElement(ElementLocation.java:165)
at org.openqa.selenium.remote.ElementLocation.findElement(ElementLocation.java:59)
at org.openqa.selenium.remote.RemoteWebDriver.findElement(RemoteWebDriver.java:367)
at org.openqa.selenium.remote.RemoteWebDriver.findElement(RemoteWebDriver.java:361)
at org.openqa.selenium.support.pagefactory.DefaultElementLocator.findElement(DefaultElementLocator.java:68)
at org.openqa.selenium.support.pagefactory.internal.LocatingElementHandler.invoke(LocatingElementHandler.java:38)
at com.sun.proxy.$Proxy18.getText(Unknown Source)
at TransporterProfile.TC_300toTc_320TransporterProfile.TC_295subcontractor_withoutCategory(TC_300toTc_320TransporterProfile.java:176)
at java.base/java.util.ArrayList.forEach(ArrayList.java:1541)
... Removed 31 stack frames]]>
    </failure>
  </testcase> <!-- TC_295subcontractor_withoutCategory -->
  <testcase classname="TransporterProfile.TC_300toTc_320TransporterProfile" name="TC_308subcontractor_WithoutServiceArea" time="0.0">
    <skipped/>
  </testcase> <!-- TC_308subcontractor_WithoutServiceArea -->
  <testcase classname="TransporterProfile.TC_300toTc_320TransporterProfile" name="TC_296subcontractor_Servicearea" time="0.0">
    <skipped/>
  </testcase> <!-- TC_296subcontractor_Servicearea -->
  <testcase classname="TransporterProfile.TC_300toTc_320TransporterProfile" name="TC_297subcontractor_serviceareaCity" time="0.0">
    <skipped/>
  </testcase> <!-- TC_297subcontractor_serviceareaCity -->
  <testcase classname="TransporterProfile.TC_300toTc_320TransporterProfile" name="TC_298subcontractor_citywithInput" time="0.0">
    <skipped/>
  </testcase> <!-- TC_298subcontractor_citywithInput -->
  <testcase classname="TransporterProfile.TC_300toTc_320TransporterProfile" name="TC_299subcontractor_citywithnumbers" time="0.0">
    <skipped/>
  </testcase> <!-- TC_299subcontractor_citywithnumbers -->
  <testcase classname="TransporterProfile.TC_300toTc_320TransporterProfile" name="TC_300subcontractor_citywithSpecialcharacters" time="0.0">
    <skipped/>
  </testcase> <!-- TC_300subcontractor_citywithSpecialcharacters -->
  <testcase classname="TransporterProfile.TC_300toTc_320TransporterProfile" name="TC_301subcontractor_statewithInput" time="0.0">
    <skipped/>
  </testcase> <!-- TC_301subcontractor_statewithInput -->
  <testcase classname="TransporterProfile.TC_300toTc_320TransporterProfile" name="TC_302subcontractor_statewithdropdown" time="0.0">
    <skipped/>
  </testcase> <!-- TC_302subcontractor_statewithdropdown -->
  <testcase classname="TransporterProfile.TC_300toTc_320TransporterProfile" name="TC_303subcontractor_MileswithInput" time="0.0">
    <skipped/>
  </testcase> <!-- TC_303subcontractor_MileswithInput -->
  <testcase classname="TransporterProfile.TC_300toTc_320TransporterProfile" name="TC_304subcontractor_Mileswithalphabets" time="0.0">
    <skipped/>
  </testcase> <!-- TC_304subcontractor_Mileswithalphabets -->
  <testcase classname="TransporterProfile.TC_300toTc_320TransporterProfile" name="TC_305subcontractor_Mileswithnumbers" time="0.0">
    <skipped/>
  </testcase> <!-- TC_305subcontractor_Mileswithnumbers -->
  <testcase classname="TransporterProfile.TC_300toTc_320TransporterProfile" name="TC_306subcontracor_Mileswithspecialcharacters" time="0.0">
    <skipped/>
  </testcase> <!-- TC_306subcontracor_Mileswithspecialcharacters -->
  <testcase classname="TransporterProfile.TC_300toTc_320TransporterProfile" name="TC_307subcontractor_Addbutton" time="0.0">
    <skipped/>
  </testcase> <!-- TC_307subcontractor_Addbutton -->
  <testcase classname="TransporterProfile.TC_300toTc_320TransporterProfile" name="TC_309subcontractor_withSubmitButton" time="0.0">
    <skipped/>
  </testcase> <!-- TC_309subcontractor_withSubmitButton -->
  <testcase classname="TransporterProfile.TC_300toTc_320TransporterProfile" name="TC_310subcontractor_withAutosave" time="0.0">
    <skipped/>
  </testcase> <!-- TC_310subcontractor_withAutosave -->
</testsuite> <!-- Test -->
