<?xml version="1.0" encoding="UTF-8"?>
<!-- Generated by org.testng.reporters.JUnitXMLReporter -->
<testsuite ignored="0" hostname="RAJEEV" failures="23" tests="184" name="Billing Setting All Tc" time="10059.435" errors="0" timestamp="2026-04-29T16:21:41 IST">
  <testcase classname="OctopussaasBillingSettings.TC_001DashBoardPage" name="TC_001dashboardpage" time="0.332"/>
  <testcase classname="OctopussaasBillingSettings.TC_002TransporterPage" name="TC_002TransporterSettings" time="7.621"/>
  <testcase classname="OctopussaasBillingSettings.TC_003BilligSettingPage" name="TC_003BilligSettings" time="7.916"/>
  <testcase classname="OctopussaasBillingSettings.TC_004HardCloseTextField" name="TC_004HardCloseDateVerification" time="194.191"/>
  <testcase classname="OctopussaasBillingSettings.TC_005HardClosedaewithCurrentMonth" name="TC_005HardCloseDateWithCurrentcalender" time="83.925"/>
  <testcase classname="OctopussaasBillingSettings.TC_006YearToDateRevenue" name="TC_006YearTodateRevenueDefaultValue" time="25.573"/>
  <testcase classname="OctopussaasBillingSettings.TC_007YearToDateRevenueWithDifferentDigit" name="TC_007YearTodateRevenueWithDifferentVAlue" time="24.214"/>
  <testcase classname="OctopussaasBillingSettings.TC_008YearToDaterevenueWithDecimalNumbers" name="TC_008YearTodateRevenueWithDecimalVAlue" time="23.842"/>
  <testcase classname="OctopussaasBillingSettings.TC_009PatYearTextFields" name="TC_009PastYearTextFields" time="24.693"/>
  <testcase classname="OctopussaasBillingSettings.TC_010PastYear20225TextField" name="TC_010PastYear2025TextField" time="19.603"/>
  <testcase classname="OctopussaasBillingSettings.TC_011PastYearTextfieldWithDifferentInput" name="TC_011PastYear2025TextFieldWithInput" time="39.842"/>
  <testcase classname="OctopussaasBillingSettings.TC_012PastYear2024DefaultValue" name="TC_012PastYear2024TextFieldDefaultvalue" time="55.175"/>
  <testcase classname="OctopussaasBillingSettings.TC_013PastYear2024TextFieldWithDifferentInput" name="TC_013PastYear2024TextFieldWithInput" time="53.496"/>
  <testcase classname="OctopussaasBillingSettings.TC_014PastYear2023DefaultValue" name="TC_014PastYear2023TextFieldDefaultvalue" time="15.577"/>
  <testcase classname="OctopussaasBillingSettings.TC_015PastYear2023WithDiffernetinput" name="TC_015PastYear2023TextFieldWithInput" time="16.763"/>
  <testcase classname="OctopussaasBillingSettings.TC_016PastYear2022WithDefaultvlue" name="TC_016PastYear2022TextFieldDefaultvalue" time="14.622"/>
  <testcase classname="OctopussaasBillingSettings.TC_017PastYear2022WithDifferentInput" name="TC_017PastYear2022TextFieldWithInput" time="45.723"/>
  <testcase classname="OctopussaasBillingSettings.TC_018PastYear2021DefaultValue" name="TC_018PastYear2021TextFieldDefaultvalue" time="11.044"/>
  <testcase classname="OctopussaasBillingSettings.TC_019PastYear2021WithDifferentInput" name="TC_019PastYear2021TextFieldWithInput" time="15.765"/>
  <testcase classname="OctopussaasBillingSettings.TC_020Pastyear2020DefaultValue" name="TC_020PastYear2020TextFieldDefaultvalue" time="9.357"/>
  <testcase classname="OctopussaasBillingSettings.TC_021PastYear2020WithDifferentInput" name="TC_021PastYear2020TextFieldWithInput" time="19.411"/>
  <testcase classname="OctopussaasBillingSettings.TC_022PastYear2019DefaultValue" name="TC_022PastYear2019TextFieldDefaultvalue" time="11.431"/>
  <testcase classname="OctopussaasBillingSettings.TC_023PastYear2019WithDifferentValue" name="TC_023PastYear2019TextFieldWithInput" time="18.355"/>
  <testcase classname="OctopussaasBillingSettings.TC_024PastYear2018DefaultValue" name="TC_024PastYear2018TextFieldDefaultvalue" time="10.5"/>
  <testcase classname="OctopussaasBillingSettings.TC_025PastYear2018WithdifferentValue" name="TC_025PastYear2018TextFieldWithInput" time="11.925"/>
  <testcase classname="OctopussaasBillingSettings.TC_026PastYear2017DefaultValue" name="TC_026PastYear2017TextFieldDefaultvalue" time="9.337"/>
  <testcase classname="OctopussaasBillingSettings.TC_027Pastyear2017WithDiffererntInput" name="TC_027PastYear2017TextFieldWithInput" time="12.255"/>
  <testcase classname="OctopussaasBillingSettings.TC_028PastYear2016DefaultValue" name="TC_028PastYear2016TextFieldDefaultvalue" time="9.077"/>
  <testcase classname="OctopussaasBillingSettings.TC_029PastYear2016withDifferentValue" name="TC_029PastYear2016TextFieldWithInput" time="13.449"/>
  <testcase classname="OctopussaasBillingSettings.TC_030InvoiceCheckBoxPopUp" name="TC_030InvoiceChcekBOxPopup" time="19.645"/>
  <testcase classname="OctopussaasBillingSettings.TC_031InvoiceChcekBoxWithConfirmAndCancelBtnInPOpup" name="TC_031InvoiceChcekBoxWithConfirmandCancekBtn" time="10.255"/>
  <testcase classname="OctopussaasBillingSettings.TC_032InvoiceDateChcekboxWithpopup" name="TC_032InvoiceDateChcekbOxWithPopUP" time="12.747"/>
  <testcase classname="OctopussaasBillingSettings.TC_033InvoiceDatewithConfirmandCancelBtn" name="TC_033InvoiceDateChcekPopUpConfirmAndcancelBt" time="13.26"/>
  <testcase classname="OctopussaasBillingSettings.TC_034DueDateCheckBOx" name="TC_034DueDateChcekBOx" time="13.001"/>
  <testcase classname="OctopussaasBillingSettings.TC_035TermsCheckBox" name="TC_035TermsChcekBOx" time="13.317"/>
  <testcase classname="OctopussaasBillingSettings.TC_036InvoiceTotalChcekBox" name="TC_036InvoiceTotalChcekBOx" time="19.113"/>
  <testcase classname="OctopussaasBillingSettings.TC_037BillToCheckBOx" name="TC_037BillToCheckBox" time="28.743"/>
  <testcase classname="OctopussaasBillingSettings.TC_038PreviousBalancecheckBox" name="TC_038PreviousBalanceCheckBox" time="15.295"/>
  <testcase classname="OctopussaasBillingSettings.TC_039AutoPayStatus" name="TC_039AutoPayStatus" time="16.369"/>
  <testcase classname="OctopussaasBillingSettings.TC_040LastApymentCheckBox" name="TC_040alstpaymentChcekBox" time="15.07"/>
  <testcase classname="OctopussaasBillingSettings.TC_041OverduetotalNotice" name="TC_041OverdueTotalNotice" time="17.541"/>
  <testcase classname="OctopussaasBillingSettings.TC_042AccountnumberChcekBox" name="TC_042AccountNumbercheckBox" time="15.545"/>
  <testcase classname="OctopussaasBillingSettings.TC_043GeneratorLocationNameCheckBox" name="TC_043GeneratorLocationNamecheckBox" time="15.299"/>
  <testcase classname="OctopussaasBillingSettings.TC_044GeneratorServiceAddressCheckBox" name="TC_044GeneratorServiceAddresscheckBox" time="15.907"/>
  <testcase classname="OctopussaasBillingSettings.TC_045ServiceDateChcekbox" name="TC_045ServiceDatecheckBox" time="21.927"/>
  <testcase classname="OctopussaasBillingSettings.TC_046DocumentIdchcekBox" name="TC_046DocumentIdcheckBox" time="21.73"/>
  <testcase classname="OctopussaasBillingSettings.TC_047DescriptionCheckBox" name="TC_047DescriptioncheckBox" time="16.628"/>
  <testcase classname="OctopussaasBillingSettings.TC_048QuantityChcekBox" name="TC_048QuantitycheckBox" time="19.921"/>
  <testcase classname="OctopussaasBillingSettings.TC_049WeightCheckBox" name="TC_049WeightcheckBox" time="15.21"/>
  <testcase classname="OctopussaasBillingSettings.TC_050TotalChcekBox" name="TC_050TotalcheckBox" time="15.971"/>
  <testcase classname="OctopussaasBillingSettings.TC_051TaxesCheckbox" name="TC_051TaxescheckBox" time="15.59"/>
  <testcase classname="OctopussaasBillingSettings.TC_052SubTotalCheckbox" name="TC_052SubTotalcheckBox" time="15.65"/>
  <testcase classname="OctopussaasBillingSettings.TC_053RateCheckBOx" name="TC_053RatecheckBox" time="17.085"/>
  <testcase classname="OctopussaasBillingSettings.TC_054DiscountCheckBox" name="TC_054DiscountcheckBox" time="14.766"/>
  <testcase classname="OctopussaasBillingSettings.TC_055InvoiceTotalCkeckBoxFromInvoiceFooter" name="TC_055InvoiceTotalcheckBox" time="16.781"/>
  <testcase classname="OctopussaasBillingSettings.TC_056AgingreportChcekBox" name="TC_056AgingreportCheckBox" time="21.279"/>
  <testcase classname="OctopussaasBillingSettings.TC_057paymetVoucherCheckBox" name="TC_057PaymentVoucherCheckBox" time="15.209"/>
  <testcase classname="OctopussaasBillingSettings.TC_058CustomInvoiceTextFieledWithDefaultData" name="TC_058CustomInvioceWithDefaultData" time="11.645"/>
  <testcase classname="OctopussaasBillingSettings.TC_059CustomInvoiceAppendText" name="TC_059AppendCustomInvoiceText" time="19.646"/>
  <testcase classname="OctopussaasBillingSettings.TC_060PaymentTermsDD" name="TC_060PaymentTermsDDwithdefaultValue" time="12.476"/>
  <testcase classname="OctopussaasBillingSettings.TC_061PaymentTermsDropdownWithElements" name="TC_061PaymentTermsDDwithelement" time="12.522"/>
  <testcase classname="OctopussaasBillingSettings.TC_062PaymenttermsDDwith2ndElement" name="TC_062PaymentTermsDDwithelSecondElemetNet10" time="11.106"/>
  <testcase classname="OctopussaasBillingSettings.TC_063PaymentTermswith3rdelementNet15" name="TC_063PaymentTermsDDwitheThirdElementNet15" time="11.597"/>
  <testcase classname="OctopussaasBillingSettings.TC_064PaymentTermDDwith4thelemet30" name="TC_064PaymentTermsDDwitheFourtElemet30" time="11.312"/>
  <testcase classname="OctopussaasBillingSettings.TC_065Paymenttermswith5thelemetNet45" name="TC_065PaymentTermsDDwitheFithelementNet45" time="13.269"/>
  <testcase classname="OctopussaasBillingSettings.TC_066PaymenttermsDDwith6thElementNet60" name="TC_066PaymentTermsDDwitheSixthelementNet60" time="10.743"/>
  <testcase classname="OctopussaasBillingSettings.TC_067PaymentTermsDDwith7thelementNet90" name="TC_067PaymentTermsDDwitheSeventhelementNet90" time="11.087"/>
  <testcase classname="OctopussaasBillingSettings.TC_068PaymenttermsDDwith8thElement120" name="TC_068PaymentTermsDDwitheEigthElemetNet120" time="12.822"/>
  <testcase classname="OctopussaasBillingSettings.TC_069PaymentTermsWith9thelemtDueOnelement" name="TC_069PaymentTermsDDwitheNinthelementDueonRecipt" time="17.589"/>
  <testcase classname="OctopussaasBillingSettings.TC_070AddpaymentTypeLinkPopup" name="TC_070AddpaymentTypeLinkPopup" time="17.388"/>
  <testcase classname="OctopussaasBillingSettings.TC_071AddPaymentPopWithEmptyTextFieldAndCancelbutton" name="TC_071AddpaymentTypeLinkPopupWithEmptyTxetFieldandCancelbtn" time="14.664"/>
  <testcase classname="OctopussaasBillingSettings.TC_072AddPaymentTypeWithValidInput" name="TC_072AddpaymentTypeWithValidInput" time="19.838"/>
  <testcase classname="OctopussaasBillingSettings.TC_073AddnewPaymentTypeWithCheckBox" name="TC_073AddpaymentTypeWithValidInputandCheckBox" time="21.86"/>
  <testcase classname="OctopussaasBillingSettings.TC_074AddnewPaymetTypeWithDuplicateInput" name="TC_074AddpaymentTypeWithDuplicateInput" time="20.057"/>
  <testcase classname="OctopussaasBillingSettings.TC_075AcceptedPaymenttypewithDefaultValues" name="TC_075AcceptedpaymentTypeWithDefaultvalue" time="11.899"/>
  <testcase classname="OctopussaasBillingSettings.TC_076AcceptpaymentTypewithNewlyaddedValue" name="TC_076AcceptPAymentTypeWithNewlyAdded" time="11.071"/>
  <testcase classname="OctopussaasBillingSettings.TC_077AutoapplyExcessPaymenttofutureinvoice" name="TC_077AutopayExcessPaymentFutureInvoice" time="10.628"/>
  <testcase classname="OctopussaasBillingSettings.TC_078HoldExcesspaymentasAccountCredit" name="TC_078HoldExcesspaymentAccountCreadit" time="10.498"/>
  <testcase classname="OctopussaasBillingSettings.TC_079ElectronicBillingCheckbox" name="TC_079ElectronicBilling" time="11.219"/>
  <testcase classname="OctopussaasBillingSettings.TC_080GeneratorPortalBillingCheckBox" name="TC_080GeneraorPortalBillingChcekBox" time="11.881"/>
  <testcase classname="OctopussaasBillingSettings.TC_081PaparBillingCheckBox" name="TC_081PaperBillingChcekBox" time="11.39"/>
  <testcase classname="OctopussaasBillingSettings.TC_082InvoiceDeliverwithMultiplechcekBox" name="TC_082InvoiceDeliverWithMultipleCheckBox" time="12.203"/>
  <testcase classname="OctopussaasBillingSettings.TC_083ReplaytoEmailAdressWithValidInPut" name="TC_083ReplayToEmailAddressWithValidInput" time="11.26"/>
  <testcase classname="OctopussaasBillingSettings.TC_084OctoSmartManifestChcekBox" name="TC_084OctoSmartManifestChcekBox" time="11.927"/>
  <testcase classname="OctopussaasBillingSettings.TC_085OctoDeliveryReciptChcekBOx" name="TC_085OctoDeliveryReciptChcekBox" time="11.164"/>
  <testcase classname="OctopussaasBillingSettings.TC_086OctoShreddingService" name="TC_086OctoShreddingServiceCheckBox" time="11.812"/>
  <testcase classname="OctopussaasBillingSettings.TC_087OctoShreddingWithMultipleCheckBox" name="TC_087OctoShreddingServiceWithMultipleCheckBox" time="11.364"/>
  <testcase classname="OctopussaasBillingSettings.TC_088NotificationFrequency" name="TC_088NotificationfrequencyCheckBox" time="12.684"/>
  <testcase classname="OctopussaasBillingSettings.TC_089InitialCheckBoxAutomaticReminder" name="TC_089NotificationfrequencyIntialCheckBox" time="12.504"/>
  <testcase classname="OctopussaasBillingSettings.TC_090InitialCheckBoxwithDaysTextField" name="TC_090InitialCheckBoxwithDaysTextField" time="21.364"/>
  <testcase classname="OctopussaasBillingSettings.TC_091DisappearDyasTextFieldWithoutCheck" name="TC_091DaytextfieldDisapperWithoutInitialcheckbox" time="18.175"/>
  <testcase classname="OctopussaasBillingSettings.TC_092SubsequentCheckbox" name="TC_092SubsequentCheckBox" time="32.039">
    <failure type="org.openqa.selenium.NoSuchElementException" message="no such element: Unable to locate element: {&amp;quot;method&amp;quot;:&amp;quot;xpath&amp;quot;,&amp;quot;selector&amp;quot;:&amp;quot;//img[@alt=&amp;apos;User Avatar&amp;apos;]&amp;quot;}
  (Session info: chrome=147.0.7727.116)
For documentation on this error, please visit: https://www.selenium.dev/documentation/webdriver/troubleshooting/errors#no-such-element-exception
Build info: version: &amp;apos;4.34.0&amp;apos;, revision: &amp;apos;707dcb4246*&amp;apos;
System info: os.name: &amp;apos;Windows 11&amp;apos;, os.arch: &amp;apos;amd64&amp;apos;, os.version: &amp;apos;10.0&amp;apos;, java.version: &amp;apos;21.0.2&amp;apos;
Driver info: org.openqa.selenium.chrome.ChromeDriver
Command: [9b315f6a20b65ec282cac180ccb3528e, findElement {using=xpath, value=//img[@alt=&amp;apos;User Avatar&amp;apos;]}]
Capabilities {acceptInsecureCerts: false, browserName: chrome, browserVersion: 147.0.7727.116, chrome: {chromedriverVersion: 147.0.7727.117 (474cc805edd..., userDataDir: C:\Users\Rajeev nandi\AppDa...}, fedcm:accounts: true, goog:chromeOptions: {debuggerAddress: localhost:52000}, goog:processID: 21336, networkConnectionEnabled: false, pageLoadStrategy: normal, platformName: windows, proxy: Proxy(), se:cdp: ws://localhost:52000/devtoo..., se:cdpVersion: 147.0.7727.116, setWindowRect: true, strictFileInteractability: false, timeouts: {implicit: 0, pageLoad: 300000, script: 30000}, unhandledPromptBehavior: dismiss and notify, webauthn:extension:credBlob: true, webauthn:extension:largeBlob: true, webauthn:extension:minPinLength: true, webauthn:extension:prf: true, webauthn:virtualAuthenticators: true}
Session ID: 9b315f6a20b65ec282cac180ccb3528e">
      <![CDATA[org.openqa.selenium.NoSuchElementException: no such element: Unable to locate element: {"method":"xpath","selector":"//img[@alt='User Avatar']"}
  (Session info: chrome=147.0.7727.116)
For documentation on this error, please visit: https://www.selenium.dev/documentation/webdriver/troubleshooting/errors#no-such-element-exception
Build info: version: '4.34.0', revision: '707dcb4246*'
System info: os.name: 'Windows 11', os.arch: 'amd64', os.version: '10.0', java.version: '21.0.2'
Driver info: org.openqa.selenium.chrome.ChromeDriver
Command: [9b315f6a20b65ec282cac180ccb3528e, findElement {using=xpath, value=//img[@alt='User Avatar']}]
Capabilities {acceptInsecureCerts: false, browserName: chrome, browserVersion: 147.0.7727.116, chrome: {chromedriverVersion: 147.0.7727.117 (474cc805edd..., userDataDir: C:\Users\Rajeev nandi\AppDa...}, fedcm:accounts: true, goog:chromeOptions: {debuggerAddress: localhost:52000}, goog:processID: 21336, networkConnectionEnabled: false, pageLoadStrategy: normal, platformName: windows, proxy: Proxy(), se:cdp: ws://localhost:52000/devtoo..., se:cdpVersion: 147.0.7727.116, setWindowRect: true, strictFileInteractability: false, timeouts: {implicit: 0, pageLoad: 300000, script: 30000}, unhandledPromptBehavior: dismiss and notify, webauthn:extension:credBlob: true, webauthn:extension:largeBlob: true, webauthn:extension:minPinLength: true, webauthn:extension:prf: true, webauthn:virtualAuthenticators: true}
Session ID: 9b315f6a20b65ec282cac180ccb3528e
at org.openqa.selenium.remote.ErrorCodec.decode(ErrorCodec.java:167)
at org.openqa.selenium.remote.codec.w3c.W3CHttpResponseCodec.decode(W3CHttpResponseCodec.java:138)
at org.openqa.selenium.remote.codec.w3c.W3CHttpResponseCodec.decode(W3CHttpResponseCodec.java:50)
at org.openqa.selenium.remote.HttpCommandExecutor.execute(HttpCommandExecutor.java:215)
at org.openqa.selenium.remote.service.DriverCommandExecutor.invokeExecute(DriverCommandExecutor.java:216)
at org.openqa.selenium.remote.service.DriverCommandExecutor.execute(DriverCommandExecutor.java:174)
at org.openqa.selenium.remote.RemoteWebDriver.execute(RemoteWebDriver.java:544)
at org.openqa.selenium.remote.ElementLocation$ElementFinder$2.findElement(ElementLocation.java:165)
at org.openqa.selenium.remote.ElementLocation.findElement(ElementLocation.java:59)
at org.openqa.selenium.remote.RemoteWebDriver.findElement(RemoteWebDriver.java:367)
at org.openqa.selenium.remote.RemoteWebDriver.findElement(RemoteWebDriver.java:361)
at org.openqa.selenium.support.pagefactory.DefaultElementLocator.findElement(DefaultElementLocator.java:68)
at org.openqa.selenium.support.pagefactory.internal.LocatingElementHandler.invoke(LocatingElementHandler.java:38)
at jdk.proxy2/jdk.proxy2.$Proxy18.click(Unknown Source)
at OctopussaasBillingSettings.TC_092SubsequentCheckbox.TC_092SubsequentCheckBox(TC_092SubsequentCheckbox.java:41)
at java.base/java.util.ArrayList.forEach(ArrayList.java:1596)
... Removed 28 stack frames]]>
    </failure>
  </testcase> <!-- TC_092SubsequentCheckBox -->
  <testcase classname="OctopussaasBillingSettings.TC_093SubsequentWithdaysTextfield" name="TC_093SubsequentCheckBoxWithDaysTextfield" time="14.575"/>
  <testcase classname="OctopussaasBillingSettings.TC_094SubsequentDaysWithoutCheckbox" name="TC_094SubsequentDaysWithoutCheckbox" time="16.744"/>
  <testcase classname="OctopussaasBillingSettings.TC_095InvoiceReminderinitialCheckBox" name="TC_095InvoicereminderemailInitialChcekbox" time="34.24"/>
  <testcase classname="OctopussaasBillingSettings.TC_096InvoiceReminderChcekBOxwithDyas" name="TC_096InvoicereminderemailInitialChcekboxWithDaysTextfield" time="32.158"/>
  <testcase classname="OctopussaasBillingSettings.TC_097SecondInitialCheckboxWithoutChcekDyasTextField" name="TC_097SecondInitialCheckboxWithoutChcekDyasTextfield" time="15.005"/>
  <testcase classname="OctopussaasBillingSettings.TC_098SubsequentCheckboxOverdueInvoiceReminder" name="TC_098SubsequentCheckboxOverdueInvoicereminder" time="14.075"/>
  <testcase classname="OctopussaasBillingSettings.TC_099SubsequentCheckBoxWithDaysTextField" name="TC_099SubsequentCheckBoxWithDaysTextfield" time="24.081"/>
  <testcase classname="OctopussaasBillingSettings.TC_100SubsequentDaysTxtWithoutCheck" name="TC_100SubsequentDaysTxtWithoutcheck" time="17.002"/>
  <testcase classname="OctopussaasBillingSettings.TC_101SendPaymentConfirmationEmailCheckbox" name="TC_101SendPaymentConfirmationEmailcheckbox" time="14.733"/>
  <testcase classname="OctopussaasBillingSettings.TC_102SuspensionSettingsCheckBox" name="TC_102SuspensionSettingscheckBox" time="14.066"/>
  <testcase classname="OctopussaasBillingSettings.TC_103AutomaticSuspensionSettingDropdown" name="TC_103AutomaticSuspensionSettingdropdown" time="14.587"/>
  <testcase classname="OctopussaasBillingSettings.TC_104AutomatiocSuspensiondropdownwithSetofvalue" name="TC_104AutomatiocSuspensiondropdownwithSetofvalue" time="18.927"/>
  <testcase classname="OctopussaasBillingSettings.TC_105AutomaticSuspensiondropdownwith1stvalue" name="TC_105AutomaticSuspensiondropdownwith1stvalue" time="16.261"/>
  <testcase classname="OctopussaasBillingSettings.TC_106AutmaticSuspensiondropdownwith2ndvlause" name="TC_106AutmaticSuspensiondropdownwith2ndvlause" time="18.627"/>
  <testcase classname="OctopussaasBillingSettings.TC_107AutmaticSuspensiondropdownwith3ndvlause" name="TC_107AutmaticSuspensiondropdownwith3ndvlause" time="25.192"/>
  <testcase classname="OctopussaasBillingSettings.TC_108AutmaticSuspensiondropdownwith4thvlause" name="TC_108AutmaticSuspensiondropdownwith4thvlause" time="23.809"/>
  <testcase classname="OctopussaasBillingSettings.TC_109AutmaticSuspensiondropdownwith5thvlause" name="TC_109AutmaticSuspensiondropdownwith5thvlause" time="18.111"/>
  <testcase classname="OctopussaasBillingSettings.TC_110AutmaticSuspensiondropdownwith6thvlause" name="TC_110AutmaticSuspensiondropdownwith6thvlause" time="27.467"/>
  <testcase classname="OctopussaasBillingSettings.TC_111AutmaticSuspensiondropdownwith7thvlause" name="TC_111AutmaticSuspensiondropdownwith7thvlause" time="15.868"/>
  <testcase classname="OctopussaasBillingSettings.TC_112AutmaticSuspensiondropdownwith8thvlause" name="TC_112AutmaticSuspensiondropdownwith8thvlause" time="24.86"/>
  <testcase classname="OctopussaasBillingSettings.TC_113AutmaticSuspensiondropdownwith9thvlause" name="TC_113AutmaticSuspensiondropdownwith9thvlause" time="16.24"/>
  <testcase classname="OctopussaasBillingSettings.TC_114AutmaticSuspensiondropdownwith10thvlause" name="TC_114AutmaticSuspensiondropdownwith10thvlause" time="32.074">
    <failure type="org.openqa.selenium.NoSuchElementException" message="no such element: Unable to locate element: {&amp;quot;method&amp;quot;:&amp;quot;xpath&amp;quot;,&amp;quot;selector&amp;quot;:&amp;quot;//img[@alt=&amp;apos;User Avatar&amp;apos;]&amp;quot;}
  (Session info: chrome=147.0.7727.116)
For documentation on this error, please visit: https://www.selenium.dev/documentation/webdriver/troubleshooting/errors#no-such-element-exception
Build info: version: &amp;apos;4.34.0&amp;apos;, revision: &amp;apos;707dcb4246*&amp;apos;
System info: os.name: &amp;apos;Windows 11&amp;apos;, os.arch: &amp;apos;amd64&amp;apos;, os.version: &amp;apos;10.0&amp;apos;, java.version: &amp;apos;21.0.2&amp;apos;
Driver info: org.openqa.selenium.chrome.ChromeDriver
Command: [ac941d680a0877382391c8162dca2b20, findElement {using=xpath, value=//img[@alt=&amp;apos;User Avatar&amp;apos;]}]
Capabilities {acceptInsecureCerts: false, browserName: chrome, browserVersion: 147.0.7727.116, chrome: {chromedriverVersion: 147.0.7727.117 (474cc805edd..., userDataDir: C:\Users\Rajeev nandi\AppDa...}, fedcm:accounts: true, goog:chromeOptions: {debuggerAddress: localhost:60077}, goog:processID: 25608, networkConnectionEnabled: false, pageLoadStrategy: normal, platformName: windows, proxy: Proxy(), se:cdp: ws://localhost:60077/devtoo..., se:cdpVersion: 147.0.7727.116, setWindowRect: true, strictFileInteractability: false, timeouts: {implicit: 0, pageLoad: 300000, script: 30000}, unhandledPromptBehavior: dismiss and notify, webauthn:extension:credBlob: true, webauthn:extension:largeBlob: true, webauthn:extension:minPinLength: true, webauthn:extension:prf: true, webauthn:virtualAuthenticators: true}
Session ID: ac941d680a0877382391c8162dca2b20">
      <![CDATA[org.openqa.selenium.NoSuchElementException: no such element: Unable to locate element: {"method":"xpath","selector":"//img[@alt='User Avatar']"}
  (Session info: chrome=147.0.7727.116)
For documentation on this error, please visit: https://www.selenium.dev/documentation/webdriver/troubleshooting/errors#no-such-element-exception
Build info: version: '4.34.0', revision: '707dcb4246*'
System info: os.name: 'Windows 11', os.arch: 'amd64', os.version: '10.0', java.version: '21.0.2'
Driver info: org.openqa.selenium.chrome.ChromeDriver
Command: [ac941d680a0877382391c8162dca2b20, findElement {using=xpath, value=//img[@alt='User Avatar']}]
Capabilities {acceptInsecureCerts: false, browserName: chrome, browserVersion: 147.0.7727.116, chrome: {chromedriverVersion: 147.0.7727.117 (474cc805edd..., userDataDir: C:\Users\Rajeev nandi\AppDa...}, fedcm:accounts: true, goog:chromeOptions: {debuggerAddress: localhost:60077}, goog:processID: 25608, networkConnectionEnabled: false, pageLoadStrategy: normal, platformName: windows, proxy: Proxy(), se:cdp: ws://localhost:60077/devtoo..., se:cdpVersion: 147.0.7727.116, setWindowRect: true, strictFileInteractability: false, timeouts: {implicit: 0, pageLoad: 300000, script: 30000}, unhandledPromptBehavior: dismiss and notify, webauthn:extension:credBlob: true, webauthn:extension:largeBlob: true, webauthn:extension:minPinLength: true, webauthn:extension:prf: true, webauthn:virtualAuthenticators: true}
Session ID: ac941d680a0877382391c8162dca2b20
at org.openqa.selenium.remote.ErrorCodec.decode(ErrorCodec.java:167)
at org.openqa.selenium.remote.codec.w3c.W3CHttpResponseCodec.decode(W3CHttpResponseCodec.java:138)
at org.openqa.selenium.remote.codec.w3c.W3CHttpResponseCodec.decode(W3CHttpResponseCodec.java:50)
at org.openqa.selenium.remote.HttpCommandExecutor.execute(HttpCommandExecutor.java:215)
at org.openqa.selenium.remote.service.DriverCommandExecutor.invokeExecute(DriverCommandExecutor.java:216)
at org.openqa.selenium.remote.service.DriverCommandExecutor.execute(DriverCommandExecutor.java:174)
at org.openqa.selenium.remote.RemoteWebDriver.execute(RemoteWebDriver.java:544)
at org.openqa.selenium.remote.ElementLocation$ElementFinder$2.findElement(ElementLocation.java:165)
at org.openqa.selenium.remote.ElementLocation.findElement(ElementLocation.java:59)
at org.openqa.selenium.remote.RemoteWebDriver.findElement(RemoteWebDriver.java:367)
at org.openqa.selenium.remote.RemoteWebDriver.findElement(RemoteWebDriver.java:361)
at org.openqa.selenium.support.pagefactory.DefaultElementLocator.findElement(DefaultElementLocator.java:68)
at org.openqa.selenium.support.pagefactory.internal.LocatingElementHandler.invoke(LocatingElementHandler.java:38)
at jdk.proxy2/jdk.proxy2.$Proxy18.click(Unknown Source)
at OctopussaasBillingSettings.TC_114AutmaticSuspensiondropdownwith10thvlause.TC_114AutmaticSuspensiondropdownwith10thvlause(TC_114AutmaticSuspensiondropdownwith10thvlause.java:46)
at java.base/java.util.ArrayList.forEach(ArrayList.java:1596)
... Removed 28 stack frames]]>
    </failure>
  </testcase> <!-- TC_114AutmaticSuspensiondropdownwith10thvlause -->
  <testcase classname="OctopussaasBillingSettings.TC_115AutmaticSuspensiondropdownwith11thvlause" name="TC_115AutmaticSuspensiondropdownwith11thvlause" time="17.905"/>
  <testcase classname="OctopussaasBillingSettings.TC_116AutmaticSuspensiondropdownwith12thvlause" name="TC_116AutmaticSuspensiondropdownwith12thvlause" time="27.249"/>
  <testcase classname="OctopussaasBillingSettings.TC_117SuspensionofServiceNotificationCheckbox" name="TC_117SuspensionofServiceNotificationCheckbox" time="26.567"/>
  <testcase classname="OctopussaasBillingSettings.TC_118InitailCheckboxFromsuspenssionsetting" name="TC_118InitailCheckboxFromsuspenssionsetting" time="28.63"/>
  <testcase classname="OctopussaasBillingSettings.TC_119SubsequentCheckboxFromSuspenssionSettings" name="TC_119SubsequentCheckboxFromSuspenssionSettings" time="18.902"/>
  <testcase classname="OctopussaasBillingSettings.TC_120DaystextFieldFromsuspenssionsettings" name="TC_120DaystextFieldFromsuspenssionsettings" time="32.688"/>
  <testcase classname="OctopussaasBillingSettings.TC_121DaysTextfieldWithoutSuspenssionSettings" name="TC_121DaysTextfieldWithoutSuspenssionSettings" time="32.093">
    <failure type="org.openqa.selenium.NoSuchElementException" message="no such element: Unable to locate element: {&amp;quot;method&amp;quot;:&amp;quot;xpath&amp;quot;,&amp;quot;selector&amp;quot;:&amp;quot;//img[@alt=&amp;apos;User Avatar&amp;apos;]&amp;quot;}
  (Session info: chrome=147.0.7727.116)
For documentation on this error, please visit: https://www.selenium.dev/documentation/webdriver/troubleshooting/errors#no-such-element-exception
Build info: version: &amp;apos;4.34.0&amp;apos;, revision: &amp;apos;707dcb4246*&amp;apos;
System info: os.name: &amp;apos;Windows 11&amp;apos;, os.arch: &amp;apos;amd64&amp;apos;, os.version: &amp;apos;10.0&amp;apos;, java.version: &amp;apos;21.0.2&amp;apos;
Driver info: org.openqa.selenium.chrome.ChromeDriver
Command: [097dd075844d02297afdb55fbb647b15, findElement {using=xpath, value=//img[@alt=&amp;apos;User Avatar&amp;apos;]}]
Capabilities {acceptInsecureCerts: false, browserName: chrome, browserVersion: 147.0.7727.116, chrome: {chromedriverVersion: 147.0.7727.117 (474cc805edd..., userDataDir: C:\Users\Rajeev nandi\AppDa...}, fedcm:accounts: true, goog:chromeOptions: {debuggerAddress: localhost:50987}, goog:processID: 62552, networkConnectionEnabled: false, pageLoadStrategy: normal, platformName: windows, proxy: Proxy(), se:cdp: ws://localhost:50987/devtoo..., se:cdpVersion: 147.0.7727.116, setWindowRect: true, strictFileInteractability: false, timeouts: {implicit: 0, pageLoad: 300000, script: 30000}, unhandledPromptBehavior: dismiss and notify, webauthn:extension:credBlob: true, webauthn:extension:largeBlob: true, webauthn:extension:minPinLength: true, webauthn:extension:prf: true, webauthn:virtualAuthenticators: true}
Session ID: 097dd075844d02297afdb55fbb647b15">
      <![CDATA[org.openqa.selenium.NoSuchElementException: no such element: Unable to locate element: {"method":"xpath","selector":"//img[@alt='User Avatar']"}
  (Session info: chrome=147.0.7727.116)
For documentation on this error, please visit: https://www.selenium.dev/documentation/webdriver/troubleshooting/errors#no-such-element-exception
Build info: version: '4.34.0', revision: '707dcb4246*'
System info: os.name: 'Windows 11', os.arch: 'amd64', os.version: '10.0', java.version: '21.0.2'
Driver info: org.openqa.selenium.chrome.ChromeDriver
Command: [097dd075844d02297afdb55fbb647b15, findElement {using=xpath, value=//img[@alt='User Avatar']}]
Capabilities {acceptInsecureCerts: false, browserName: chrome, browserVersion: 147.0.7727.116, chrome: {chromedriverVersion: 147.0.7727.117 (474cc805edd..., userDataDir: C:\Users\Rajeev nandi\AppDa...}, fedcm:accounts: true, goog:chromeOptions: {debuggerAddress: localhost:50987}, goog:processID: 62552, networkConnectionEnabled: false, pageLoadStrategy: normal, platformName: windows, proxy: Proxy(), se:cdp: ws://localhost:50987/devtoo..., se:cdpVersion: 147.0.7727.116, setWindowRect: true, strictFileInteractability: false, timeouts: {implicit: 0, pageLoad: 300000, script: 30000}, unhandledPromptBehavior: dismiss and notify, webauthn:extension:credBlob: true, webauthn:extension:largeBlob: true, webauthn:extension:minPinLength: true, webauthn:extension:prf: true, webauthn:virtualAuthenticators: true}
Session ID: 097dd075844d02297afdb55fbb647b15
at org.openqa.selenium.remote.ErrorCodec.decode(ErrorCodec.java:167)
at org.openqa.selenium.remote.codec.w3c.W3CHttpResponseCodec.decode(W3CHttpResponseCodec.java:138)
at org.openqa.selenium.remote.codec.w3c.W3CHttpResponseCodec.decode(W3CHttpResponseCodec.java:50)
at org.openqa.selenium.remote.HttpCommandExecutor.execute(HttpCommandExecutor.java:215)
at org.openqa.selenium.remote.service.DriverCommandExecutor.invokeExecute(DriverCommandExecutor.java:216)
at org.openqa.selenium.remote.service.DriverCommandExecutor.execute(DriverCommandExecutor.java:174)
at org.openqa.selenium.remote.RemoteWebDriver.execute(RemoteWebDriver.java:544)
at org.openqa.selenium.remote.ElementLocation$ElementFinder$2.findElement(ElementLocation.java:165)
at org.openqa.selenium.remote.ElementLocation.findElement(ElementLocation.java:59)
at org.openqa.selenium.remote.RemoteWebDriver.findElement(RemoteWebDriver.java:367)
at org.openqa.selenium.remote.RemoteWebDriver.findElement(RemoteWebDriver.java:361)
at org.openqa.selenium.support.pagefactory.DefaultElementLocator.findElement(DefaultElementLocator.java:68)
at org.openqa.selenium.support.pagefactory.internal.LocatingElementHandler.invoke(LocatingElementHandler.java:38)
at jdk.proxy2/jdk.proxy2.$Proxy18.click(Unknown Source)
at OctopussaasBillingSettings.TC_121DaysTextfieldWithoutSuspenssionSettings.TC_121DaysTextfieldWithoutSuspenssionSettings(TC_121DaysTextfieldWithoutSuspenssionSettings.java:46)
at java.base/java.util.ArrayList.forEach(ArrayList.java:1596)
... Removed 28 stack frames]]>
    </failure>
  </testcase> <!-- TC_121DaysTextfieldWithoutSuspenssionSettings -->
  <testcase classname="OctopussaasBillingSettings.TC_122EventBillingRadioButton" name="TC_122EventBillingRadioButton" time="16.374"/>
  <testcase classname="OctopussaasBillingSettings.TC_123ConsolidatedradioBtn" name="TC_123ConsolidatedradioBtn" time="6.809">
    <failure type="org.openqa.selenium.StaleElementReferenceException" message="stale element reference: stale element not found in the current frame
  (Session info: chrome=147.0.7727.116)
For documentation on this error, please visit: https://www.selenium.dev/documentation/webdriver/troubleshooting/errors#stale-element-reference-exception
Build info: version: &amp;apos;4.34.0&amp;apos;, revision: &amp;apos;707dcb4246*&amp;apos;
System info: os.name: &amp;apos;Windows 11&amp;apos;, os.arch: &amp;apos;amd64&amp;apos;, os.version: &amp;apos;10.0&amp;apos;, java.version: &amp;apos;21.0.2&amp;apos;
Driver info: org.openqa.selenium.chrome.ChromeDriver
Command: [b76c55ac99a65cf1d2afc63ac9ec0589, clickElement {id=f.1B12E13667BEDA7A0B168C5ACE19C6DA.d.D15ACDD6C98626C414BA8F1D6CB381E4.e.3206}]
Capabilities {acceptInsecureCerts: false, browserName: chrome, browserVersion: 147.0.7727.116, chrome: {chromedriverVersion: 147.0.7727.117 (474cc805edd..., userDataDir: C:\Users\Rajeev nandi\AppDa...}, fedcm:accounts: true, goog:chromeOptions: {debuggerAddress: localhost:62835}, goog:processID: 52904, networkConnectionEnabled: false, pageLoadStrategy: normal, platformName: windows, proxy: Proxy(), se:cdp: ws://localhost:62835/devtoo..., se:cdpVersion: 147.0.7727.116, setWindowRect: true, strictFileInteractability: false, timeouts: {implicit: 0, pageLoad: 300000, script: 30000}, unhandledPromptBehavior: dismiss and notify, webauthn:extension:credBlob: true, webauthn:extension:largeBlob: true, webauthn:extension:minPinLength: true, webauthn:extension:prf: true, webauthn:virtualAuthenticators: true}
Element: [[ChromeDriver: chrome on windows (b76c55ac99a65cf1d2afc63ac9ec0589)] -&amp;gt; xpath: //a[text()=&amp;apos;Billing Settings&amp;apos;]]
Session ID: b76c55ac99a65cf1d2afc63ac9ec0589">
      <![CDATA[org.openqa.selenium.StaleElementReferenceException: stale element reference: stale element not found in the current frame
  (Session info: chrome=147.0.7727.116)
For documentation on this error, please visit: https://www.selenium.dev/documentation/webdriver/troubleshooting/errors#stale-element-reference-exception
Build info: version: '4.34.0', revision: '707dcb4246*'
System info: os.name: 'Windows 11', os.arch: 'amd64', os.version: '10.0', java.version: '21.0.2'
Driver info: org.openqa.selenium.chrome.ChromeDriver
Command: [b76c55ac99a65cf1d2afc63ac9ec0589, clickElement {id=f.1B12E13667BEDA7A0B168C5ACE19C6DA.d.D15ACDD6C98626C414BA8F1D6CB381E4.e.3206}]
Capabilities {acceptInsecureCerts: false, browserName: chrome, browserVersion: 147.0.7727.116, chrome: {chromedriverVersion: 147.0.7727.117 (474cc805edd..., userDataDir: C:\Users\Rajeev nandi\AppDa...}, fedcm:accounts: true, goog:chromeOptions: {debuggerAddress: localhost:62835}, goog:processID: 52904, networkConnectionEnabled: false, pageLoadStrategy: normal, platformName: windows, proxy: Proxy(), se:cdp: ws://localhost:62835/devtoo..., se:cdpVersion: 147.0.7727.116, setWindowRect: true, strictFileInteractability: false, timeouts: {implicit: 0, pageLoad: 300000, script: 30000}, unhandledPromptBehavior: dismiss and notify, webauthn:extension:credBlob: true, webauthn:extension:largeBlob: true, webauthn:extension:minPinLength: true, webauthn:extension:prf: true, webauthn:virtualAuthenticators: true}
Element: [[ChromeDriver: chrome on windows (b76c55ac99a65cf1d2afc63ac9ec0589)] -> xpath: //a[text()='Billing Settings']]
Session ID: b76c55ac99a65cf1d2afc63ac9ec0589
at org.openqa.selenium.remote.ErrorCodec.decode(ErrorCodec.java:167)
at org.openqa.selenium.remote.codec.w3c.W3CHttpResponseCodec.decode(W3CHttpResponseCodec.java:138)
at org.openqa.selenium.remote.codec.w3c.W3CHttpResponseCodec.decode(W3CHttpResponseCodec.java:50)
at org.openqa.selenium.remote.HttpCommandExecutor.execute(HttpCommandExecutor.java:215)
at org.openqa.selenium.remote.service.DriverCommandExecutor.invokeExecute(DriverCommandExecutor.java:216)
at org.openqa.selenium.remote.service.DriverCommandExecutor.execute(DriverCommandExecutor.java:174)
at org.openqa.selenium.remote.RemoteWebDriver.execute(RemoteWebDriver.java:544)
at org.openqa.selenium.remote.RemoteWebElement.execute(RemoteWebElement.java:223)
at org.openqa.selenium.remote.RemoteWebElement.click(RemoteWebElement.java:76)
at org.openqa.selenium.support.pagefactory.internal.LocatingElementHandler.invoke(LocatingElementHandler.java:51)
at jdk.proxy2/jdk.proxy2.$Proxy18.click(Unknown Source)
at OctopussaasBillingSettings.TC_123ConsolidatedradioBtn.TC_123ConsolidatedradioBtn(TC_123ConsolidatedradioBtn.java:49)
at java.base/java.util.ArrayList.forEach(ArrayList.java:1596)
... Removed 30 stack frames]]>
    </failure>
  </testcase> <!-- TC_123ConsolidatedradioBtn -->
  <testcase classname="OctopussaasBillingSettings.TC_124FlatMonthlyRadioBtn" name="TC_124FlatMonthlyRadioBtn" time="20.766"/>
  <testcase classname="OctopussaasBillingSettings.TC_125ShowRateandTotalCheckbox" name="TC_125ShowRateandTotalCheckbox" time="18.556"/>
  <testcase classname="OctopussaasBillingSettings.TC_126HideRateandTotalCheckbox" name="TC_126HideRateandTotalCheckbox" time="26.107"/>
  <testcase classname="OctopussaasBillingSettings.TC_127FeedabckBtnPopup" name="TC_127FeedabckBtnPopup" time="26.223"/>
  <testcase classname="OctopussaasBillingSettings.TC_128AddnewDropdownWithlistOfElements" name="TC_128AddnewDropdownWithlistOfElements" time="26.652"/>
  <testcase classname="OctopussaasBillingSettings.TC_129AddnewWith1stElement" name="TC_129AddnewWith1stElement" time="32.028">
    <failure type="org.openqa.selenium.NoSuchElementException" message="no such element: Unable to locate element: {&amp;quot;method&amp;quot;:&amp;quot;xpath&amp;quot;,&amp;quot;selector&amp;quot;:&amp;quot;//img[@alt=&amp;apos;User Avatar&amp;apos;]&amp;quot;}
  (Session info: chrome=147.0.7727.116)
For documentation on this error, please visit: https://www.selenium.dev/documentation/webdriver/troubleshooting/errors#no-such-element-exception
Build info: version: &amp;apos;4.34.0&amp;apos;, revision: &amp;apos;707dcb4246*&amp;apos;
System info: os.name: &amp;apos;Windows 11&amp;apos;, os.arch: &amp;apos;amd64&amp;apos;, os.version: &amp;apos;10.0&amp;apos;, java.version: &amp;apos;21.0.2&amp;apos;
Driver info: org.openqa.selenium.chrome.ChromeDriver
Command: [d25f2ae9eb0c6320f279726a58d3fb75, findElement {using=xpath, value=//img[@alt=&amp;apos;User Avatar&amp;apos;]}]
Capabilities {acceptInsecureCerts: false, browserName: chrome, browserVersion: 147.0.7727.116, chrome: {chromedriverVersion: 147.0.7727.117 (474cc805edd..., userDataDir: C:\Users\Rajeev nandi\AppDa...}, fedcm:accounts: true, goog:chromeOptions: {debuggerAddress: localhost:52024}, goog:processID: 7092, networkConnectionEnabled: false, pageLoadStrategy: normal, platformName: windows, proxy: Proxy(), se:cdp: ws://localhost:52024/devtoo..., se:cdpVersion: 147.0.7727.116, setWindowRect: true, strictFileInteractability: false, timeouts: {implicit: 0, pageLoad: 300000, script: 30000}, unhandledPromptBehavior: dismiss and notify, webauthn:extension:credBlob: true, webauthn:extension:largeBlob: true, webauthn:extension:minPinLength: true, webauthn:extension:prf: true, webauthn:virtualAuthenticators: true}
Session ID: d25f2ae9eb0c6320f279726a58d3fb75">
      <![CDATA[org.openqa.selenium.NoSuchElementException: no such element: Unable to locate element: {"method":"xpath","selector":"//img[@alt='User Avatar']"}
  (Session info: chrome=147.0.7727.116)
For documentation on this error, please visit: https://www.selenium.dev/documentation/webdriver/troubleshooting/errors#no-such-element-exception
Build info: version: '4.34.0', revision: '707dcb4246*'
System info: os.name: 'Windows 11', os.arch: 'amd64', os.version: '10.0', java.version: '21.0.2'
Driver info: org.openqa.selenium.chrome.ChromeDriver
Command: [d25f2ae9eb0c6320f279726a58d3fb75, findElement {using=xpath, value=//img[@alt='User Avatar']}]
Capabilities {acceptInsecureCerts: false, browserName: chrome, browserVersion: 147.0.7727.116, chrome: {chromedriverVersion: 147.0.7727.117 (474cc805edd..., userDataDir: C:\Users\Rajeev nandi\AppDa...}, fedcm:accounts: true, goog:chromeOptions: {debuggerAddress: localhost:52024}, goog:processID: 7092, networkConnectionEnabled: false, pageLoadStrategy: normal, platformName: windows, proxy: Proxy(), se:cdp: ws://localhost:52024/devtoo..., se:cdpVersion: 147.0.7727.116, setWindowRect: true, strictFileInteractability: false, timeouts: {implicit: 0, pageLoad: 300000, script: 30000}, unhandledPromptBehavior: dismiss and notify, webauthn:extension:credBlob: true, webauthn:extension:largeBlob: true, webauthn:extension:minPinLength: true, webauthn:extension:prf: true, webauthn:virtualAuthenticators: true}
Session ID: d25f2ae9eb0c6320f279726a58d3fb75
at org.openqa.selenium.remote.ErrorCodec.decode(ErrorCodec.java:167)
at org.openqa.selenium.remote.codec.w3c.W3CHttpResponseCodec.decode(W3CHttpResponseCodec.java:138)
at org.openqa.selenium.remote.codec.w3c.W3CHttpResponseCodec.decode(W3CHttpResponseCodec.java:50)
at org.openqa.selenium.remote.HttpCommandExecutor.execute(HttpCommandExecutor.java:215)
at org.openqa.selenium.remote.service.DriverCommandExecutor.invokeExecute(DriverCommandExecutor.java:216)
at org.openqa.selenium.remote.service.DriverCommandExecutor.execute(DriverCommandExecutor.java:174)
at org.openqa.selenium.remote.RemoteWebDriver.execute(RemoteWebDriver.java:544)
at org.openqa.selenium.remote.ElementLocation$ElementFinder$2.findElement(ElementLocation.java:165)
at org.openqa.selenium.remote.ElementLocation.findElement(ElementLocation.java:59)
at org.openqa.selenium.remote.RemoteWebDriver.findElement(RemoteWebDriver.java:367)
at org.openqa.selenium.remote.RemoteWebDriver.findElement(RemoteWebDriver.java:361)
at org.openqa.selenium.support.pagefactory.DefaultElementLocator.findElement(DefaultElementLocator.java:68)
at org.openqa.selenium.support.pagefactory.internal.LocatingElementHandler.invoke(LocatingElementHandler.java:38)
at jdk.proxy2/jdk.proxy2.$Proxy18.click(Unknown Source)
at OctopussaasBillingSettings.TC_129AddnewWith1stElement.TC_129AddnewWith1stElement(TC_129AddnewWith1stElement.java:46)
at java.base/java.util.ArrayList.forEach(ArrayList.java:1596)
... Removed 28 stack frames]]>
    </failure>
  </testcase> <!-- TC_129AddnewWith1stElement -->
  <testcase classname="OctopussaasBillingSettings.TC_130AddnewWith2ndElement" name="TC_130AddnewWith2ndElement" time="32.094">
    <failure type="org.openqa.selenium.NoSuchElementException" message="no such element: Unable to locate element: {&amp;quot;method&amp;quot;:&amp;quot;xpath&amp;quot;,&amp;quot;selector&amp;quot;:&amp;quot;//img[@alt=&amp;apos;User Avatar&amp;apos;]&amp;quot;}
  (Session info: chrome=147.0.7727.116)
For documentation on this error, please visit: https://www.selenium.dev/documentation/webdriver/troubleshooting/errors#no-such-element-exception
Build info: version: &amp;apos;4.34.0&amp;apos;, revision: &amp;apos;707dcb4246*&amp;apos;
System info: os.name: &amp;apos;Windows 11&amp;apos;, os.arch: &amp;apos;amd64&amp;apos;, os.version: &amp;apos;10.0&amp;apos;, java.version: &amp;apos;21.0.2&amp;apos;
Driver info: org.openqa.selenium.chrome.ChromeDriver
Command: [c869718a5ea46cbe4444bbecd1d70c61, findElement {using=xpath, value=//img[@alt=&amp;apos;User Avatar&amp;apos;]}]
Capabilities {acceptInsecureCerts: false, browserName: chrome, browserVersion: 147.0.7727.116, chrome: {chromedriverVersion: 147.0.7727.117 (474cc805edd..., userDataDir: C:\Users\Rajeev nandi\AppDa...}, fedcm:accounts: true, goog:chromeOptions: {debuggerAddress: localhost:53853}, goog:processID: 28420, networkConnectionEnabled: false, pageLoadStrategy: normal, platformName: windows, proxy: Proxy(), se:cdp: ws://localhost:53853/devtoo..., se:cdpVersion: 147.0.7727.116, setWindowRect: true, strictFileInteractability: false, timeouts: {implicit: 0, pageLoad: 300000, script: 30000}, unhandledPromptBehavior: dismiss and notify, webauthn:extension:credBlob: true, webauthn:extension:largeBlob: true, webauthn:extension:minPinLength: true, webauthn:extension:prf: true, webauthn:virtualAuthenticators: true}
Session ID: c869718a5ea46cbe4444bbecd1d70c61">
      <![CDATA[org.openqa.selenium.NoSuchElementException: no such element: Unable to locate element: {"method":"xpath","selector":"//img[@alt='User Avatar']"}
  (Session info: chrome=147.0.7727.116)
For documentation on this error, please visit: https://www.selenium.dev/documentation/webdriver/troubleshooting/errors#no-such-element-exception
Build info: version: '4.34.0', revision: '707dcb4246*'
System info: os.name: 'Windows 11', os.arch: 'amd64', os.version: '10.0', java.version: '21.0.2'
Driver info: org.openqa.selenium.chrome.ChromeDriver
Command: [c869718a5ea46cbe4444bbecd1d70c61, findElement {using=xpath, value=//img[@alt='User Avatar']}]
Capabilities {acceptInsecureCerts: false, browserName: chrome, browserVersion: 147.0.7727.116, chrome: {chromedriverVersion: 147.0.7727.117 (474cc805edd..., userDataDir: C:\Users\Rajeev nandi\AppDa...}, fedcm:accounts: true, goog:chromeOptions: {debuggerAddress: localhost:53853}, goog:processID: 28420, networkConnectionEnabled: false, pageLoadStrategy: normal, platformName: windows, proxy: Proxy(), se:cdp: ws://localhost:53853/devtoo..., se:cdpVersion: 147.0.7727.116, setWindowRect: true, strictFileInteractability: false, timeouts: {implicit: 0, pageLoad: 300000, script: 30000}, unhandledPromptBehavior: dismiss and notify, webauthn:extension:credBlob: true, webauthn:extension:largeBlob: true, webauthn:extension:minPinLength: true, webauthn:extension:prf: true, webauthn:virtualAuthenticators: true}
Session ID: c869718a5ea46cbe4444bbecd1d70c61
at org.openqa.selenium.remote.ErrorCodec.decode(ErrorCodec.java:167)
at org.openqa.selenium.remote.codec.w3c.W3CHttpResponseCodec.decode(W3CHttpResponseCodec.java:138)
at org.openqa.selenium.remote.codec.w3c.W3CHttpResponseCodec.decode(W3CHttpResponseCodec.java:50)
at org.openqa.selenium.remote.HttpCommandExecutor.execute(HttpCommandExecutor.java:215)
at org.openqa.selenium.remote.service.DriverCommandExecutor.invokeExecute(DriverCommandExecutor.java:216)
at org.openqa.selenium.remote.service.DriverCommandExecutor.execute(DriverCommandExecutor.java:174)
at org.openqa.selenium.remote.RemoteWebDriver.execute(RemoteWebDriver.java:544)
at org.openqa.selenium.remote.ElementLocation$ElementFinder$2.findElement(ElementLocation.java:165)
at org.openqa.selenium.remote.ElementLocation.findElement(ElementLocation.java:59)
at org.openqa.selenium.remote.RemoteWebDriver.findElement(RemoteWebDriver.java:367)
at org.openqa.selenium.remote.RemoteWebDriver.findElement(RemoteWebDriver.java:361)
at org.openqa.selenium.support.pagefactory.DefaultElementLocator.findElement(DefaultElementLocator.java:68)
at org.openqa.selenium.support.pagefactory.internal.LocatingElementHandler.invoke(LocatingElementHandler.java:38)
at jdk.proxy2/jdk.proxy2.$Proxy18.click(Unknown Source)
at OctopussaasBillingSettings.TC_130AddnewWith2ndElement.TC_130AddnewWith2ndElement(TC_130AddnewWith2ndElement.java:46)
at java.base/java.util.ArrayList.forEach(ArrayList.java:1596)
... Removed 28 stack frames]]>
    </failure>
  </testcase> <!-- TC_130AddnewWith2ndElement -->
  <testcase classname="OctopussaasBillingSettings.TC_131AddnewWith3rdElement" name="TC_131AddnewWith3rdElement" time="27.268"/>
  <testcase classname="OctopussaasBillingSettings.TC_132AddnewWith4thElement" name="TC_132AddnewWith4thElement" time="16.741"/>
  <testcase classname="OctopussaasBillingSettings.TC_133AddnewWith5thElement" name="TC_133AddnewWith5thElement" time="8.171">
    <failure type="org.openqa.selenium.StaleElementReferenceException" message="stale element reference: stale element not found in the current frame
  (Session info: chrome=147.0.7727.116)
For documentation on this error, please visit: https://www.selenium.dev/documentation/webdriver/troubleshooting/errors#stale-element-reference-exception
Build info: version: &amp;apos;4.34.0&amp;apos;, revision: &amp;apos;707dcb4246*&amp;apos;
System info: os.name: &amp;apos;Windows 11&amp;apos;, os.arch: &amp;apos;amd64&amp;apos;, os.version: &amp;apos;10.0&amp;apos;, java.version: &amp;apos;21.0.2&amp;apos;
Driver info: org.openqa.selenium.chrome.ChromeDriver
Command: [1bbf72e9b7c8a1b6b7c90f0b6fe51bea, clickElement {id=f.039342BC8B666025A0C0810E1ECF2447.d.6AE702EDF328B66FBF27C0775FE17A0D.e.3387}]
Capabilities {acceptInsecureCerts: false, browserName: chrome, browserVersion: 147.0.7727.116, chrome: {chromedriverVersion: 147.0.7727.117 (474cc805edd..., userDataDir: C:\Users\Rajeev nandi\AppDa...}, fedcm:accounts: true, goog:chromeOptions: {debuggerAddress: localhost:53879}, goog:processID: 15576, networkConnectionEnabled: false, pageLoadStrategy: normal, platformName: windows, proxy: Proxy(), se:cdp: ws://localhost:53879/devtoo..., se:cdpVersion: 147.0.7727.116, setWindowRect: true, strictFileInteractability: false, timeouts: {implicit: 0, pageLoad: 300000, script: 30000}, unhandledPromptBehavior: dismiss and notify, webauthn:extension:credBlob: true, webauthn:extension:largeBlob: true, webauthn:extension:minPinLength: true, webauthn:extension:prf: true, webauthn:virtualAuthenticators: true}
Element: [[ChromeDriver: chrome on windows (1bbf72e9b7c8a1b6b7c90f0b6fe51bea)] -&amp;gt; xpath: //a[text()=&amp;apos;Billing Settings&amp;apos;]]
Session ID: 1bbf72e9b7c8a1b6b7c90f0b6fe51bea">
      <![CDATA[org.openqa.selenium.StaleElementReferenceException: stale element reference: stale element not found in the current frame
  (Session info: chrome=147.0.7727.116)
For documentation on this error, please visit: https://www.selenium.dev/documentation/webdriver/troubleshooting/errors#stale-element-reference-exception
Build info: version: '4.34.0', revision: '707dcb4246*'
System info: os.name: 'Windows 11', os.arch: 'amd64', os.version: '10.0', java.version: '21.0.2'
Driver info: org.openqa.selenium.chrome.ChromeDriver
Command: [1bbf72e9b7c8a1b6b7c90f0b6fe51bea, clickElement {id=f.039342BC8B666025A0C0810E1ECF2447.d.6AE702EDF328B66FBF27C0775FE17A0D.e.3387}]
Capabilities {acceptInsecureCerts: false, browserName: chrome, browserVersion: 147.0.7727.116, chrome: {chromedriverVersion: 147.0.7727.117 (474cc805edd..., userDataDir: C:\Users\Rajeev nandi\AppDa...}, fedcm:accounts: true, goog:chromeOptions: {debuggerAddress: localhost:53879}, goog:processID: 15576, networkConnectionEnabled: false, pageLoadStrategy: normal, platformName: windows, proxy: Proxy(), se:cdp: ws://localhost:53879/devtoo..., se:cdpVersion: 147.0.7727.116, setWindowRect: true, strictFileInteractability: false, timeouts: {implicit: 0, pageLoad: 300000, script: 30000}, unhandledPromptBehavior: dismiss and notify, webauthn:extension:credBlob: true, webauthn:extension:largeBlob: true, webauthn:extension:minPinLength: true, webauthn:extension:prf: true, webauthn:virtualAuthenticators: true}
Element: [[ChromeDriver: chrome on windows (1bbf72e9b7c8a1b6b7c90f0b6fe51bea)] -> xpath: //a[text()='Billing Settings']]
Session ID: 1bbf72e9b7c8a1b6b7c90f0b6fe51bea
at org.openqa.selenium.remote.ErrorCodec.decode(ErrorCodec.java:167)
at org.openqa.selenium.remote.codec.w3c.W3CHttpResponseCodec.decode(W3CHttpResponseCodec.java:138)
at org.openqa.selenium.remote.codec.w3c.W3CHttpResponseCodec.decode(W3CHttpResponseCodec.java:50)
at org.openqa.selenium.remote.HttpCommandExecutor.execute(HttpCommandExecutor.java:215)
at org.openqa.selenium.remote.service.DriverCommandExecutor.invokeExecute(DriverCommandExecutor.java:216)
at org.openqa.selenium.remote.service.DriverCommandExecutor.execute(DriverCommandExecutor.java:174)
at org.openqa.selenium.remote.RemoteWebDriver.execute(RemoteWebDriver.java:544)
at org.openqa.selenium.remote.RemoteWebElement.execute(RemoteWebElement.java:223)
at org.openqa.selenium.remote.RemoteWebElement.click(RemoteWebElement.java:76)
at org.openqa.selenium.support.pagefactory.internal.LocatingElementHandler.invoke(LocatingElementHandler.java:51)
at jdk.proxy2/jdk.proxy2.$Proxy18.click(Unknown Source)
at OctopussaasBillingSettings.TC_133AddnewWith5thElement.TC_133AddnewWith5thElement(TC_133AddnewWith5thElement.java:51)
at java.base/java.util.ArrayList.forEach(ArrayList.java:1596)
... Removed 30 stack frames]]>
    </failure>
  </testcase> <!-- TC_133AddnewWith5thElement -->
  <testcase classname="OctopussaasBillingSettings.TC_134AddnewWith6thElement" name="TC_134AddnewWith6thElement" time="26.17"/>
  <testcase classname="OctopussaasBillingSettings.TC_135NotificationIcon" name="TC_135NotificationIcon" time="15.934"/>
  <testcase classname="OctopussaasBillingSettings.TC_136OctoInfoIcon" name="TC_136OctoInfoIcon" time="14.535"/>
  <testcase classname="OctopussaasBillingSettings.TC_137ProfileIcon" name="TC_137ProfileIcon" time="25.161"/>
  <testcase classname="OctopussaasBillingSettings.TC_138TransporterSettingsPage" name="TC_138TransporterSettingsPage" time="15.936"/>
  <testcase classname="OctopussaasBillingSettings.TC_139MySettingsPage" name="TC_139MySettingsPage" time="92.126">
    <failure type="org.openqa.selenium.NoSuchElementException" message="no such element: Unable to locate element: {&amp;quot;method&amp;quot;:&amp;quot;xpath&amp;quot;,&amp;quot;selector&amp;quot;:&amp;quot;//button[@class=&amp;apos;flex items-center gap-4 focus:outline-none&amp;apos;]&amp;quot;}
  (Session info: chrome=147.0.7727.116)
For documentation on this error, please visit: https://www.selenium.dev/documentation/webdriver/troubleshooting/errors#no-such-element-exception
Build info: version: &amp;apos;4.34.0&amp;apos;, revision: &amp;apos;707dcb4246*&amp;apos;
System info: os.name: &amp;apos;Windows 11&amp;apos;, os.arch: &amp;apos;amd64&amp;apos;, os.version: &amp;apos;10.0&amp;apos;, java.version: &amp;apos;21.0.2&amp;apos;
Driver info: org.openqa.selenium.chrome.ChromeDriver
Command: [3fc9e9a428382b0e06a4f558332115a5, findElement {using=xpath, value=//button[@class=&amp;apos;flex items-center gap-4 focus:outline-none&amp;apos;]}]
Capabilities {acceptInsecureCerts: false, browserName: chrome, browserVersion: 147.0.7727.116, chrome: {chromedriverVersion: 147.0.7727.117 (474cc805edd..., userDataDir: C:\Users\Rajeev nandi\AppDa...}, fedcm:accounts: true, goog:chromeOptions: {debuggerAddress: localhost:51283}, goog:processID: 25200, networkConnectionEnabled: false, pageLoadStrategy: normal, platformName: windows, proxy: Proxy(), se:cdp: ws://localhost:51283/devtoo..., se:cdpVersion: 147.0.7727.116, setWindowRect: true, strictFileInteractability: false, timeouts: {implicit: 0, pageLoad: 300000, script: 30000}, unhandledPromptBehavior: dismiss and notify, webauthn:extension:credBlob: true, webauthn:extension:largeBlob: true, webauthn:extension:minPinLength: true, webauthn:extension:prf: true, webauthn:virtualAuthenticators: true}
Session ID: 3fc9e9a428382b0e06a4f558332115a5">
      <![CDATA[org.openqa.selenium.NoSuchElementException: no such element: Unable to locate element: {"method":"xpath","selector":"//button[@class='flex items-center gap-4 focus:outline-none']"}
  (Session info: chrome=147.0.7727.116)
For documentation on this error, please visit: https://www.selenium.dev/documentation/webdriver/troubleshooting/errors#no-such-element-exception
Build info: version: '4.34.0', revision: '707dcb4246*'
System info: os.name: 'Windows 11', os.arch: 'amd64', os.version: '10.0', java.version: '21.0.2'
Driver info: org.openqa.selenium.chrome.ChromeDriver
Command: [3fc9e9a428382b0e06a4f558332115a5, findElement {using=xpath, value=//button[@class='flex items-center gap-4 focus:outline-none']}]
Capabilities {acceptInsecureCerts: false, browserName: chrome, browserVersion: 147.0.7727.116, chrome: {chromedriverVersion: 147.0.7727.117 (474cc805edd..., userDataDir: C:\Users\Rajeev nandi\AppDa...}, fedcm:accounts: true, goog:chromeOptions: {debuggerAddress: localhost:51283}, goog:processID: 25200, networkConnectionEnabled: false, pageLoadStrategy: normal, platformName: windows, proxy: Proxy(), se:cdp: ws://localhost:51283/devtoo..., se:cdpVersion: 147.0.7727.116, setWindowRect: true, strictFileInteractability: false, timeouts: {implicit: 0, pageLoad: 300000, script: 30000}, unhandledPromptBehavior: dismiss and notify, webauthn:extension:credBlob: true, webauthn:extension:largeBlob: true, webauthn:extension:minPinLength: true, webauthn:extension:prf: true, webauthn:virtualAuthenticators: true}
Session ID: 3fc9e9a428382b0e06a4f558332115a5
at org.openqa.selenium.remote.ErrorCodec.decode(ErrorCodec.java:167)
at org.openqa.selenium.remote.codec.w3c.W3CHttpResponseCodec.decode(W3CHttpResponseCodec.java:138)
at org.openqa.selenium.remote.codec.w3c.W3CHttpResponseCodec.decode(W3CHttpResponseCodec.java:50)
at org.openqa.selenium.remote.HttpCommandExecutor.execute(HttpCommandExecutor.java:215)
at org.openqa.selenium.remote.service.DriverCommandExecutor.invokeExecute(DriverCommandExecutor.java:216)
at org.openqa.selenium.remote.service.DriverCommandExecutor.execute(DriverCommandExecutor.java:174)
at org.openqa.selenium.remote.RemoteWebDriver.execute(RemoteWebDriver.java:544)
at org.openqa.selenium.remote.ElementLocation$ElementFinder$2.findElement(ElementLocation.java:165)
at org.openqa.selenium.remote.ElementLocation.findElement(ElementLocation.java:59)
at org.openqa.selenium.remote.RemoteWebDriver.findElement(RemoteWebDriver.java:367)
at org.openqa.selenium.remote.RemoteWebDriver.findElement(RemoteWebDriver.java:361)
at org.openqa.selenium.support.pagefactory.DefaultElementLocator.findElement(DefaultElementLocator.java:68)
at org.openqa.selenium.support.pagefactory.internal.LocatingElementHandler.invoke(LocatingElementHandler.java:38)
at jdk.proxy2/jdk.proxy2.$Proxy18.getWrappedElement(Unknown Source)
at org.openqa.selenium.remote.WebElementToJsonConverter.apply(WebElementToJsonConverter.java:48)
at java.base/java.util.stream.ReferencePipeline$3$1.accept(ReferencePipeline.java:197)
at java.base/java.util.Spliterators$ArraySpliterator.forEachRemaining(Spliterators.java:1024)
at java.base/java.util.stream.AbstractPipeline.copyInto(AbstractPipeline.java:509)
at java.base/java.util.stream.AbstractPipeline.wrapAndCopyInto(AbstractPipeline.java:499)
at java.base/java.util.stream.ReduceOps$ReduceOp.evaluateSequential(ReduceOps.java:921)
at java.base/java.util.stream.AbstractPipeline.evaluate(AbstractPipeline.java:234)
at java.base/java.util.stream.ReferencePipeline.collect(ReferencePipeline.java:682)
at org.openqa.selenium.remote.RemoteWebDriver.executeScript(RemoteWebDriver.java:473)
at OctopussaasBillingSettings.TC_139MySettingsPage.TC_139MySettingsPage(TC_139MySettingsPage.java:63)
at java.base/java.util.ArrayList.forEach(ArrayList.java:1596)
... Removed 28 stack frames]]>
    </failure>
  </testcase> <!-- TC_139MySettingsPage -->
  <testcase classname="OctopussaasBillingSettings.TC_140AuditlogPage" name="TC_140AuditlogPage" time="14.609"/>
  <testcase classname="OctopussaasBillingSettings.TC_141HistoriaclManifestOptionPage" name="TC_141HistoriaclManifestOptionPage" time="18.253"/>
  <testcase classname="OctopussaasBillingSettings.TC_142ViewTOSPage" name="TC_142ViewTOSPage" time="15.766"/>
  <testcase classname="OctopussaasBillingSettings.TC_143Logout" name="TC_143Logout" time="45.967"/>
  <testcase classname="OctopussaasBillingSettings.TC_144AddnewpaymentmethodButton" name="TC_144AddnewpaymentmethodButton" time="34.245"/>
  <testcase classname="OctopussaasBillingSettings.TC_145EnterditiDataInCardNumberTextField" name="TC_145EnterditiDataInCardNumberTextField" time="34.428"/>
  <testcase classname="OctopussaasBillingSettings.TC_146AccountHolderName" name="TC_146AccountHolderName" time="29.73"/>
  <testcase classname="OctopussaasBillingSettings.TC_147CreditcardRadioButton" name="TC_147CreditcardRadioButton" time="32.881"/>
  <testcase classname="OctopussaasBillingSettings.TC_148AchRadioButton" name="TC_148AchRadioButton" time="34.546"/>
  <testcase classname="OctopussaasBillingSettings.TC_149cvvtextfield" name="TC_149cvvtextfield" time="34.949"/>
  <testcase classname="OctopussaasBillingSettings.TC_150CvvtextfieldwithInput" name="TC_150CvvtextfieldwithInput" time="32.08">
    <failure type="org.openqa.selenium.NoSuchElementException" message="no such element: Unable to locate element: {&amp;quot;method&amp;quot;:&amp;quot;xpath&amp;quot;,&amp;quot;selector&amp;quot;:&amp;quot;//img[@alt=&amp;apos;User Avatar&amp;apos;]&amp;quot;}
  (Session info: chrome=147.0.7727.116)
For documentation on this error, please visit: https://www.selenium.dev/documentation/webdriver/troubleshooting/errors#no-such-element-exception
Build info: version: &amp;apos;4.34.0&amp;apos;, revision: &amp;apos;707dcb4246*&amp;apos;
System info: os.name: &amp;apos;Windows 11&amp;apos;, os.arch: &amp;apos;amd64&amp;apos;, os.version: &amp;apos;10.0&amp;apos;, java.version: &amp;apos;21.0.2&amp;apos;
Driver info: org.openqa.selenium.chrome.ChromeDriver
Command: [309a79880826a5718d617202341e7945, findElement {using=xpath, value=//img[@alt=&amp;apos;User Avatar&amp;apos;]}]
Capabilities {acceptInsecureCerts: false, browserName: chrome, browserVersion: 147.0.7727.116, chrome: {chromedriverVersion: 147.0.7727.117 (474cc805edd..., userDataDir: C:\Users\Rajeev nandi\AppDa...}, fedcm:accounts: true, goog:chromeOptions: {debuggerAddress: localhost:58624}, goog:processID: 56340, networkConnectionEnabled: false, pageLoadStrategy: normal, platformName: windows, proxy: Proxy(), se:cdp: ws://localhost:58624/devtoo..., se:cdpVersion: 147.0.7727.116, setWindowRect: true, strictFileInteractability: false, timeouts: {implicit: 0, pageLoad: 300000, script: 30000}, unhandledPromptBehavior: dismiss and notify, webauthn:extension:credBlob: true, webauthn:extension:largeBlob: true, webauthn:extension:minPinLength: true, webauthn:extension:prf: true, webauthn:virtualAuthenticators: true}
Session ID: 309a79880826a5718d617202341e7945">
      <![CDATA[org.openqa.selenium.NoSuchElementException: no such element: Unable to locate element: {"method":"xpath","selector":"//img[@alt='User Avatar']"}
  (Session info: chrome=147.0.7727.116)
For documentation on this error, please visit: https://www.selenium.dev/documentation/webdriver/troubleshooting/errors#no-such-element-exception
Build info: version: '4.34.0', revision: '707dcb4246*'
System info: os.name: 'Windows 11', os.arch: 'amd64', os.version: '10.0', java.version: '21.0.2'
Driver info: org.openqa.selenium.chrome.ChromeDriver
Command: [309a79880826a5718d617202341e7945, findElement {using=xpath, value=//img[@alt='User Avatar']}]
Capabilities {acceptInsecureCerts: false, browserName: chrome, browserVersion: 147.0.7727.116, chrome: {chromedriverVersion: 147.0.7727.117 (474cc805edd..., userDataDir: C:\Users\Rajeev nandi\AppDa...}, fedcm:accounts: true, goog:chromeOptions: {debuggerAddress: localhost:58624}, goog:processID: 56340, networkConnectionEnabled: false, pageLoadStrategy: normal, platformName: windows, proxy: Proxy(), se:cdp: ws://localhost:58624/devtoo..., se:cdpVersion: 147.0.7727.116, setWindowRect: true, strictFileInteractability: false, timeouts: {implicit: 0, pageLoad: 300000, script: 30000}, unhandledPromptBehavior: dismiss and notify, webauthn:extension:credBlob: true, webauthn:extension:largeBlob: true, webauthn:extension:minPinLength: true, webauthn:extension:prf: true, webauthn:virtualAuthenticators: true}
Session ID: 309a79880826a5718d617202341e7945
at org.openqa.selenium.remote.ErrorCodec.decode(ErrorCodec.java:167)
at org.openqa.selenium.remote.codec.w3c.W3CHttpResponseCodec.decode(W3CHttpResponseCodec.java:138)
at org.openqa.selenium.remote.codec.w3c.W3CHttpResponseCodec.decode(W3CHttpResponseCodec.java:50)
at org.openqa.selenium.remote.HttpCommandExecutor.execute(HttpCommandExecutor.java:215)
at org.openqa.selenium.remote.service.DriverCommandExecutor.invokeExecute(DriverCommandExecutor.java:216)
at org.openqa.selenium.remote.service.DriverCommandExecutor.execute(DriverCommandExecutor.java:174)
at org.openqa.selenium.remote.RemoteWebDriver.execute(RemoteWebDriver.java:544)
at org.openqa.selenium.remote.ElementLocation$ElementFinder$2.findElement(ElementLocation.java:165)
at org.openqa.selenium.remote.ElementLocation.findElement(ElementLocation.java:59)
at org.openqa.selenium.remote.RemoteWebDriver.findElement(RemoteWebDriver.java:367)
at org.openqa.selenium.remote.RemoteWebDriver.findElement(RemoteWebDriver.java:361)
at org.openqa.selenium.support.pagefactory.DefaultElementLocator.findElement(DefaultElementLocator.java:68)
at org.openqa.selenium.support.pagefactory.internal.LocatingElementHandler.invoke(LocatingElementHandler.java:38)
at jdk.proxy2/jdk.proxy2.$Proxy18.click(Unknown Source)
at OctopussaasBillingSettings.TC_150CvvtextfieldwithInput.TC_150CvvtextfieldwithInput(TC_150CvvtextfieldwithInput.java:51)
at java.base/java.util.ArrayList.forEach(ArrayList.java:1596)
... Removed 28 stack frames]]>
    </failure>
  </testcase> <!-- TC_150CvvtextfieldwithInput -->
  <testcase classname="OctopussaasBillingSettings.TC_151CreditcardDetails" name="TC_151CreditCardDetails" time="38.518"/>
  <testcase classname="OctopussaasBillingSettings.TC_152AddCardNumber" name="TC_152AddCardNumber" time="52.268"/>
  <testcase classname="OctopussaasBillingSettings.TC_153ExpirationDateTextField" name="TC_153ExpirationDateTextField" time="67.449"/>
  <testcase classname="OctopussaasBillingSettings.TC_154CvvTextfield" name="TC_154CvvTextfield" time="32.045">
    <failure type="org.openqa.selenium.NoSuchElementException" message="no such element: Unable to locate element: {&amp;quot;method&amp;quot;:&amp;quot;xpath&amp;quot;,&amp;quot;selector&amp;quot;:&amp;quot;//img[@alt=&amp;apos;User Avatar&amp;apos;]&amp;quot;}
  (Session info: chrome=147.0.7727.116)
For documentation on this error, please visit: https://www.selenium.dev/documentation/webdriver/troubleshooting/errors#no-such-element-exception
Build info: version: &amp;apos;4.34.0&amp;apos;, revision: &amp;apos;707dcb4246*&amp;apos;
System info: os.name: &amp;apos;Windows 11&amp;apos;, os.arch: &amp;apos;amd64&amp;apos;, os.version: &amp;apos;10.0&amp;apos;, java.version: &amp;apos;21.0.2&amp;apos;
Driver info: org.openqa.selenium.chrome.ChromeDriver
Command: [a83475ae49664dcf9e96460b8178935f, findElement {using=xpath, value=//img[@alt=&amp;apos;User Avatar&amp;apos;]}]
Capabilities {acceptInsecureCerts: false, browserName: chrome, browserVersion: 147.0.7727.116, chrome: {chromedriverVersion: 147.0.7727.117 (474cc805edd..., userDataDir: C:\Users\Rajeev nandi\AppDa...}, fedcm:accounts: true, goog:chromeOptions: {debuggerAddress: localhost:52199}, goog:processID: 45796, networkConnectionEnabled: false, pageLoadStrategy: normal, platformName: windows, proxy: Proxy(), se:cdp: ws://localhost:52199/devtoo..., se:cdpVersion: 147.0.7727.116, setWindowRect: true, strictFileInteractability: false, timeouts: {implicit: 0, pageLoad: 300000, script: 30000}, unhandledPromptBehavior: dismiss and notify, webauthn:extension:credBlob: true, webauthn:extension:largeBlob: true, webauthn:extension:minPinLength: true, webauthn:extension:prf: true, webauthn:virtualAuthenticators: true}
Session ID: a83475ae49664dcf9e96460b8178935f">
      <![CDATA[org.openqa.selenium.NoSuchElementException: no such element: Unable to locate element: {"method":"xpath","selector":"//img[@alt='User Avatar']"}
  (Session info: chrome=147.0.7727.116)
For documentation on this error, please visit: https://www.selenium.dev/documentation/webdriver/troubleshooting/errors#no-such-element-exception
Build info: version: '4.34.0', revision: '707dcb4246*'
System info: os.name: 'Windows 11', os.arch: 'amd64', os.version: '10.0', java.version: '21.0.2'
Driver info: org.openqa.selenium.chrome.ChromeDriver
Command: [a83475ae49664dcf9e96460b8178935f, findElement {using=xpath, value=//img[@alt='User Avatar']}]
Capabilities {acceptInsecureCerts: false, browserName: chrome, browserVersion: 147.0.7727.116, chrome: {chromedriverVersion: 147.0.7727.117 (474cc805edd..., userDataDir: C:\Users\Rajeev nandi\AppDa...}, fedcm:accounts: true, goog:chromeOptions: {debuggerAddress: localhost:52199}, goog:processID: 45796, networkConnectionEnabled: false, pageLoadStrategy: normal, platformName: windows, proxy: Proxy(), se:cdp: ws://localhost:52199/devtoo..., se:cdpVersion: 147.0.7727.116, setWindowRect: true, strictFileInteractability: false, timeouts: {implicit: 0, pageLoad: 300000, script: 30000}, unhandledPromptBehavior: dismiss and notify, webauthn:extension:credBlob: true, webauthn:extension:largeBlob: true, webauthn:extension:minPinLength: true, webauthn:extension:prf: true, webauthn:virtualAuthenticators: true}
Session ID: a83475ae49664dcf9e96460b8178935f
at org.openqa.selenium.remote.ErrorCodec.decode(ErrorCodec.java:167)
at org.openqa.selenium.remote.codec.w3c.W3CHttpResponseCodec.decode(W3CHttpResponseCodec.java:138)
at org.openqa.selenium.remote.codec.w3c.W3CHttpResponseCodec.decode(W3CHttpResponseCodec.java:50)
at org.openqa.selenium.remote.HttpCommandExecutor.execute(HttpCommandExecutor.java:215)
at org.openqa.selenium.remote.service.DriverCommandExecutor.invokeExecute(DriverCommandExecutor.java:216)
at org.openqa.selenium.remote.service.DriverCommandExecutor.execute(DriverCommandExecutor.java:174)
at org.openqa.selenium.remote.RemoteWebDriver.execute(RemoteWebDriver.java:544)
at org.openqa.selenium.remote.ElementLocation$ElementFinder$2.findElement(ElementLocation.java:165)
at org.openqa.selenium.remote.ElementLocation.findElement(ElementLocation.java:59)
at org.openqa.selenium.remote.RemoteWebDriver.findElement(RemoteWebDriver.java:367)
at org.openqa.selenium.remote.RemoteWebDriver.findElement(RemoteWebDriver.java:361)
at org.openqa.selenium.support.pagefactory.DefaultElementLocator.findElement(DefaultElementLocator.java:68)
at org.openqa.selenium.support.pagefactory.internal.LocatingElementHandler.invoke(LocatingElementHandler.java:38)
at jdk.proxy2/jdk.proxy2.$Proxy18.click(Unknown Source)
at OctopussaasBillingSettings.TC_154CvvTextfield.TC_154CvvTextfield(TC_154CvvTextfield.java:55)
at java.base/java.util.ArrayList.forEach(ArrayList.java:1596)
... Removed 28 stack frames]]>
    </failure>
  </testcase> <!-- TC_154CvvTextfield -->
  <testcase classname="OctopussaasBillingSettings.TC_155CountryDropdownDefaultvalue" name="TC_155DefaultValuefromCountryDropdow" time="78.213"/>
  <testcase classname="OctopussaasBillingSettings.TC_156InvalidCvv" name="TC_156InvalidCvv" time="58.343"/>
  <testcase classname="OctopussaasBillingSettings.TC_157CountryDropdownWithDifferentCountry" name="TC_157CountryDropdownWithDifferentValue" time="58.289"/>
  <testcase classname="OctopussaasBillingSettings.TC_158PostalcodefromFrame" name="TC_158PostalCode" time="70.212"/>
  <testcase classname="OctopussaasBillingSettings.TC_159InvalidPostalCode" name="TC_159InvalidPostalCode" time="32.085">
    <failure type="org.openqa.selenium.NoSuchElementException" message="no such element: Unable to locate element: {&amp;quot;method&amp;quot;:&amp;quot;xpath&amp;quot;,&amp;quot;selector&amp;quot;:&amp;quot;//img[@alt=&amp;apos;User Avatar&amp;apos;]&amp;quot;}
  (Session info: chrome=147.0.7727.116)
For documentation on this error, please visit: https://www.selenium.dev/documentation/webdriver/troubleshooting/errors#no-such-element-exception
Build info: version: &amp;apos;4.34.0&amp;apos;, revision: &amp;apos;707dcb4246*&amp;apos;
System info: os.name: &amp;apos;Windows 11&amp;apos;, os.arch: &amp;apos;amd64&amp;apos;, os.version: &amp;apos;10.0&amp;apos;, java.version: &amp;apos;21.0.2&amp;apos;
Driver info: org.openqa.selenium.chrome.ChromeDriver
Command: [df1ae2a0eae7d1a78ede74a8569267a3, findElement {using=xpath, value=//img[@alt=&amp;apos;User Avatar&amp;apos;]}]
Capabilities {acceptInsecureCerts: false, browserName: chrome, browserVersion: 147.0.7727.116, chrome: {chromedriverVersion: 147.0.7727.117 (474cc805edd..., userDataDir: C:\Users\Rajeev nandi\AppDa...}, fedcm:accounts: true, goog:chromeOptions: {debuggerAddress: localhost:52423}, goog:processID: 27712, networkConnectionEnabled: false, pageLoadStrategy: normal, platformName: windows, proxy: Proxy(), se:cdp: ws://localhost:52423/devtoo..., se:cdpVersion: 147.0.7727.116, setWindowRect: true, strictFileInteractability: false, timeouts: {implicit: 0, pageLoad: 300000, script: 30000}, unhandledPromptBehavior: dismiss and notify, webauthn:extension:credBlob: true, webauthn:extension:largeBlob: true, webauthn:extension:minPinLength: true, webauthn:extension:prf: true, webauthn:virtualAuthenticators: true}
Session ID: df1ae2a0eae7d1a78ede74a8569267a3">
      <![CDATA[org.openqa.selenium.NoSuchElementException: no such element: Unable to locate element: {"method":"xpath","selector":"//img[@alt='User Avatar']"}
  (Session info: chrome=147.0.7727.116)
For documentation on this error, please visit: https://www.selenium.dev/documentation/webdriver/troubleshooting/errors#no-such-element-exception
Build info: version: '4.34.0', revision: '707dcb4246*'
System info: os.name: 'Windows 11', os.arch: 'amd64', os.version: '10.0', java.version: '21.0.2'
Driver info: org.openqa.selenium.chrome.ChromeDriver
Command: [df1ae2a0eae7d1a78ede74a8569267a3, findElement {using=xpath, value=//img[@alt='User Avatar']}]
Capabilities {acceptInsecureCerts: false, browserName: chrome, browserVersion: 147.0.7727.116, chrome: {chromedriverVersion: 147.0.7727.117 (474cc805edd..., userDataDir: C:\Users\Rajeev nandi\AppDa...}, fedcm:accounts: true, goog:chromeOptions: {debuggerAddress: localhost:52423}, goog:processID: 27712, networkConnectionEnabled: false, pageLoadStrategy: normal, platformName: windows, proxy: Proxy(), se:cdp: ws://localhost:52423/devtoo..., se:cdpVersion: 147.0.7727.116, setWindowRect: true, strictFileInteractability: false, timeouts: {implicit: 0, pageLoad: 300000, script: 30000}, unhandledPromptBehavior: dismiss and notify, webauthn:extension:credBlob: true, webauthn:extension:largeBlob: true, webauthn:extension:minPinLength: true, webauthn:extension:prf: true, webauthn:virtualAuthenticators: true}
Session ID: df1ae2a0eae7d1a78ede74a8569267a3
at org.openqa.selenium.remote.ErrorCodec.decode(ErrorCodec.java:167)
at org.openqa.selenium.remote.codec.w3c.W3CHttpResponseCodec.decode(W3CHttpResponseCodec.java:138)
at org.openqa.selenium.remote.codec.w3c.W3CHttpResponseCodec.decode(W3CHttpResponseCodec.java:50)
at org.openqa.selenium.remote.HttpCommandExecutor.execute(HttpCommandExecutor.java:215)
at org.openqa.selenium.remote.service.DriverCommandExecutor.invokeExecute(DriverCommandExecutor.java:216)
at org.openqa.selenium.remote.service.DriverCommandExecutor.execute(DriverCommandExecutor.java:174)
at org.openqa.selenium.remote.RemoteWebDriver.execute(RemoteWebDriver.java:544)
at org.openqa.selenium.remote.ElementLocation$ElementFinder$2.findElement(ElementLocation.java:165)
at org.openqa.selenium.remote.ElementLocation.findElement(ElementLocation.java:59)
at org.openqa.selenium.remote.RemoteWebDriver.findElement(RemoteWebDriver.java:367)
at org.openqa.selenium.remote.RemoteWebDriver.findElement(RemoteWebDriver.java:361)
at org.openqa.selenium.support.pagefactory.DefaultElementLocator.findElement(DefaultElementLocator.java:68)
at org.openqa.selenium.support.pagefactory.internal.LocatingElementHandler.invoke(LocatingElementHandler.java:38)
at jdk.proxy2/jdk.proxy2.$Proxy18.click(Unknown Source)
at OctopussaasBillingSettings.TC_159InvalidPostalCode.TC_159InvalidPostalCode(TC_159InvalidPostalCode.java:49)
at java.base/java.util.ArrayList.forEach(ArrayList.java:1596)
... Removed 28 stack frames]]>
    </failure>
  </testcase> <!-- TC_159InvalidPostalCode -->
  <testcase classname="OctopussaasBillingSettings.TC_160Addpayment" name="TC_160Addnewpaymet" time="261.644"/>
  <testcase classname="OctopussaasBillingSettings.TC_161CancelPaymentInformation" name="TC_161CancelPaymentInformation" time="105.435"/>
  <testcase classname="OctopussaasBillingSettings.TC_162ACH" name="TC_162ACH" time="45.642"/>
  <testcase classname="OctopussaasBillingSettings.TC_163ACHAccountHolderName" name="TC_163ACHAccountHolderName" time="77.494"/>
  <testcase classname="OctopussaasBillingSettings.TC_164DefaultNameWithAccountTypeDropdown" name="TC_164DefaultNameWithAccountTypeDropdown" time="65.353"/>
  <testcase classname="OctopussaasBillingSettings.TC_165ListofAccountType" name="TC_165ListofAccountType" time="77.512"/>
  <testcase classname="OctopussaasBillingSettings.TC_166AccountTypeBusinessInACH" name="TC_166AccountTypeBusinessInACH" time="32.042">
    <failure type="org.openqa.selenium.NoSuchElementException" message="no such element: Unable to locate element: {&amp;quot;method&amp;quot;:&amp;quot;xpath&amp;quot;,&amp;quot;selector&amp;quot;:&amp;quot;//img[@alt=&amp;apos;User Avatar&amp;apos;]&amp;quot;}
  (Session info: chrome=147.0.7727.116)
For documentation on this error, please visit: https://www.selenium.dev/documentation/webdriver/troubleshooting/errors#no-such-element-exception
Build info: version: &amp;apos;4.34.0&amp;apos;, revision: &amp;apos;707dcb4246*&amp;apos;
System info: os.name: &amp;apos;Windows 11&amp;apos;, os.arch: &amp;apos;amd64&amp;apos;, os.version: &amp;apos;10.0&amp;apos;, java.version: &amp;apos;21.0.2&amp;apos;
Driver info: org.openqa.selenium.chrome.ChromeDriver
Command: [430a0571529f3fa6352baee68914f961, findElement {using=xpath, value=//img[@alt=&amp;apos;User Avatar&amp;apos;]}]
Capabilities {acceptInsecureCerts: false, browserName: chrome, browserVersion: 147.0.7727.116, chrome: {chromedriverVersion: 147.0.7727.117 (474cc805edd..., userDataDir: C:\Users\Rajeev nandi\AppDa...}, fedcm:accounts: true, goog:chromeOptions: {debuggerAddress: localhost:51543}, goog:processID: 59704, networkConnectionEnabled: false, pageLoadStrategy: normal, platformName: windows, proxy: Proxy(), se:cdp: ws://localhost:51543/devtoo..., se:cdpVersion: 147.0.7727.116, setWindowRect: true, strictFileInteractability: false, timeouts: {implicit: 0, pageLoad: 300000, script: 30000}, unhandledPromptBehavior: dismiss and notify, webauthn:extension:credBlob: true, webauthn:extension:largeBlob: true, webauthn:extension:minPinLength: true, webauthn:extension:prf: true, webauthn:virtualAuthenticators: true}
Session ID: 430a0571529f3fa6352baee68914f961">
      <![CDATA[org.openqa.selenium.NoSuchElementException: no such element: Unable to locate element: {"method":"xpath","selector":"//img[@alt='User Avatar']"}
  (Session info: chrome=147.0.7727.116)
For documentation on this error, please visit: https://www.selenium.dev/documentation/webdriver/troubleshooting/errors#no-such-element-exception
Build info: version: '4.34.0', revision: '707dcb4246*'
System info: os.name: 'Windows 11', os.arch: 'amd64', os.version: '10.0', java.version: '21.0.2'
Driver info: org.openqa.selenium.chrome.ChromeDriver
[...]
    <failure type="org.openqa.selenium.StaleElementReferenceException" message="stale element reference: stale element not found in the current frame
  (Session info: chrome=147.0.7727.116)
For documentation on this error, please visit: https://www.selenium.dev/documentation/webdriver/troubleshooting/errors#stale-element-reference-exception
Build info: version: &amp;apos;4.34.0&amp;apos;, revision: &amp;apos;707dcb4246*&amp;apos;
System info: os.name: &amp;apos;Windows 11&amp;apos;, os.arch: &amp;apos;amd64&amp;apos;, os.version: &amp;apos;10.0&amp;apos;, java.version: &amp;apos;21.0.2&amp;apos;
Driver info: org.openqa.selenium.chrome.ChromeDriver
Command: [1a2942dca6a53609daded7ef5c784fcf, clickElement {id=f.F168CB5E14EABA09D0207BABF589ADCE.d.0A66ABCFB452CA6354BEA5FBFA121207.e.3582}]
Capabilities {acceptInsecureCerts: false, browserName: chrome, browserVersion: 147.0.7727.116, chrome: {chromedriverVersion: 147.0.7727.117 (474cc805edd..., userDataDir: C:\Users\Rajeev nandi\AppDa...}, fedcm:accounts: true, goog:chromeOptions: {debuggerAddress: localhost:53253}, goog:processID: 25100, networkConnectionEnabled: false, pageLoadStrategy: normal, platformName: windows, proxy: Proxy(), se:cdp: ws://localhost:53253/devtoo..., se:cdpVersion: 147.0.7727.116, setWindowRect: true, strictFileInteractability: false, timeouts: {implicit: 0, pageLoad: 300000, script: 30000}, unhandledPromptBehavior: dismiss and notify, webauthn:extension:credBlob: true, webauthn:extension:largeBlob: true, webauthn:extension:minPinLength: true, webauthn:extension:prf: true, webauthn:virtualAuthenticators: true}
Element: [[ChromeDriver: chrome on windows (1a2942dca6a53609daded7ef5c784fcf)] -&amp;gt; xpath: //a[text()=&amp;apos;Billing Settings&amp;apos;]]
Session ID: 1a2942dca6a53609daded7ef5c784fcf">
      <![CDATA[org.openqa.selenium.StaleElementReferenceException: stale element reference: stale element not found in the current frame
  (Session info: chrome=147.0.7727.116)
For documentation on this error, please visit: https://www.selenium.dev/documentation/webdriver/troubleshooting/errors#stale-element-reference-exception
Build info: version: '4.34.0', revision: '707dcb4246*'
System info: os.name: 'Windows 11', os.arch: 'amd64', os.version: '10.0', java.version: '21.0.2'
Driver info: org.openqa.selenium.chrome.ChromeDriver
Command: [1a2942dca6a53609daded7ef5c784fcf, clickElement {id=f.F168CB5E14EABA09D0207BABF589ADCE.d.0A66ABCFB452CA6354BEA5FBFA121207.e.3582}]
Capabilities {acceptInsecureCerts: false, browserName: chrome, browserVersion: 147.0.7727.116, chrome: {chromedriverVersion: 147.0.7727.117 (474cc805edd..., userDataDir: C:\Users\Rajeev nandi\AppDa...}, fedcm:accounts: true, goog:chromeOptions: {debuggerAddress: localhost:53253}, goog:processID: 25100, networkConnectionEnabled: false, pageLoadStrategy: normal, platformName: windows, proxy: Proxy(), se:cdp: ws://localhost:53253/devtoo..., se:cdpVersion: 147.0.7727.116, setWindowRect: true, strictFileInteractability: false, timeouts: {implicit: 0, pageLoad: 300000, script: 30000}, unhandledPromptBehavior: dismiss and notify, webauthn:extension:credBlob: true, webauthn:extension:largeBlob: true, webauthn:extension:minPinLength: true, webauthn:extension:prf: true, webauthn:virtualAuthenticators: true}
Element: [[ChromeDriver: chrome on windows (1a2942dca6a53609daded7ef5c784fcf)] -> xpath: //a[text()='Billing Settings']]
Session ID: 1a2942dca6a53609daded7ef5c784fcf
at org.openqa.selenium.remote.ErrorCodec.decode(ErrorCodec.java:167)
at org.openqa.selenium.remote.codec.w3c.W3CHttpResponseCodec.decode(W3CHttpResponseCodec.java:138)
at org.openqa.selenium.remote.codec.w3c.W3CHttpResponseCodec.decode(W3CHttpResponseCodec.java:50)
at org.openqa.selenium.remote.HttpCommandExecutor.execute(HttpCommandExecutor.java:215)
at org.openqa.selenium.remote.service.DriverCommandExecutor.invokeExecute(DriverCommandExecutor.java:216)
at org.openqa.selenium.remote.service.DriverCommandExecutor.execute(DriverCommandExecutor.java:174)
at org.openqa.selenium.remote.RemoteWebDriver.execute(RemoteWebDriver.java:544)
at org.openqa.selenium.remote.RemoteWebElement.execute(RemoteWebElement.java:223)
at org.openqa.selenium.remote.RemoteWebElement.click(RemoteWebElement.java:76)
at org.openqa.selenium.support.pagefactory.internal.LocatingElementHandler.invoke(LocatingElementHandler.java:51)
at jdk.proxy2/jdk.proxy2.$Proxy18.click(Unknown Source)
at OctopussaasBillingSettings.TC_176SubmitBankDetailsButton.TC_176SubmitBankDetailsButton(TC_176SubmitBankDetailsButton.java:67)
at java.base/java.util.ArrayList.forEach(ArrayList.java:1596)
... Removed 30 stack frames]]>
    </failure>
  </testcase> <!-- TC_176SubmitBankDetailsButton -->
  <testcase classname="OctopussaasBillingSettings.TC_177AccountDetailsWithINvalidName" name="TC_177AccountDetailsWithINvalidName" time="369.276"/>
  <testcase classname="OctopussaasBillingSettings.TC_178CloseAccountDetails" name="TC_178CloseAccountDetails" time="288.667"/>
  <testcase classname="OctopussaasBillingSettings.TC_179DeleteSavedPaymentConfimationmsg" name="TC_179DeleteSavedPaymentConfimationmsg" time="268.051"/>
  <testcase classname="OctopussaasBillingSettings.TC_180CancelAddedPayment" name="TC_180CancelAddedPayment" time="9.265">
    <failure type="org.openqa.selenium.StaleElementReferenceException" message="stale element reference: stale element not found in the current frame
  (Session info: chrome=147.0.7727.116)
For documentation on this error, please visit: https://www.selenium.dev/documentation/webdriver/troubleshooting/errors#stale-element-reference-exception
Build info: version: &amp;apos;4.34.0&amp;apos;, revision: &amp;apos;707dcb4246*&amp;apos;
System info: os.name: &amp;apos;Windows 11&amp;apos;, os.arch: &amp;apos;amd64&amp;apos;, os.version: &amp;apos;10.0&amp;apos;, java.version: &amp;apos;21.0.2&amp;apos;
Driver info: org.openqa.selenium.chrome.ChromeDriver
Command: [79acfa0eb39da62c9ea6d58e8fd77b2b, clickElement {id=f.27D186FBE667D014982419B24F9366E3.d.B17509A449D912CC438AF3E0CD84AED4.e.3389}]
Capabilities {acceptInsecureCerts: false, browserName: chrome, browserVersion: 147.0.7727.116, chrome: {chromedriverVersion: 147.0.7727.117 (474cc805edd..., userDataDir: C:\Users\Rajeev nandi\AppDa...}, fedcm:accounts: true, goog:chromeOptions: {debuggerAddress: localhost:50564}, goog:processID: 63548, networkConnectionEnabled: false, pageLoadStrategy: normal, platformName: windows, proxy: Proxy(), se:cdp: ws://localhost:50564/devtoo..., se:cdpVersion: 147.0.7727.116, setWindowRect: true, strictFileInteractability: false, timeouts: {implicit: 0, pageLoad: 300000, script: 30000}, unhandledPromptBehavior: dismiss and notify, webauthn:extension:credBlob: true, webauthn:extension:largeBlob: true, webauthn:extension:minPinLength: true, webauthn:extension:prf: true, webauthn:virtualAuthenticators: true}
Element: [[ChromeDriver: chrome on windows (79acfa0eb39da62c9ea6d58e8fd77b2b)] -&amp;gt; xpath: //a[text()=&amp;apos;Billing Settings&amp;apos;]]
Session ID: 79acfa0eb39da62c9ea6d58e8fd77b2b">
      <![CDATA[org.openqa.selenium.StaleElementReferenceException: stale element reference: stale element not found in the current frame
  (Session info: chrome=147.0.7727.116)
For documentation on this error, please visit: https://www.selenium.dev/documentation/webdriver/troubleshooting/errors#stale-element-reference-exception
Build info: version: '4.34.0', revision: '707dcb4246*'
System info: os.name: 'Windows 11', os.arch: 'amd64', os.version: '10.0', java.version: '21.0.2'
Driver info: org.openqa.selenium.chrome.ChromeDriver
Command: [79acfa0eb39da62c9ea6d58e8fd77b2b, clickElement {id=f.27D186FBE667D014982419B24F9366E3.d.B17509A449D912CC438AF3E0CD84AED4.e.3389}]
Capabilities {acceptInsecureCerts: false, browserName: chrome, browserVersion: 147.0.7727.116, chrome: {chromedriverVersion: 147.0.7727.117 (474cc805edd..., userDataDir: C:\Users\Rajeev nandi\AppDa...}, fedcm:accounts: true, goog:chromeOptions: {debuggerAddress: localhost:50564}, goog:processID: 63548, networkConnectionEnabled: false, pageLoadStrategy: normal, platformName: windows, proxy: Proxy(), se:cdp: ws://localhost:50564/devtoo..., se:cdpVersion: 147.0.7727.116, setWindowRect: true, strictFileInteractability: false, timeouts: {implicit: 0, pageLoad: 300000, script: 30000}, unhandledPromptBehavior: dismiss and notify, webauthn:extension:credBlob: true, webauthn:extension:largeBlob: true, webauthn:extension:minPinLength: true, webauthn:extension:prf: true, webauthn:virtualAuthenticators: true}
Element: [[ChromeDriver: chrome on windows (79acfa0eb39da62c9ea6d58e8fd77b2b)] -> xpath: //a[text()='Billing Settings']]
Session ID: 79acfa0eb39da62c9ea6d58e8fd77b2b
at org.openqa.selenium.remote.ErrorCodec.decode(ErrorCodec.java:167)
at org.openqa.selenium.remote.codec.w3c.W3CHttpResponseCodec.decode(W3CHttpResponseCodec.java:138)
at org.openqa.selenium.remote.codec.w3c.W3CHttpResponseCodec.decode(W3CHttpResponseCodec.java:50)
at org.openqa.selenium.remote.HttpCommandExecutor.execute(HttpCommandExecutor.java:215)
at org.openqa.selenium.remote.service.DriverCommandExecutor.invokeExecute(DriverCommandExecutor.java:216)
at org.openqa.selenium.remote.service.DriverCommandExecutor.execute(DriverCommandExecutor.java:174)
at org.openqa.selenium.remote.RemoteWebDriver.execute(RemoteWebDriver.java:544)
at org.openqa.selenium.remote.RemoteWebElement.execute(RemoteWebElement.java:223)
at org.openqa.selenium.remote.RemoteWebElement.click(RemoteWebElement.java:76)
at org.openqa.selenium.support.pagefactory.internal.LocatingElementHandler.invoke(LocatingElementHandler.java:51)
at jdk.proxy2/jdk.proxy2.$Proxy18.click(Unknown Source)
at OctopussaasBillingSettings.TC_180CancelAddedPayment.TC_180CancelAddedPayment(TC_180CancelAddedPayment.java:61)
at java.base/java.util.ArrayList.forEach(ArrayList.java:1596)
... Removed 30 stack frames]]>
    </failure>
  </testcase> <!-- TC_180CancelAddedPayment -->
  <testcase classname="OctopussaasBillingSettings.TC_181DeleteAddedPayment" name="TC_181DeleteAddedPayment" time="10.071">
    <failure type="org.openqa.selenium.StaleElementReferenceException" message="stale element reference: stale element not found in the current frame
  (Session info: chrome=147.0.7727.116)
For documentation on this error, please visit: https://www.selenium.dev/documentation/webdriver/troubleshooting/errors#stale-element-reference-exception
Build info: version: &amp;apos;4.34.0&amp;apos;, revision: &amp;apos;707dcb4246*&amp;apos;
System info: os.name: &amp;apos;Windows 11&amp;apos;, os.arch: &amp;apos;amd64&amp;apos;, os.version: &amp;apos;10.0&amp;apos;, java.version: &amp;apos;21.0.2&amp;apos;
Driver info: org.openqa.selenium.chrome.ChromeDriver
Command: [9da2f0bf4fbd6b181d78a3b0d6ce8438, clickElement {id=f.259C004BEB57C9F5B8FC0A5921681561.d.F8EC217B7F92C3C368C32A5019B91A8F.e.3388}]
Capabilities {acceptInsecureCerts: false, browserName: chrome, browserVersion: 147.0.7727.116, chrome: {chromedriverVersion: 147.0.7727.117 (474cc805edd..., userDataDir: C:\Users\Rajeev nandi\AppDa...}, fedcm:accounts: true, goog:chromeOptions: {debuggerAddress: localhost:62899}, goog:processID: 57536, networkConnectionEnabled: false, pageLoadStrategy: normal, platformName: windows, proxy: Proxy(), se:cdp: ws://localhost:62899/devtoo..., se:cdpVersion: 147.0.7727.116, setWindowRect: true, strictFileInteractability: false, timeouts: {implicit: 0, pageLoad: 300000, script: 30000}, unhandledPromptBehavior: dismiss and notify, webauthn:extension:credBlob: true, webauthn:extension:largeBlob: true, webauthn:extension:minPinLength: true, webauthn:extension:prf: true, webauthn:virtualAuthenticators: true}
Element: [[ChromeDriver: chrome on windows (9da2f0bf4fbd6b181d78a3b0d6ce8438)] -&amp;gt; xpath: //a[text()=&amp;apos;Billing Settings&amp;apos;]]
Session ID: 9da2f0bf4fbd6b181d78a3b0d6ce8438">
      <![CDATA[org.openqa.selenium.StaleElementReferenceException: stale element reference: stale element not found in the current frame
  (Session info: chrome=147.0.7727.116)
For documentation on this error, please visit: https://www.selenium.dev/documentation/webdriver/troubleshooting/errors#stale-element-reference-exception
Build info: version: '4.34.0', revision: '707dcb4246*'
System info: os.name: 'Windows 11', os.arch: 'amd64', os.version: '10.0', java.version: '21.0.2'
Driver info: org.openqa.selenium.chrome.ChromeDriver
Command: [9da2f0bf4fbd6b181d78a3b0d6ce8438, clickElement {id=f.259C004BEB57C9F5B8FC0A5921681561.d.F8EC217B7F92C3C368C32A5019B91A8F.e.3388}]
Capabilities {acceptInsecureCerts: false, browserName: chrome, browserVersion: 147.0.7727.116, chrome: {chromedriverVersion: 147.0.7727.117 (474cc805edd..., userDataDir: C:\Users\Rajeev nandi\AppDa...}, fedcm:accounts: true, goog:chromeOptions: {debuggerAddress: localhost:62899}, goog:processID: 57536, networkConnectionEnabled: false, pageLoadStrategy: normal, platformName: windows, proxy: Proxy(), se:cdp: ws://localhost:62899/devtoo..., se:cdpVersion: 147.0.7727.116, setWindowRect: true, strictFileInteractability: false, timeouts: {implicit: 0, pageLoad: 300000, script: 30000}, unhandledPromptBehavior: dismiss and notify, webauthn:extension:credBlob: true, webauthn:extension:largeBlob: true, webauthn:extension:minPinLength: true, webauthn:extension:prf: true, webauthn:virtualAuthenticators: true}
Element: [[ChromeDriver: chrome on windows (9da2f0bf4fbd6b181d78a3b0d6ce8438)] -> xpath: //a[text()='Billing Settings']]
Session ID: 9da2f0bf4fbd6b181d78a3b0d6ce8438
at org.openqa.selenium.remote.ErrorCodec.decode(ErrorCodec.java:167)
at org.openqa.selenium.remote.codec.w3c.W3CHttpResponseCodec.decode(W3CHttpResponseCodec.java:138)
at org.openqa.selenium.remote.codec.w3c.W3CHttpResponseCodec.decode(W3CHttpResponseCodec.java:50)
at org.openqa.selenium.remote.HttpCommandExecutor.execute(HttpCommandExecutor.java:215)
at org.openqa.selenium.remote.service.DriverCommandExecutor.invokeExecute(DriverCommandExecutor.java:216)
at org.openqa.selenium.remote.service.DriverCommandExecutor.execute(DriverCommandExecutor.java:174)
at org.openqa.selenium.remote.RemoteWebDriver.execute(RemoteWebDriver.java:544)
at org.openqa.selenium.remote.RemoteWebElement.execute(RemoteWebElement.java:223)
at org.openqa.selenium.remote.RemoteWebElement.click(RemoteWebElement.java:76)
at org.openqa.selenium.support.pagefactory.internal.LocatingElementHandler.invoke(LocatingElementHandler.java:51)
at jdk.proxy2/jdk.proxy2.$Proxy18.click(Unknown Source)
at OctopussaasBillingSettings.TC_181DeleteAddedPayment.TC_181DeleteAddedPayment(TC_181DeleteAddedPayment.java:60)
at java.base/java.util.ArrayList.forEach(ArrayList.java:1596)
... Removed 30 stack frames]]>
    </failure>
  </testcase> <!-- TC_181DeleteAddedPayment -->
  <testcase classname="OctopussaasBillingSettings.TC_182MakeDefaultPayment" name="TC_182MakeDefaultPayment" time="10.375">
    <failure type="org.openqa.selenium.StaleElementReferenceException" message="stale element reference: stale element not found in the current frame
  (Session info: chrome=147.0.7727.116)
For documentation on this error, please visit: https://www.selenium.dev/documentation/webdriver/troubleshooting/errors#stale-element-reference-exception
Build info: version: &amp;apos;4.34.0&amp;apos;, revision: &amp;apos;707dcb4246*&amp;apos;
System info: os.name: &amp;apos;Windows 11&amp;apos;, os.arch: &amp;apos;amd64&amp;apos;, os.version: &amp;apos;10.0&amp;apos;, java.version: &amp;apos;21.0.2&amp;apos;
Driver info: org.openqa.selenium.chrome.ChromeDriver
Command: [a22521d2229b534ec9e45cb0e6fd6c5b, clickElement {id=f.AC996E00F759881E6A45235F4825AF37.d.D6E9DC6306AAB441B36FE0377810F099.e.3384}]
Capabilities {acceptInsecureCerts: false, browserName: chrome, browserVersion: 147.0.7727.116, chrome: {chromedriverVersion: 147.0.7727.117 (474cc805edd..., userDataDir: C:\Users\Rajeev nandi\AppDa...}, fedcm:accounts: true, goog:chromeOptions: {debuggerAddress: localhost:62933}, goog:processID: 57840, networkConnectionEnabled: false, pageLoadStrategy: normal, platformName: windows, proxy: Proxy(), se:cdp: ws://localhost:62933/devtoo..., se:cdpVersion: 147.0.7727.116, setWindowRect: true, strictFileInteractability: false, timeouts: {implicit: 0, pageLoad: 300000, script: 30000}, unhandledPromptBehavior: dismiss and notify, webauthn:extension:credBlob: true, webauthn:extension:largeBlob: true, webauthn:extension:minPinLength: true, webauthn:extension:prf: true, webauthn:virtualAuthenticators: true}
Element: [[ChromeDriver: chrome on windows (a22521d2229b534ec9e45cb0e6fd6c5b)] -&amp;gt; xpath: //a[text()=&amp;apos;Billing Settings&amp;apos;]]
Session ID: a22521d2229b534ec9e45cb0e6fd6c5b">
      <![CDATA[org.openqa.selenium.StaleElementReferenceException: stale element reference: stale element not found in the current frame
  (Session info: chrome=147.0.7727.116)
For documentation on this error, please visit: https://www.selenium.dev/documentation/webdriver/troubleshooting/errors#stale-element-reference-exception
Build info: version: '4.34.0', revision: '707dcb4246*'
System info: os.name: 'Windows 11', os.arch: 'amd64', os.version: '10.0', java.version: '21.0.2'
Driver info: org.openqa.selenium.chrome.ChromeDriver
Command: [a22521d2229b534ec9e45cb0e6fd6c5b, clickElement {id=f.AC996E00F759881E6A45235F4825AF37.d.D6E9DC6306AAB441B36FE0377810F099.e.3384}]
Capabilities {acceptInsecureCerts: false, browserName: chrome, browserVersion: 147.0.7727.116, chrome: {chromedriverVersion: 147.0.7727.117 (474cc805edd..., userDataDir: C:\Users\Rajeev nandi\AppDa...}, fedcm:accounts: true, goog:chromeOptions: {debuggerAddress: localhost:62933}, goog:processID: 57840, networkConnectionEnabled: false, pageLoadStrategy: normal, platformName: windows, proxy: Proxy(), se:cdp: ws://localhost:62933/devtoo..., se:cdpVersion: 147.0.7727.116, setWindowRect: true, strictFileInteractability: false, timeouts: {implicit: 0, pageLoad: 300000, script: 30000}, unhandledPromptBehavior: dismiss and notify, webauthn:extension:credBlob: true, webauthn:extension:largeBlob: true, webauthn:extension:minPinLength: true, webauthn:extension:prf: true, webauthn:virtualAuthenticators: true}
Element: [[ChromeDriver: chrome on windows (a22521d2229b534ec9e45cb0e6fd6c5b)] -> xpath: //a[text()='Billing Settings']]
Session ID: a22521d2229b534ec9e45cb0e6fd6c5b
at org.openqa.selenium.remote.ErrorCodec.decode(ErrorCodec.java:167)
at org.openqa.selenium.remote.codec.w3c.W3CHttpResponseCodec.decode(W3CHttpResponseCodec.java:138)
at org.openqa.selenium.remote.codec.w3c.W3CHttpResponseCodec.decode(W3CHttpResponseCodec.java:50)
at org.openqa.selenium.remote.HttpCommandExecutor.execute(HttpCommandExecutor.java:215)
at org.openqa.selenium.remote.service.DriverCommandExecutor.invokeExecute(DriverCommandExecutor.java:216)
at org.openqa.selenium.remote.service.DriverCommandExecutor.execute(DriverCommandExecutor.java:174)
at org.openqa.selenium.remote.RemoteWebDriver.execute(RemoteWebDriver.java:544)
at org.openqa.selenium.remote.RemoteWebElement.execute(RemoteWebElement.java:223)
at org.openqa.selenium.remote.RemoteWebElement.click(RemoteWebElement.java:76)
at org.openqa.selenium.support.pagefactory.internal.LocatingElementHandler.invoke(LocatingElementHandler.java:51)
at jdk.proxy2/jdk.proxy2.$Proxy18.click(Unknown Source)
at OctopussaasBillingSettings.TC_182MakeDefaultPayment.TC_182MakeDefaultPayment(TC_182MakeDefaultPayment.java:62)
at java.base/java.util.ArrayList.forEach(ArrayList.java:1596)
... Removed 30 stack frames]]>
    </failure>
  </testcase> <!-- TC_182MakeDefaultPayment -->
  <testcase classname="OctopussaasBillingSettings.TC_183AddNoteinPaymentMethod" name="TC_183AddNoteinPaymentMethod" time="231.902"/>
  <testcase classname="OctopussaasBillingSettings.TC_184AddnotewithInValidData" name="TC_184AddnotewithInValidData" time="230.897"/>
</testsuite> <!-- Billing Setting All Tc -->
