<?xml version="1.0" encoding="UTF-8"?>
<testng-results ignored="0" total="5" passed="3" failed="1" skipped="1">
  <reporter-output>
  </reporter-output>
  <suite started-at="2026-08-20T16:11:19 IST" name="Default suite" finished-at="2026-08-20T16:13:25 IST" duration-ms="125376">
    <groups>
    </groups>
    <test started-at="2026-08-20T16:11:19 IST" name="Default test" finished-at="2026-08-20T16:13:25 IST" duration-ms="125376">
      <class name="Generator_Management_GeneratorContacts.VerifyContacWithoutPhonenumber">
        <test-method is-config="true" signature="Bc()[pri:0, instance:Generator_Management_GeneratorContacts.VerifyContacWithoutPhonenumber@eadd4fb]" started-at="2026-08-20T16:11:20 IST" name="Bc" finished-at="2026-08-20T16:11:46 IST" duration-ms="26033" status="PASS">
          <reporter-output>
          </reporter-output>
        </test-method> <!-- Bc -->
        <test-method signature="TC_001NavigateToGeneratorContactPage()[pri:1, instance:Generator_Management_GeneratorContacts.VerifyContacWithoutPhonenumber@eadd4fb]" started-at="2026-08-20T16:11:46 IST" name="TC_001NavigateToGeneratorContactPage" finished-at="2026-08-20T16:12:02 IST" duration-ms="16884" status="PASS">
          <reporter-output>
          </reporter-output>
        </test-method> <!-- TC_001NavigateToGeneratorContactPage -->
        <test-method is-config="true" signature="Bm()[pri:0, instance:Generator_Management_GeneratorContacts.VerifyContacWithoutPhonenumber@eadd4fb]" started-at="2026-08-20T16:11:46 IST" name="Bm" finished-at="2026-08-20T16:11:46 IST" duration-ms="0" status="PASS">
          <reporter-output>
          </reporter-output>
        </test-method> <!-- Bm -->
        <test-method is-config="true" signature="Am()[pri:0, instance:Generator_Management_GeneratorContacts.VerifyContacWithoutPhonenumber@eadd4fb]" started-at="2026-08-20T16:12:02 IST" name="Am" finished-at="2026-08-20T16:12:04 IST" duration-ms="2009" status="PASS">
          <reporter-output>
          </reporter-output>
        </test-method> <!-- Am -->
        <test-method signature="TC_002ClickAddNewContactAndFillAllFieldsExceptPhoneNumber()[pri:0, instance:Generator_Management_GeneratorContacts.VerifyContacWithoutPhonenumber@eadd4fb]" started-at="2026-08-20T16:12:05 IST" name="TC_002ClickAddNewContactAndFillAllFieldsExceptPhoneNumber" finished-at="2026-08-20T16:12:11 IST" depends-on-methods="Generator_Management_GeneratorContacts.VerifyContacWithoutPhonenumber.TC_001NavigateToGeneratorContactPage" duration-ms="6966" status="PASS">
          <reporter-output>
          </reporter-output>
        </test-method> <!-- TC_002ClickAddNewContactAndFillAllFieldsExceptPhoneNumber -->
        <test-method is-config="true" signature="Bm()[pri:0, instance:Generator_Management_GeneratorContacts.VerifyContacWithoutPhonenumber@eadd4fb]" started-at="2026-08-20T16:12:05 IST" name="Bm" finished-at="2026-08-20T16:12:05 IST" duration-ms="0" status="PASS">
          <reporter-output>
          </reporter-output>
        </test-method> <!-- Bm -->
        <test-method is-config="true" signature="Am()[pri:0, instance:Generator_Management_GeneratorContacts.VerifyContacWithoutPhonenumber@eadd4fb]" started-at="2026-08-20T16:12:11 IST" name="Am" finished-at="2026-08-20T16:12:13 IST" duration-ms="2016" status="PASS">
          <reporter-output>
          </reporter-output>
        </test-method> <!-- Am -->
        <test-method signature="TC_003ClickSaveAndVerifyPhoneValidationError()[pri:0, instance:Generator_Management_GeneratorContacts.VerifyContacWithoutPhonenumber@eadd4fb]" started-at="2026-08-20T16:12:13 IST" name="TC_003ClickSaveAndVerifyPhoneValidationError" finished-at="2026-08-20T16:12:46 IST" depends-on-methods="Generator_Management_GeneratorContacts.VerifyContacWithoutPhonenumber.TC_002ClickAddNewContactAndFillAllFieldsExceptPhoneNumber" duration-ms="32665" status="PASS">
          <reporter-output>
          </reporter-output>
        </test-method> <!-- TC_003ClickSaveAndVerifyPhoneValidationError -->
        <test-method is-config="true" signature="Bm()[pri:0, instance:Generator_Management_GeneratorContacts.VerifyContacWithoutPhonenumber@eadd4fb]" started-at="2026-08-20T16:12:13 IST" name="Bm" finished-at="2026-08-20T16:12:13 IST" duration-ms="0" status="PASS">
          <reporter-output>
          </reporter-output>
        </test-method> <!-- Bm -->
        <test-method is-config="true" signature="Am()[pri:0, instance:Generator_Management_GeneratorContacts.VerifyContacWithoutPhonenumber@eadd4fb]" started-at="2026-08-20T16:12:46 IST" name="Am" finished-at="2026-08-20T16:12:48 IST" duration-ms="2006" status="PASS">
          <reporter-output>
          </reporter-output>
        </test-method> <!-- Am -->
        <test-method signature="TC_004EnterPhoneNumberAndSaveContact()[pri:0, instance:Generator_Management_GeneratorContacts.VerifyContacWithoutPhonenumber@eadd4fb]" started-at="2026-08-20T16:12:48 IST" name="TC_004EnterPhoneNumberAndSaveContact" finished-at="2026-08-20T16:13:18 IST" depends-on-methods="Generator_Management_GeneratorContacts.VerifyContacWithoutPhonenumber.TC_003ClickSaveAndVerifyPhoneValidationError" duration-ms="30068" status="FAIL">
          <exception class="org.openqa.selenium.NoSuchElementException">
            <message>
              <![CDATA[no such element: Unable to locate element: {"method":"xpath","selector":"//input[@type='tel']"}
  (Session info: chrome=151.0.7922.138)
For documentation on this error, please visit: https://www.selenium.dev/documentation/webdriver/troubleshooting/errors#no-such-element-exception
Build info: version: '4.34.0', revision: '707dcb4246*'
System info: os.name: 'Windows 11', os.arch: 'amd64', os.version: '10.0', java.version: '11.0.21'
Driver info: org.openqa.selenium.chrome.ChromeDriver
Command: [fd842ab8a79234ca028ac6487d85198d, findElement {value=//input[@type='tel'], using=xpath}]
Capabilities {acceptInsecureCerts: false, browserName: chrome, browserVersion: 151.0.7922.138, chrome: {chromedriverVersion: 151.0.7922.138 (41fa8244239..., userDataDir: C:\Users\Rajeev nandi\AppDa...}, fedcm:accounts: true, goog:chromeOptions: {debuggerAddress: localhost:63252}, goog:processID: 12920, networkConnectionEnabled: false, pageLoadStrategy: normal, platformName: windows, proxy: Proxy(), se:cdp: ws://localhost:63252/devtoo..., se:cdpVersion: 151.0.7922.138, setWindowRect: true, strictFileInteractability: false, timeouts: {implicit: 0, pageLoad: 300000, script: 30000}, unhandledPromptBehavior: dismiss and notify, webauthn:extension:credBlob: true, webauthn:extension:largeBlob: true, webauthn:extension:minPinLength: true, webauthn:extension:prf: true, webauthn:virtualAuthenticators: true}
Session ID: fd842ab8a79234ca028ac6487d85198d]]>
            </message>
            <full-stacktrace>
              <![CDATA[org.openqa.selenium.NoSuchElementException: no such element: Unable to locate element: {"method":"xpath","selector":"//input[@type='tel']"}
  (Session info: chrome=151.0.7922.138)
For documentation on this error, please visit: https://www.selenium.dev/documentation/webdriver/troubleshooting/errors#no-such-element-exception
Build info: version: '4.34.0', revision: '707dcb4246*'
System info: os.name: 'Windows 11', os.arch: 'amd64', os.version: '10.0', java.version: '11.0.21'
Driver info: org.openqa.selenium.chrome.ChromeDriver
Command: [fd842ab8a79234ca028ac6487d85198d, findElement {value=//input[@type='tel'], using=xpath}]
Capabilities {acceptInsecureCerts: false, browserName: chrome, browserVersion: 151.0.7922.138, chrome: {chromedriverVersion: 151.0.7922.138 (41fa8244239..., userDataDir: C:\Users\Rajeev nandi\AppDa...}, fedcm:accounts: true, goog:chromeOptions: {debuggerAddress: localhost:63252}, goog:processID: 12920, networkConnectionEnabled: false, pageLoadStrategy: normal, platformName: windows, proxy: Proxy(), se:cdp: ws://localhost:63252/devtoo..., se:cdpVersion: 151.0.7922.138, setWindowRect: true, strictFileInteractability: false, timeouts: {implicit: 0, pageLoad: 300000, script: 30000}, unhandledPromptBehavior: dismiss and notify, webauthn:extension:credBlob: true, webauthn:extension:largeBlob: true, webauthn:extension:minPinLength: true, webauthn:extension:prf: true, webauthn:virtualAuthenticators: true}
Session ID: fd842ab8a79234ca028ac6487d85198d
at java.base/jdk.internal.reflect.NativeConstructorAccessorImpl.newInstance0(Native Method)
at java.base/jdk.internal.reflect.NativeConstructorAccessorImpl.newInstance(NativeConstructorAccessorImpl.java:62)
at java.base/jdk.internal.reflect.DelegatingConstructorAccessorImpl.newInstance(DelegatingConstructorAccessorImpl.java:45)
at java.base/java.lang.reflect.Constructor.newInstance(Constructor.java:490)
at org.openqa.selenium.remote.ErrorCodec.decode(ErrorCodec.java:167)
at org.openqa.selenium.remote.codec.w3c.W3CHttpResponseCodec.decode(W3CHttpResponseCodec.java:138)
at org.openqa.selenium.remote.codec.w3c.W3CHttpResponseCodec.decode(W3CHttpResponseCodec.java:50)
at org.openqa.selenium.remote.HttpCommandExecutor.execute(HttpCommandExecutor.java:215)
at org.openqa.selenium.remote.service.DriverCommandExecutor.invokeExecute(DriverCommandExecutor.java:216)
at org.openqa.selenium.remote.service.DriverCommandExecutor.execute(DriverCommandExecutor.java:174)
at org.openqa.selenium.remote.RemoteWebDriver.execute(RemoteWebDriver.java:544)
at org.openqa.selenium.remote.ElementLocation$ElementFinder$2.findElement(ElementLocation.java:165)
at org.openqa.selenium.remote.ElementLocation.findElement(ElementLocation.java:59)
at org.openqa.selenium.remote.RemoteWebDriver.findElement(RemoteWebDriver.java:367)
at org.openqa.selenium.remote.RemoteWebDriver.findElement(RemoteWebDriver.java:361)
at org.openqa.selenium.support.pagefactory.DefaultElementLocator.findElement(DefaultElementLocator.java:68)
at org.openqa.selenium.support.pagefactory.internal.LocatingElementHandler.invoke(LocatingElementHandler.java:38)
at com.sun.proxy.$Proxy18.click(Unknown Source)
at Generator_Management_GeneratorContacts.VerifyContacWithoutPhonenumber.TC_004EnterPhoneNumberAndSaveContact(VerifyContacWithoutPhonenumber.java:189)
at java.base/jdk.internal.reflect.NativeMethodAccessorImpl.invoke0(Native Method)
at java.base/jdk.internal.reflect.NativeMethodAccessorImpl.invoke(NativeMethodAccessorImpl.java:62)
at java.base/jdk.internal.reflect.DelegatingMethodAccessorImpl.invoke(DelegatingMethodAccessorImpl.java:43)
at java.base/java.lang.reflect.Method.invoke(Method.java:566)
at org.testng.internal.invokers.MethodInvocationHelper.invokeMethod(MethodInvocationHelper.java:141)
at org.testng.internal.invokers.TestInvoker.invokeMethod(TestInvoker.java:686)
at org.testng.internal.invokers.TestInvoker.invokeTestMethod(TestInvoker.java:230)
at org.testng.internal.invokers.MethodRunner.runInSequence(MethodRunner.java:63)
at org.testng.internal.invokers.TestInvoker$MethodInvocationAgent.invoke(TestInvoker.java:992)
at org.testng.internal.invokers.TestInvoker.invokeTestMethods(TestInvoker.java:203)
at org.testng.internal.invokers.TestMethodWorker.invokeTestMethods(TestMethodWorker.java:154)
at org.testng.internal.invokers.TestMethodWorker.run(TestMethodWorker.java:134)
at java.base/java.util.ArrayList.forEach(ArrayList.java:1541)
at org.testng.TestRunner.privateRun(TestRunner.java:739)
at org.testng.TestRunner.run(TestRunner.java:614)
at org.testng.SuiteRunner.runTest(SuiteRunner.java:421)
at org.testng.SuiteRunner.runSequentially(SuiteRunner.java:413)
at org.testng.SuiteRunner.privateRun(SuiteRunner.java:373)
at org.testng.SuiteRunner.run(SuiteRunner.java:312)
at org.testng.SuiteRunnerWorker.runSuite(SuiteRunnerWorker.java:52)
at org.testng.SuiteRunnerWorker.run(SuiteRunnerWorker.java:95)
at org.testng.TestNG.runSuitesSequentially(TestNG.java:1274)
at org.testng.TestNG.runSuitesLocally(TestNG.java:1208)
at org.testng.TestNG.runSuites(TestNG.java:1112)
at org.testng.TestNG.run(TestNG.java:1079)
at org.testng.remote.AbstractRemoteTestNG.run(AbstractRemoteTestNG.java:115)
at org.testng.remote.RemoteTestNG.initAndRun(RemoteTestNG.java:293)
at org.testng.remote.RemoteTestNG.main(RemoteTestNG.java:91)
]]>
            </full-stacktrace>
          </exception> <!-- org.openqa.selenium.NoSuchElementException -->
          <reporter-output>
          </reporter-output>
        </test-method> <!-- TC_004EnterPhoneNumberAndSaveContact -->
        <test-method is-config="true" signature="Bm()[pri:0, instance:Generator_Management_GeneratorContacts.VerifyContacWithoutPhonenumber@eadd4fb]" started-at="2026-08-20T16:12:48 IST" name="Bm" finished-at="2026-08-20T16:12:48 IST" duration-ms="0" status="PASS">
          <reporter-output>
          </reporter-output>
        </test-method> <!-- Bm -->
        <test-method is-config="true" signature="Am()[pri:0, instance:Generator_Management_GeneratorContacts.VerifyContacWithoutPhonenumber@eadd4fb]" started-at="2026-08-20T16:13:19 IST" name="Am" finished-at="2026-08-20T16:13:21 IST" duration-ms="2014" status="PASS">
          <reporter-output>
          </reporter-output>
        </test-method> <!-- Am -->
        <test-method signature="TC_005VerifyPhoneNumberInList()[pri:0, instance:Generator_Management_GeneratorContacts.VerifyContacWithoutPhonenumber@eadd4fb]" started-at="2026-08-20T16:13:21 IST" name="TC_005VerifyPhoneNumberInList" finished-at="2026-08-20T16:13:21 IST" depends-on-methods="Generator_Management_GeneratorContacts.VerifyContacWithoutPhonenumber.TC_004EnterPhoneNumberAndSaveContact" duration-ms="0" status="SKIP">
          <exception class="java.lang.Throwable">
            <message>
              <![CDATA[Method Generator_Management_GeneratorContacts.VerifyContacWithoutPhonenumber.TC_005VerifyPhoneNumberInList() on instance Generator_Management_GeneratorContacts.VerifyContacWithoutPhonenumber@eadd4fb depends on not successfully finished methods 
[Generator_Management_GeneratorContacts.VerifyContacWithoutPhonenumber.TC_004EnterPhoneNumberAndSaveContact() on instance Generator_Management_GeneratorContacts.VerifyContacWithoutPhonenumber@eadd4fb]]]>
            </message>
            <full-stacktrace>
              <![CDATA[java.lang.Throwable: Method Generator_Management_GeneratorContacts.VerifyContacWithoutPhonenumber.TC_005VerifyPhoneNumberInList() on instance Generator_Management_GeneratorContacts.VerifyContacWithoutPhonenumber@eadd4fb depends on not successfully finished methods 
[Generator_Management_GeneratorContacts.VerifyContacWithoutPhonenumber.TC_004EnterPhoneNumberAndSaveContact() on instance Generator_Management_GeneratorContacts.VerifyContacWithoutPhonenumber@eadd4fb]
at org.testng.internal.invokers.TestInvoker.invokeTestMethods(TestInvoker.java:159)
at org.testng.internal.invokers.TestMethodWorker.invokeTestMethods(TestMethodWorker.java:154)
at org.testng.internal.invokers.TestMethodWorker.run(TestMethodWorker.java:134)
at java.base/java.util.ArrayList.forEach(ArrayList.java:1541)
at org.testng.TestRunner.privateRun(TestRunner.java:739)
at org.testng.TestRunner.run(TestRunner.java:614)
at org.testng.SuiteRunner.runTest(SuiteRunner.java:421)
at org.testng.SuiteRunner.runSequentially(SuiteRunner.java:413)
at org.testng.SuiteRunner.privateRun(SuiteRunner.java:373)
at org.testng.SuiteRunner.run(SuiteRunner.java:312)
at org.testng.SuiteRunnerWorker.runSuite(SuiteRunnerWorker.java:52)
at org.testng.SuiteRunnerWorker.run(SuiteRunnerWorker.java:95)
at org.testng.TestNG.runSuitesSequentially(TestNG.java:1274)
at org.testng.TestNG.runSuitesLocally(TestNG.java:1208)
at org.testng.TestNG.runSuites(TestNG.java:1112)
at org.testng.TestNG.run(TestNG.java:1079)
at org.testng.remote.AbstractRemoteTestNG.run(AbstractRemoteTestNG.java:115)
at org.testng.remote.RemoteTestNG.initAndRun(RemoteTestNG.java:293)
at org.testng.remote.RemoteTestNG.main(RemoteTestNG.java:91)
]]>
            </full-stacktrace>
          </exception> <!-- java.lang.Throwable -->
          <reporter-output>
          </reporter-output>
        </test-method> <!-- TC_005VerifyPhoneNumberInList -->
        <test-method is-config="true" signature="Ac()[pri:0, instance:Generator_Management_GeneratorContacts.VerifyContacWithoutPhonenumber@eadd4fb]" started-at="2026-08-20T16:13:21 IST" name="Ac" finished-at="2026-08-20T16:13:25 IST" duration-ms="4018" status="PASS">
          <reporter-output>
          </reporter-output>
        </test-method> <!-- Ac -->
      </class> <!-- Generator_Management_GeneratorContacts.VerifyContacWithoutPhonenumber -->
    </test> <!-- Default test -->
  </suite> <!-- Default suite -->
</testng-results>
