<?xml version="1.0" encoding="UTF-8"?>
<!-- Generated by org.testng.reporters.JUnitReportReporter -->
<testsuite hostname="NagaveniSN1602" failures="0" tests="21" name="Octopussaas_GeneratorInformation.Octopussaas_GeneratorInformation" time="97.168" errors="0" timestamp="2026-07-01T13:32:01 IST" skipped="0">
  <testcase classname="Octopussaas_GeneratorInformation.Octopussaas_GeneratorInformation" name="TC_058GeneratorInformation_PhonewithInput" time="4.268"/>
  <testcase classname="Octopussaas_GeneratorInformation.Octopussaas_GeneratorInformation" name="TC_052GeneratorInformation_ParentaccountwithAutosave" time="5.054"/>
  <testcase classname="Octopussaas_GeneratorInformation.Octopussaas_GeneratorInformation" name="TC_056GeneratorInformation_unassignwithoutReason" time="5.184"/>
  <testcase classname="Octopussaas_GeneratorInformation.Octopussaas_GeneratorInformation" name="TC_059GeneratorInformation_Phonewithalphabets" time="2.511"/>
  <testcase classname="Octopussaas_GeneratorInformation.Octopussaas_GeneratorInformation" name="TC_069GeneratorInformation_ExtwithMorethan5digits" time="2.261"/>
  <testcase classname="Octopussaas_GeneratorInformation.Octopussaas_GeneratorInformation" name="TC_062GeneratorInformation_Phonewithmorethan10digits" time="2.274"/>
  <testcase classname="Octopussaas_GeneratorInformation.Octopussaas_GeneratorInformation" name="TC_053GeneratorInformation_ParentaccontwithUnassign" time="5.223"/>
  <testcase classname="Octopussaas_GeneratorInformation.Octopussaas_GeneratorInformation" name="TC_067GeneratorInformation_Extwithnumbers" time="2.381"/>
  <testcase classname="Octopussaas_GeneratorInformation.Octopussaas_GeneratorInformation" name="TC_057GeneratorInformtion_Withanotherparentaccount" time="9.473"/>
  <testcase classname="Octopussaas_GeneratorInformation.Octopussaas_GeneratorInformation" name="TC_061GeneratorInformation_Phonewithspecialcharacters" time="2.404"/>
  <testcase classname="Octopussaas_GeneratorInformation.Octopussaas_GeneratorInformation" name="TC_065GeneratorInformation_ExtwithInput" time="2.387"/>
  <testcase classname="Octopussaas_GeneratorInformation.Octopussaas_GeneratorInformation" name="TC_055GeneratorInformation_ParentaccountwithKeeptheAssigned" time="3.651"/>
  <testcase classname="Octopussaas_GeneratorInformation.Octopussaas_GeneratorInformation" name="TC_060GeneratorInformation_Phonewithnumbers" time="2.418"/>
  <testcase classname="Octopussaas_GeneratorInformation.Octopussaas_GeneratorInformation" name="TC_066GeneratorInformation_Extwithalphabets" time="2.443"/>
  <testcase classname="Octopussaas_GeneratorInformation.Octopussaas_GeneratorInformation" name="TC_064GeneratorInformation_PhonewithoutInput" time="2.240"/>
  <testcase classname="Octopussaas_GeneratorInformation.Octopussaas_GeneratorInformation" name="TC_071GeneratorInformation_ExtwithoutInput" time="2.173"/>
  <testcase classname="Octopussaas_GeneratorInformation.Octopussaas_GeneratorInformation" name="TC_054GeneratorInformation_ParentaccountwithUnassignButton" time="4.837"/>
  <testcase classname="Octopussaas_GeneratorInformation.Octopussaas_GeneratorInformation" name="TC_063GeneratorInformation_PhonewithshortInput" time="2.503"/>
  <testcase classname="Octopussaas_GeneratorInformation.Octopussaas_GeneratorInformation" name="TC_068GeneratorInformation_Extwithspecialcharacters" time="2.410"/>
  <testcase classname="Octopussaas_GeneratorInformation.Octopussaas_GeneratorInformation" name="TC_070GeneratorInformation_ExtwithshortInput" time="2.416"/>
  <testcase classname="Octopussaas_GeneratorInformation.Octopussaas_GeneratorInformation" name="TC_049GeneratorInformation_ParentaccountwithInput" time="28.657"/>
</testsuite> <!-- Octopussaas_GeneratorInformation.Octopussaas_GeneratorInformation -->
