<?xml version="1.0" encoding="UTF-8"?>
<!-- Generated by org.testng.reporters.JUnitReportReporter -->
<testsuite hostname="NagaveniSN1602" failures="0" tests="14" name="Assets_Drivers.Assets_Drivers_fileUploadTc_134_to165" time="160.017" errors="0" timestamp="2026-09-12T11:44:40 IST" skipped="0">
  <testcase classname="Assets_Drivers.Assets_Drivers_fileUploadTc_134_to165" name="TC_135AssetsDrivers_LicensewithFileInput" time="7.178"/>
  <testcase classname="Assets_Drivers.Assets_Drivers_fileUploadTc_134_to165" name="TC_140AssetsDrivers_MedicalcardwithValidformat" time="30.407"/>
  <testcase classname="Assets_Drivers.Assets_Drivers_fileUploadTc_134_to165" name="TC_162AssetsDrivers_HoursschedueldwithAlphabets" time="2.883"/>
  <testcase classname="Assets_Drivers.Assets_Drivers_fileUploadTc_134_to165" name="TC_165AssetsDrivers_HoursscheduledwithDecimalInput" time="2.518"/>
  <testcase classname="Assets_Drivers.Assets_Drivers_fileUploadTc_134_to165" name="TC_164AssetsDrivers_HoursscheduledwithNegativeinput" time="2.593"/>
  <testcase classname="Assets_Drivers.Assets_Drivers_fileUploadTc_134_to165" name="TC_134AssetsDrivers_LicensewithInput" time="3.476"/>
  <testcase classname="Assets_Drivers.Assets_Drivers_fileUploadTc_134_to165" name="TC_138AssetsDrivers_MedicalcardwithInput" time="2.094"/>
  <testcase classname="Assets_Drivers.Assets_Drivers_fileUploadTc_134_to165" name="TC_141AssetsDrivers_MedicalcardwithInvalidformat" time="29.274"/>
  <testcase classname="Assets_Drivers.Assets_Drivers_fileUploadTc_134_to165" name="TC_137AssetsDrivers_licensewithInvalidFormat" time="29.584"/>
  <testcase classname="Assets_Drivers.Assets_Drivers_fileUploadTc_134_to165" name="TC_139AssetsDrivers_MedicalcardfilewithInput" time="7.131"/>
  <testcase classname="Assets_Drivers.Assets_Drivers_fileUploadTc_134_to165" name="TC_161AssetsDrivers_HoursscheduledwithInput" time="4.125"/>
  <testcase classname="Assets_Drivers.Assets_Drivers_fileUploadTc_134_to165" name="TC_136AssetsDrivers_LicensewithValidfileInput" time="30.389"/>
  <testcase classname="Assets_Drivers.Assets_Drivers_fileUploadTc_134_to165" name="TC_163AssetsDrivers_HoursscheduledwithSpecialcharacters" time="2.625"/>
  <testcase classname="Assets_Drivers.Assets_Drivers_fileUploadTc_134_to165" name="TC_001AssetsDrivers_withDriverPage" time="5.740"/>
</testsuite> <!-- Assets_Drivers.Assets_Drivers_fileUploadTc_134_to165 -->
