<?xml version="1.0" encoding="UTF-8"?>
<!-- Generated by org.testng.reporters.JUnitReportReporter -->
<testsuite hostname="NagaveniSN1602" failures="0" tests="19" name="Octopus_Assets.OctopusAssets_Servicevehicle1" time="285.593" errors="0" timestamp="2026-06-18T15:06:12 IST" skipped="0">
  <testcase classname="Octopus_Assets.OctopusAssets_Servicevehicle1" name="TC_091AssetsServicevehicle_CopyofregistrationwithEditname" time="15.708"/>
  <testcase classname="Octopus_Assets.OctopusAssets_Servicevehicle1" name="TC_094AssetsServicevehile_CopyofInsurancewithFileInput" time="7.118"/>
  <testcase classname="Octopus_Assets.OctopusAssets_Servicevehicle1" name="TC_088AssetsServicevehicle_CopyofregistrationwithFile" time="7.568"/>
  <testcase classname="Octopus_Assets.OctopusAssets_Servicevehicle1" name="TC_101AssetsServicevehicle_TransporterpermitwithValidFormat" time="30.257"/>
  <testcase classname="Octopus_Assets.OctopusAssets_Servicevehicle1" name="TC_103AssetsServicevehicle_TransporterwithEdit" time="15.691"/>
  <testcase classname="Octopus_Assets.OctopusAssets_Servicevehicle1" name="TC_090AssetsServicevehicle_CopyofregistrationwithInvalidinput" time="29.350"/>
  <testcase classname="Octopus_Assets.OctopusAssets_Servicevehicle1" name="TC_095AssetsServicevehicle_CopyofInsurancewithValidforamt" time="30.257"/>
  <testcase classname="Octopus_Assets.OctopusAssets_Servicevehicle1" name="TC_102AssetsServiceveicle_TransporterpermitwithInavlidformat" time="29.389"/>
  <testcase classname="Octopus_Assets.OctopusAssets_Servicevehicle1" name="TC_092AssetsServicevehicle_CopyofregistrationwithDelete" time="7.149"/>
  <testcase classname="Octopus_Assets.OctopusAssets_Servicevehicle1" name="TC_097AssetsServicevehicle_CopyofInsurancewithEdit" time="15.588"/>
  <testcase classname="Octopus_Assets.OctopusAssets_Servicevehicle1" name="TC_098AssetsServicevehicle_CopyofInsurancewithDeletebutton" time="6.132"/>
  <testcase classname="Octopus_Assets.OctopusAssets_Servicevehicle1" name="TC_096AssetsServicevehicle_CopyofInsurancewithInavlidformat" time="29.322"/>
  <testcase classname="Octopus_Assets.OctopusAssets_Servicevehicle1" name="TC_100AssetsServicevehicle_TransporterpermitwithfileInput" time="7.122"/>
  <testcase classname="Octopus_Assets.OctopusAssets_Servicevehicle1" name="TC_087AssetsServicevehicle_CopyofRegistrationWithInput" time="6.353"/>
  <testcase classname="Octopus_Assets.OctopusAssets_Servicevehicle1" name="TC_104AssetsServicevehicle_TransporterwithDeletebutton" time="6.177"/>
  <testcase classname="Octopus_Assets.OctopusAssets_Servicevehicle1" name="TC_099AssetsServicevehicle_TransporterpermitwithInput" time="2.153"/>
  <testcase classname="Octopus_Assets.OctopusAssets_Servicevehicle1" name="TC_089AssetsServicevehicle_CopyofregistrationwithValidforamt" time="30.347"/>
  <testcase classname="Octopus_Assets.OctopusAssets_Servicevehicle1" name="TC_093AssetsServicevehicle_CopyofInsurancewithInput" time="2.143"/>
  <testcase classname="Octopus_Assets.OctopusAssets_Servicevehicle1" name="TC_001AssetsServicevehicel_withservicevehiclepage" time="7.769"/>
</testsuite> <!-- Octopus_Assets.OctopusAssets_Servicevehicle1 -->
