<?xml version="1.0" encoding="UTF-8"?>
<!-- Generated by org.testng.reporters.JUnitReportReporter -->
<testsuite hostname="NagaveniSN1602" failures="0" tests="50" name="Drivers.TC_001toTC_050Drivers" time="209.327" errors="0" timestamp="2026-05-08T15:22:44 IST" skipped="0">
  <testcase classname="Drivers.TC_001toTC_050Drivers" name="TC_006AssetsDrivers_firstnamewithSpecialcharacters" time="2.431"/>
  <testcase classname="Drivers.TC_001toTC_050Drivers" name="TC_010AssetsDrivers_MiddleIntialwithSpecialCharacters" time="2.363"/>
  <testcase classname="Drivers.TC_001toTC_050Drivers" name="TC_022AssetsDrivers_uncheck" time="11.180"/>
  <testcase classname="Drivers.TC_001toTC_050Drivers" name="TC_042AssetsDrivers_PhonewithNumbers" time="2.436"/>
  <testcase classname="Drivers.TC_001toTC_050Drivers" name="TC_050AssetsDrivers_Extmorethan5digits" time="2.326"/>
  <testcase classname="Drivers.TC_001toTC_050Drivers" name="TC_007AssetsDrivers_firstnamewithoutInput" time="2.831"/>
  <testcase classname="Drivers.TC_001toTC_050Drivers" name="TC_031AssetsDrivers_DriverprofileInfo" time="2.343"/>
  <testcase classname="Drivers.TC_001toTC_050Drivers" name="TC_019AssestsDrivers_Emailwithspecialcharacters" time="2.437"/>
  <testcase classname="Drivers.TC_001toTC_050Drivers" name="TC_027AssestsDrivers_statusSelection" time="4.799"/>
  <testcase classname="Drivers.TC_001toTC_050Drivers" name="TC_044AssetsDrivers_PhonewithMorethan10" time="2.387"/>
  <testcase classname="Drivers.TC_001toTC_050Drivers" name="TC_017AssetsDrivers_EmailwithInput" time="2.321"/>
  <testcase classname="Drivers.TC_001toTC_050Drivers" name="TC_013AssetsDrivers_LastnamewithInput" time="3.066"/>
  <testcase classname="Drivers.TC_001toTC_050Drivers" name="TC_015AssetsDrivers_LastnamewithSpecialcharacters" time="2.403"/>
  <testcase classname="Drivers.TC_001toTC_050Drivers" name="TC_048AssetsDrivers_Extwithnumbers" time="2.367"/>
  <testcase classname="Drivers.TC_001toTC_050Drivers" name="TC_039AssetsDrivers_OctoIDwithEdit" time="2.262"/>
  <testcase classname="Drivers.TC_001toTC_050Drivers" name="TC_021AssestsDrivers_DriverLocation" time="2.242"/>
  <testcase classname="Drivers.TC_001toTC_050Drivers" name="TC_018AssetsDrivers_EmailwithNumbers" time="2.521"/>
  <testcase classname="Drivers.TC_001toTC_050Drivers" name="TC_008AssestsDrivers_MiddleIntialwithInput" time="2.299"/>
  <testcase classname="Drivers.TC_001toTC_050Drivers" name="TC_016AssestsDrivers_lastnamewithoutInput" time="2.688"/>
  <testcase classname="Drivers.TC_001toTC_050Drivers" name="TC_035AssetsDrivers_MiddlenamewithEdit" time="2.353"/>
  <testcase classname="Drivers.TC_001toTC_050Drivers" name="TC_041AssetsDrivers_PhonewithAlphabets" time="2.408"/>
  <testcase classname="Drivers.TC_001toTC_050Drivers" name="TC_034AssetsDrivers_DriverMiddlename" time="2.103"/>
  <testcase classname="Drivers.TC_001toTC_050Drivers" name="TC_026AssetsDrivers_withbothstatus" time="2.203"/>
  <testcase classname="Drivers.TC_001toTC_050Drivers" name="TC_014AssetsDrivers_LastnamewithNumbers" time="2.409"/>
  <testcase classname="Drivers.TC_001toTC_050Drivers" name="TC_028AssetsDrivers_addnewClikcable" time="2.120"/>
  <testcase classname="Drivers.TC_001toTC_050Drivers" name="TC_011AssetsDrivers_MiddleIntialmorethanonecharacter" time="2.446"/>
  <testcase classname="Drivers.TC_001toTC_050Drivers" name="TC_036AssetsDriver_driverLastname" time="2.099"/>
  <testcase classname="Drivers.TC_001toTC_050Drivers" name="TC_033AssetsDriver_firstnamewithEdit" time="2.348"/>
  <testcase classname="Drivers.TC_001toTC_050Drivers" name="TC_004AssestsDrivers_FirstnamewithInput" time="8.551"/>
  <testcase classname="Drivers.TC_001toTC_050Drivers" name="TC_020AssestsDrivers_EmialwithoutInput" time="22.730"/>
  <testcase classname="Drivers.TC_001toTC_050Drivers" name="TC_023AssetsDrivers_LocationCheck" time="14.303"/>
  <testcase classname="Drivers.TC_001toTC_050Drivers" name="TC_003AssetsDrivers_AddnewDriver" time="4.965"/>
  <testcase classname="Drivers.TC_001toTC_050Drivers" name="TC_005AssetsDrivers_firstnamewithNumbers" time="2.452"/>
  <testcase classname="Drivers.TC_001toTC_050Drivers" name="TC_012AssetsDrivers_MiddleIntialwithoutInput" time="2.788"/>
  <testcase classname="Drivers.TC_001toTC_050Drivers" name="TC_045AssetsDrivers_Phonewithlessthan10" time="5.861"/>
  <testcase classname="Drivers.TC_001toTC_050Drivers" name="TC_024AssetsDrivers_removeLocations" time="2.756"/>
  <testcase classname="Drivers.TC_001toTC_050Drivers" name="TC_030AssetsDrivers_AddnewDriver" time="27.897"/>
  <testcase classname="Drivers.TC_001toTC_050Drivers" name="TC_002AssetsDrivers_withTooltip" time="4.140"/>
  <testcase classname="Drivers.TC_001toTC_050Drivers" name="TC_025AssetsDriver_withstatus" time="2.093"/>
  <testcase classname="Drivers.TC_001toTC_050Drivers" name="TC_049AssetsDrivers_Extwithspecailcharacters" time="2.308"/>
  <testcase classname="Drivers.TC_001toTC_050Drivers" name="TC_029AssetsDrivers_addnewwithoutMandatoryfield" time="2.211"/>
  <testcase classname="Drivers.TC_001toTC_050Drivers" name="TC_043AssetsDrivers_PhonewithSpecialchracters" time="2.418"/>
  <testcase classname="Drivers.TC_001toTC_050Drivers" name="TC_009AssetsDrivers_MiddleIntialwithNumbers" time="2.417"/>
  <testcase classname="Drivers.TC_001toTC_050Drivers" name="TC_038AssetsDrivers_OctoID" time="2.045"/>
  <testcase classname="Drivers.TC_001toTC_050Drivers" name="TC_037AssetsDrivers_lastnamewithEdit" time="2.380"/>
  <testcase classname="Drivers.TC_001toTC_050Drivers" name="TC_047AssetsDrivers_Extwithalphabets" time="2.549"/>
  <testcase classname="Drivers.TC_001toTC_050Drivers" name="TC_032AssetsDrivers_driverFirstname" time="2.080"/>
  <testcase classname="Drivers.TC_001toTC_050Drivers" name="TC_040AssetsDrivers_PhonewithInput" time="2.457"/>
  <testcase classname="Drivers.TC_001toTC_050Drivers" name="TC_046AssetsDrivers_ExtwithInput" time="2.542"/>
  <testcase classname="Drivers.TC_001toTC_050Drivers" name="TC_001AssetsDrivers_withDriverPage" time="9.193"/>
</testsuite> <!-- Drivers.TC_001toTC_050Drivers -->
