<?xml version="1.0" encoding="UTF-8"?>
<!-- Generated by org.testng.reporters.JUnitXMLReporter -->
<testsuite ignored="0" hostname="LAPTOP-B1NJT4ED" failures="0" tests="53" name="Default test" time="529.391" errors="0" timestamp="2026-09-17T13:56:58 IST">
  <testcase classname="UnappliedChecks.unappliedcheccks_All_Tc" name="TC_001UnappliedCheckPageLoad" time="2.338"/>
  <testcase classname="UnappliedChecks.unappliedcheccks_All_Tc" name="TC_002UnappliedCheckPageSideBar_Menu" time="0.128"/>
  <testcase classname="UnappliedChecks.unappliedcheccks_All_Tc" name="TC_003VerifytheDefaultDateRange" time="0.037"/>
  <testcase classname="UnappliedChecks.unappliedcheccks_All_Tc" name="TC_004SearchUnappliedCheckRequires5Char" time="0.171"/>
  <testcase classname="UnappliedChecks.unappliedcheccks_All_Tc" name="TC_005VerifySearchUnappliedCheckWithMorethan5digits" time="2.234"/>
  <testcase classname="UnappliedChecks.unappliedcheccks_All_Tc" name="TC_006VerifySearchHighlightedMatchingField" time="0.217"/>
  <testcase classname="UnappliedChecks.unappliedcheccks_All_Tc" name="TC_007VerifyStatusFilter" time="2.351"/>
  <testcase classname="UnappliedChecks.unappliedcheccks_All_Tc" name="TC_008VerifyDateRangeFilter" time="4.665"/>
  <testcase classname="UnappliedChecks.unappliedcheccks_All_Tc" name="TC_009VerifyClearFilterResetDefaultvalues" time="0.14"/>
  <testcase classname="UnappliedChecks.unappliedcheccks_All_Tc" name="TC_010VerifyTableColumLists" time="0.265"/>
  <testcase classname="UnappliedChecks.unappliedcheccks_All_Tc" name="TC_011VerifySingleclickAndDoubleClick" time="0.941"/>
  <testcase classname="UnappliedChecks.unappliedcheccks_All_Tc" name="TC_012VerifySummaryFootertotalMatchRows" time="0.209"/>
  <testcase classname="UnappliedChecks.unappliedcheccks_All_Tc" name="TC_013VerifyRealtimelisterUpdatetable" time="17.648"/>
  <testcase classname="UnappliedChecks.unappliedcheccks_All_Tc" name="TC_014VerifyEmptyStateMesssage" time="0.0"/>
  <testcase classname="UnappliedChecks.unappliedcheccks_All_Tc" name="TC_015VerifyDeletedChecksAreNotDisplayedInList" time="68.826"/>
  <testcase classname="UnappliedChecks.unappliedcheccks_All_Tc" name="TC_016QucikCheckAddAndOpen" time="0.117"/>
  <testcase classname="UnappliedChecks.unappliedcheccks_All_Tc" name="TC_017VerifyGeneratorRrequiredErrormessage" time="3.444"/>
  <testcase classname="UnappliedChecks.unappliedcheccks_All_Tc" name="TC_018VerifyCheckNumberRequiredErrormessage" time="6.644"/>
  <testcase classname="UnappliedChecks.unappliedcheccks_All_Tc" name="TC_019VerifyAmountMustBepositive" time="2.384"/>
  <testcase classname="UnappliedChecks.unappliedcheccks_All_Tc" name="TC_020VerifyPaymentDateCapture" time="2.285"/>
  <testcase classname="UnappliedChecks.unappliedcheccks_All_Tc" name="TC_021VerifyQuickCheckAdd" time="0.073"/>
  <testcase classname="UnappliedChecks.unappliedcheccks_All_Tc" name="TC_022VerifySaveButtonShowsLoading" time="66.339"/>
  <testcase classname="UnappliedChecks.unappliedcheccks_All_Tc" name="TC_023VerifyAmountFieldBackgroundColor" time="0.031"/>
  <testcase classname="UnappliedChecks.unappliedcheccks_All_Tc" name="TC_024VerifyImportcheckModelOpens" time="0.201"/>
  <testcase classname="UnappliedChecks.unappliedcheccks_All_Tc" name="TC_025VerifyDownloadTemplate" time="0.071"/>
  <testcase classname="UnappliedChecks.unappliedcheccks_All_Tc" name="TC_030VerifyUploadValidCSVwith" time="3.898"/>
  <testcase classname="UnappliedChecks.unappliedcheccks_All_Tc" name="TC_031VerifyConfirmImportIsDisableWhileUploading" time="0.035"/>
  <testcase classname="UnappliedChecks.unappliedcheccks_All_Tc" name="TC_032VerifyConfirmImportCreatesValidRow" time="0.054"/>
  <testcase classname="UnappliedChecks.unappliedcheccks_All_Tc" name="TC_033VerifyImportCSvWithInvalidRow" time="3.686"/>
  <testcase classname="UnappliedChecks.unappliedcheccks_All_Tc" name="TC_034VerifyImportCSvWithInvalidRow" time="3.899"/>
  <testcase classname="UnappliedChecks.unappliedcheccks_All_Tc" name="TC_035VerifyImportResultsDetails" time="10.368"/>
  <testcase classname="UnappliedChecks.unappliedcheccks_All_Tc" name="TC_036VerifyClosetheModelandResettheState" time="0.157"/>
  <testcase classname="UnappliedChecks.unappliedcheccks_All_Tc" name="TC_037VerifymanualGridAddandRemoveRows" time="0.335"/>
  <testcase classname="UnappliedChecks.unappliedcheccks_All_Tc" name="TC_038VerifyManualRowValidaton" time="0.123"/>
  <testcase classname="UnappliedChecks.unappliedcheccks_All_Tc" name="TC_039VerifyManualRowAdd" time="4.334"/>
  <testcase classname="UnappliedChecks.unappliedcheccks_All_Tc" name="TC_040VerifyManualgridChecksCreatedSuccessfully" time="13.818"/>
  <testcase classname="UnappliedChecks.unappliedcheccks_All_Tc" name="TC_041VerifyManualgridCheckisPresentinUnappliedChecks" time="2.271"/>
  <testcase classname="UnappliedChecks.unappliedcheccks_All_Tc" name="TC_042VerifyUnappliedChecksDetails" time="4.705"/>
  <testcase classname="UnappliedChecks.unappliedcheccks_All_Tc" name="TC_043VerifyUnappliedChecksDetailsFieldsRender" time="0.19"/>
  <testcase classname="UnappliedChecks.unappliedcheccks_All_Tc" name="TC_044VerifygeneratorNameFromDetails" time="0.032"/>
  <testcase classname="UnappliedChecks.unappliedcheccks_All_Tc" name="TC_045VerifyInlinePaymentEditDate" time="0.0"/>
  <testcase classname="UnappliedChecks.unappliedcheccks_All_Tc" name="TC_046VerifyInlineEditMemo" time="2.378"/>
  <testcase classname="UnappliedChecks.unappliedcheccks_All_Tc" name="TC_047VerifyAbletoEditChecknumberfromDetails" time="3.689"/>
  <testcase classname="UnappliedChecks.unappliedcheccks_All_Tc" name="TC_048VerifyInlineEditInvoiceNumber" time="6.27"/>
  <testcase classname="UnappliedChecks.unappliedcheccks_All_Tc" name="TC_049VerifyEditAmount" time="3.455"/>
  <testcase classname="UnappliedChecks.unappliedcheccks_All_Tc" name="TC_050VerifyEditAmountwithZero" time="3.223"/>
  <testcase classname="UnappliedChecks.unappliedcheccks_All_Tc" name="TC_051VerifyEditAmountUpdatedMessage" time="0.0"/>
  <testcase classname="UnappliedChecks.unappliedcheccks_All_Tc" name="TC_052VerifyRemovedApplicationWithScratced" time="35.374"/>
  <testcase classname="UnappliedChecks.unappliedcheccks_All_Tc" name="TC_053VerifyUnappliedCheckDeletebuttonisHidden" time="35.803"/>
  <testcase classname="UnappliedChecks.unappliedcheccks_All_Tc" name="TC_054VerifySoftDeleteUnappliedCheck" time="16.808"/>
  <testcase classname="UnappliedChecks.unappliedcheccks_All_Tc" name="TC_055verifyRemoveDisplayedForActiveEntries" time="43.138"/>
  <testcase classname="UnappliedChecks.unappliedcheccks_All_Tc" name="TC_056VerifyRemoveReasonForUnappliedChecks" time="0.124"/>
  <testcase classname="UnappliedChecks.unappliedcheccks_All_Tc" name="TC_057VerifyBalanceRestoredAfterRemove" time="10.692"/>
</testsuite> <!-- Default test -->
