<?xml version="1.0" encoding="UTF-8"?>
<!-- Generated by org.testng.reporters.JUnitXMLReporter -->
<testsuite ignored="0" hostname="RAJEEV" failures="0" tests="6" name="Default test" time="164.067" errors="0" timestamp="2026-07-22T12:19:27 IST">
  <testcase classname="Assert_Satellite_Location.Satellitelocation_Tc230to236" name="TC_230VerifySavedSatelliteLocationIspresentInSatelliteLocationLists" time="71.691"/>
  <testcase classname="Assert_Satellite_Location.Satellitelocation_Tc230to236" name="TC_231VerifyNameOftheSatelliteisPresentInsideSatelliteLists" time="3.04"/>
  <testcase classname="Assert_Satellite_Location.Satellitelocation_Tc230to236" name="TC_232VerifyAddressoftheSatellteisPresentInsideSatelliteLocationslist" time="3.499"/>
  <testcase classname="Assert_Satellite_Location.Satellitelocation_Tc230to236" name="TC_233VerifyDispatchPhoneNumberoftheSatellteisPresentInsideSatelliteLocationslist" time="2.697"/>
  <testcase classname="Assert_Satellite_Location.Satellitelocation_Tc230to236" name="TC_234VerifyEmailoftheSatellteisPresentInsideSatelliteLocationslist" time="2.512"/>
  <testcase classname="Assert_Satellite_Location.Satellitelocation_Tc230to236" name="TC_235VerifyStatusoftheSatellteisPresentInsideSatelliteLocationslist" time="2.365"/>
</testsuite> <!-- Default test -->
