# JRE version: Java(TM) SE Runtime Environment 18.9 (11.0.21+9) (build 11.0.21+9-LTS-193)
# Java VM: Java HotSpot(TM) 64-Bit Server VM 18.9 (11.0.21+9-LTS-193, mixed mode, tiered, compressed oops, g1 gc, windows-amd64)
Heap:
 garbage-first heap   total 126976K, used 40770K [0x0000000084000000, 0x0000000100000000)
  region size 1024K, 28 young (28672K), 2 survivors (2048K)
 Metaspace       used 36717K, capacity 38208K, committed 38272K, reserved 1083392K
  class space    used 4295K, capacity 4933K, committed 4992K, reserved 1048576K
GC Heap History (10 events):
Event: 0.910 GC heap before
{Heap before GC invocations=0 (full 0):
 garbage-first heap   total 126976K, used 24576K [0x0000000084000000, 0x0000000100000000)
  region size 1024K, 24 young (24576K), 0 survivors (0K)
 Metaspace       used 13523K, capacity 13922K, committed 14080K, reserved 1062912K
  class space    used 1371K, capacity 1506K, committed 1536K, reserved 1048576K
}
Event: 0.915 GC heap after
{Heap after GC invocations=1 (full 0):
 garbage-first heap   total 126976K, used 6920K [0x0000000084000000, 0x0000000100000000)
  region size 1024K, 3 young (3072K), 3 survivors (3072K)
 Metaspace       used 13523K, capacity 13922K, committed 14080K, reserved 1062912K
  class space    used 1371K, capacity 1506K, committed 1536K, reserved 1048576K
}
Event: 3.601 GC heap before
{Heap before GC invocations=1 (full 0):
 garbage-first heap   total 126976K, used 47880K [0x0000000084000000, 0x0000000100000000)
  region size 1024K, 44 young (45056K), 3 survivors (3072K)
 Metaspace       used 20457K, capacity 21188K, committed 21248K, reserved 1069056K
  class space    used 2247K, capacity 2549K, committed 2560K, reserved 1048576K
}
Event: 3.609 GC heap after
{Heap after GC invocations=2 (full 0):
 garbage-first heap   total 126976K, used 9771K [0x0000000084000000, 0x0000000100000000)
  region size 1024K, 6 young (6144K), 6 survivors (6144K)
 Metaspace       used 20457K, capacity 21188K, committed 21248K, reserved 1069056K
  class space    used 2247K, capacity 2549K, committed 2560K, reserved 1048576K
}
Event: 20.444 GC heap before
{Heap before GC invocations=3 (full 0):
 garbage-first heap   total 126976K, used 50731K [0x0000000084000000, 0x0000000100000000)
  region size 1024K, 46 young (47104K), 6 survivors (6144K)
 Metaspace       used 30991K, capacity 32408K, committed 32640K, reserved 1077248K
  class space    used 3586K, capacity 4191K, committed 4224K, reserved 1048576K
}
Event: 20.458 GC heap after
{Heap after GC invocations=4 (full 0):
 garbage-first heap   total 126976K, used 13155K [0x0000000084000000, 0x0000000100000000)
  region size 1024K, 6 young (6144K), 6 survivors (6144K)
 Metaspace       used 30991K, capacity 32408K, committed 32640K, reserved 1077248K
  class space    used 3586K, capacity 4191K, committed 4224K, reserved 1048576K
}
Event: 21.035 GC heap before
{Heap before GC invocations=4 (full 0):
 garbage-first heap   total 126976K, used 66403K [0x0000000084000000, 0x0000000100000000)
  region size 1024K, 58 young (59392K), 6 survivors (6144K)
 Metaspace       used 33833K, capacity 35322K, committed 35584K, reserved 1081344K
  class space    used 3940K, capacity 4579K, committed 4608K, reserved 1048576K
}
Event: 21.045 GC heap after
{Heap after GC invocations=5 (full 0):
 garbage-first heap   total 126976K, used 15046K [0x0000000084000000, 0x0000000100000000)
  region size 1024K, 6 young (6144K), 6 survivors (6144K)
 Metaspace       used 33833K, capacity 35322K, committed 35584K, reserved 1081344K
  class space    used 3940K, capacity 4579K, committed 4608K, reserved 1048576K
}
Event: 21.158 GC heap before
{Heap before GC invocations=5 (full 0):
 garbage-first heap   total 126976K, used 19142K [0x0000000084000000, 0x0000000100000000)
  region size 1024K, 11 young (11264K), 6 survivors (6144K)
 Metaspace       used 34266K, capacity 35695K, committed 35840K, reserved 1081344K
  class space    used 3978K, capacity 4618K, committed 4736K, reserved 1048576K
}
Event: 21.165 GC heap after
{Heap after GC invocations=6 (full 0):
 garbage-first heap   total 126976K, used 15170K [0x0000000084000000, 0x0000000100000000)
  region size 1024K, 2 young (2048K), 2 survivors (2048K)
 Metaspace       used 34266K, capacity 35695K, committed 35840K, reserved 1081344K
  class space    used 3978K, capacity 4618K, committed 4736K, reserved 1048576K
}

