# JRE version: Java(TM) SE Runtime Environment (21.0.2+13) (build 21.0.2+13-LTS-58)
# Java VM: Java HotSpot(TM) 64-Bit Server VM (21.0.2+13-LTS-58, mixed mode, sharing, tiered, compressed oops, compressed class ptrs, g1 gc, windows-amd64)
GC Precious Log:
 CardTable entry size: 512
 Card Set container configuration: InlinePtr #cards 5 size 8 Array Of Cards #cards 12 size 40 Howl #buckets 4 coarsen threshold 1843 Howl Bitmap #cards 512 size 80 coarsen threshold 460 Card regions per heap region 1 cards per card region 2048
 CPUs: 8 total, 8 available
 Memory: 7934M
 Large Page Support: Disabled
 NUMA Support: Disabled
 Compressed Oops: Enabled (32-bit)
 Heap Region Size: 1M
 Heap Min Capacity: 8M
 Heap Initial Capacity: 124M
 Heap Max Capacity: 1984M
 Pre-touch: Disabled
 Parallel Workers: 8
 Concurrent Workers: 2
 Concurrent Refinement Workers: 8
 Periodic GC: Disabled
Heap:
 garbage-first heap   total 51200K, used 30179K [0x0000000084000000, 0x0000000100000000)
  region size 1024K, 20 young (20480K), 3 survivors (3072K)
 Metaspace       used 27352K, committed 27776K, reserved 1114112K
  class space    used 3267K, committed 3456K, reserved 1048576K
GC Heap History (10 events):
Event: 0.765 GC heap before
{Heap before GC invocations=0 (full 0):
 garbage-first heap   total 126976K, used 23552K [0x0000000084000000, 0x0000000100000000)
  region size 1024K, 23 young (23552K), 0 survivors (0K)
 Metaspace       used 7586K, committed 7872K, reserved 1114112K
  class space    used 858K, committed 1024K, reserved 1048576K
}
Event: 0.773 GC heap after
{Heap after GC invocations=1 (full 0):
 garbage-first heap   total 126976K, used 7680K [0x0000000084000000, 0x0000000100000000)
  region size 1024K, 3 young (3072K), 3 survivors (3072K)
 Metaspace       used 7586K, committed 7872K, reserved 1114112K
  class space    used 858K, committed 1024K, reserved 1048576K
}
Event: 4.486 GC heap before
{Heap before GC invocations=1 (full 0):
 garbage-first heap   total 126976K, used 36352K [0x0000000084000000, 0x0000000100000000)
  region size 1024K, 32 young (32768K), 3 survivors (3072K)
 Metaspace       used 18320K, committed 18752K, reserved 1114112K
  class space    used 2168K, committed 2368K, reserved 1048576K
}
Event: 4.493 GC heap after
{Heap after GC invocations=2 (full 0):
 garbage-first heap   total 126976K, used 11869K [0x0000000084000000, 0x0000000100000000)
  region size 1024K, 4 young (4096K), 4 survivors (4096K)
 Metaspace       used 18320K, committed 18752K, reserved 1114112K
  class space    used 2168K, committed 2368K, reserved 1048576K
}
Event: 20.671 GC heap before
{Heap before GC invocations=2 (full 0):
 garbage-first heap   total 126976K, used 23133K [0x0000000084000000, 0x0000000100000000)
  region size 1024K, 16 young (16384K), 4 survivors (4096K)
 Metaspace       used 21063K, committed 21504K, reserved 1114112K
  class space    used 2535K, committed 2752K, reserved 1048576K
}
Event: 20.678 GC heap after
{Heap after GC invocations=3 (full 0):
 garbage-first heap   total 126976K, used 12530K [0x0000000084000000, 0x0000000100000000)
  region size 1024K, 5 young (5120K), 5 survivors (5120K)
 Metaspace       used 21063K, committed 21504K, reserved 1114112K
  class space    used 2535K, committed 2752K, reserved 1048576K
}
Event: 21.332 GC heap before
{Heap before GC invocations=4 (full 0):
 garbage-first heap   total 51200K, used 38130K [0x0000000084000000, 0x0000000100000000)
  region size 1024K, 30 young (30720K), 5 survivors (5120K)
 Metaspace       used 25471K, committed 25920K, reserved 1114112K
  class space    used 3050K, committed 3264K, reserved 1048576K
}
Event: 21.340 GC heap after
{Heap after GC invocations=5 (full 0):
 garbage-first heap   total 51200K, used 14276K [0x0000000084000000, 0x0000000100000000)
  region size 1024K, 3 young (3072K), 3 survivors (3072K)
 Metaspace       used 25471K, committed 25920K, reserved 1114112K
  class space    used 3050K, committed 3264K, reserved 1048576K
}
Event: 21.386 GC heap before
{Heap before GC invocations=5 (full 0):
 garbage-first heap   total 51200K, used 38852K [0x0000000084000000, 0x0000000100000000)
  region size 1024K, 27 young (27648K), 3 survivors (3072K)
 Metaspace       used 25471K, committed 25920K, reserved 1114112K
  class space    used 3050K, committed 3264K, reserved 1048576K
}
Event: 21.392 GC heap after
{Heap after GC invocations=6 (full 0):
 garbage-first heap   total 51200K, used 14819K [0x0000000084000000, 0x0000000100000000)
  region size 1024K, 3 young (3072K), 3 survivors (3072K)
 Metaspace       used 25471K, committed 25920K, reserved 1114112K
  class space    used 3050K, committed 3264K, reserved 1048576K
}

