# JRE version: Java(TM) SE Runtime Environment (21.0.2+13) (build 21.0.2+13-LTS-58)
# Java VM: Java HotSpot(TM) 64-Bit Server VM (21.0.2+13-LTS-58, mixed mode, sharing, tiered, compressed oops, compressed class ptrs, g1 gc, windows-amd64)
GC Precious Log:
 CardTable entry size: 512
 Card Set container configuration: InlinePtr #cards 5 size 8 Array Of Cards #cards 12 size 40 Howl #buckets 4 coarsen threshold 1843 Howl Bitmap #cards 512 size 80 coarsen threshold 460 Card regions per heap region 1 cards per card region 2048
 CPUs: 8 total, 8 available
 Memory: 7934M
 Large Page Support: Disabled
 NUMA Support: Disabled
 Compressed Oops: Enabled (32-bit)
 Heap Region Size: 1M
 Heap Min Capacity: 8M
 Heap Initial Capacity: 124M
 Heap Max Capacity: 1984M
 Pre-touch: Disabled
 Parallel Workers: 8
 Concurrent Workers: 2
 Concurrent Refinement Workers: 8
 Periodic GC: Disabled
Heap:
 garbage-first heap   total 48128K, used 33920K [0x0000000084000000, 0x0000000100000000)
  region size 1024K, 24 young (24576K), 3 survivors (3072K)
 Metaspace       used 27393K, committed 27840K, reserved 1114112K
  class space    used 3284K, committed 3456K, reserved 1048576K
GC Heap History (10 events):
Event: 1.852 GC heap before
{Heap before GC invocations=0 (full 0):
 garbage-first heap   total 126976K, used 23552K [0x0000000084000000, 0x0000000100000000)
  region size 1024K, 23 young (23552K), 0 survivors (0K)
 Metaspace       used 7625K, committed 7936K, reserved 1114112K
  class space    used 860K, committed 1024K, reserved 1048576K
}
Event: 1.861 GC heap after
{Heap after GC invocations=1 (full 0):
 garbage-first heap   total 126976K, used 7808K [0x0000000084000000, 0x0000000100000000)
  region size 1024K, 3 young (3072K), 3 survivors (3072K)
 Metaspace       used 7625K, committed 7936K, reserved 1114112K
  class space    used 860K, committed 1024K, reserved 1048576K
}
Event: 5.398 GC heap before
{Heap before GC invocations=1 (full 0):
 garbage-first heap   total 126976K, used 36480K [0x0000000084000000, 0x0000000100000000)
  region size 1024K, 32 young (32768K), 3 survivors (3072K)
 Metaspace       used 17975K, committed 18432K, reserved 1114112K
  class space    used 2125K, committed 2304K, reserved 1048576K
}
Event: 5.408 GC heap after
{Heap after GC invocations=2 (full 0):
 garbage-first heap   total 126976K, used 11811K [0x0000000084000000, 0x0000000100000000)
  region size 1024K, 4 young (4096K), 4 survivors (4096K)
 Metaspace       used 17975K, committed 18432K, reserved 1114112K
  class space    used 2125K, committed 2304K, reserved 1048576K
}
Event: 29.514 GC heap before
{Heap before GC invocations=2 (full 0):
 garbage-first heap   total 126976K, used 24099K [0x0000000084000000, 0x0000000100000000)
  region size 1024K, 17 young (17408K), 4 survivors (4096K)
 Metaspace       used 21100K, committed 21504K, reserved 1114112K
  class space    used 2540K, committed 2752K, reserved 1048576K
}
Event: 29.522 GC heap after
{Heap after GC invocations=3 (full 0):
 garbage-first heap   total 126976K, used 12835K [0x0000000084000000, 0x0000000100000000)
  region size 1024K, 5 young (5120K), 5 survivors (5120K)
 Metaspace       used 21100K, committed 21504K, reserved 1114112K
  class space    used 2540K, committed 2752K, reserved 1048576K
}
Event: 30.461 GC heap before
{Heap before GC invocations=4 (full 0):
 garbage-first heap   total 48128K, used 36387K [0x0000000084000000, 0x0000000100000000)
  region size 1024K, 28 young (28672K), 5 survivors (5120K)
 Metaspace       used 25412K, committed 25856K, reserved 1114112K
  class space    used 3050K, committed 3264K, reserved 1048576K
}
Event: 30.471 GC heap after
{Heap after GC invocations=5 (full 0):
 garbage-first heap   total 48128K, used 13847K [0x0000000084000000, 0x0000000100000000)
  region size 1024K, 3 young (3072K), 3 survivors (3072K)
 Metaspace       used 25412K, committed 25856K, reserved 1114112K
  class space    used 3050K, committed 3264K, reserved 1048576K
}
Event: 30.515 GC heap before
{Heap before GC invocations=5 (full 0):
 garbage-first heap   total 48128K, used 36375K [0x0000000084000000, 0x0000000100000000)
  region size 1024K, 25 young (25600K), 3 survivors (3072K)
 Metaspace       used 25412K, committed 25856K, reserved 1114112K
  class space    used 3050K, committed 3264K, reserved 1048576K
}
Event: 30.520 GC heap after
{Heap after GC invocations=6 (full 0):
 garbage-first heap   total 48128K, used 14464K [0x0000000084000000, 0x0000000100000000)
  region size 1024K, 3 young (3072K), 3 survivors (3072K)
 Metaspace       used 25412K, committed 25856K, reserved 1114112K
  class space    used 3050K, committed 3264K, reserved 1048576K
}

