# JRE version: Java(TM) SE Runtime Environment 18.9 (11.0.21+9) (build 11.0.21+9-LTS-193)
# Java VM: Java HotSpot(TM) 64-Bit Server VM 18.9 (11.0.21+9-LTS-193, mixed mode, tiered, compressed oops, g1 gc, windows-amd64)
Heap:
 garbage-first heap   total 126976K, used 44312K [0x0000000084000000, 0x0000000100000000)
  region size 1024K, 37 young (37888K), 4 survivors (4096K)
 Metaspace       used 30404K, capacity 31654K, committed 32000K, reserved 1077248K
  class space    used 3446K, capacity 3996K, committed 4096K, reserved 1048576K
GC Heap History (6 events):
Event: 1.738 GC heap before
{Heap before GC invocations=0 (full 0):
 garbage-first heap   total 126976K, used 24576K [0x0000000084000000, 0x0000000100000000)
  region size 1024K, 24 young (24576K), 0 survivors (0K)
 Metaspace       used 13441K, capacity 13816K, committed 14080K, reserved 1062912K
  class space    used 1354K, capacity 1490K, committed 1536K, reserved 1048576K
}
Event: 1.747 GC heap after
{Heap after GC invocations=1 (full 0):
 garbage-first heap   total 126976K, used 7380K [0x0000000084000000, 0x0000000100000000)
  region size 1024K, 3 young (3072K), 3 survivors (3072K)
 Metaspace       used 13441K, capacity 13816K, committed 14080K, reserved 1062912K
  class space    used 1354K, capacity 1490K, committed 1536K, reserved 1048576K
}
Event: 2.125 GC heap before
{Heap before GC invocations=1 (full 0):
 garbage-first heap   total 126976K, used 29908K [0x0000000084000000, 0x0000000100000000)
  region size 1024K, 25 young (25600K), 3 survivors (3072K)
 Metaspace       used 14643K, capacity 15072K, committed 15232K, reserved 1062912K
  class space    used 1493K, capacity 1654K, committed 1664K, reserved 1048576K
}
Event: 2.129 GC heap after
{Heap after GC invocations=2 (full 0):
 garbage-first heap   total 126976K, used 8668K [0x0000000084000000, 0x0000000100000000)
  region size 1024K, 1 young (1024K), 1 survivors (1024K)
 Metaspace       used 14643K, capacity 15072K, committed 15232K, reserved 1062912K
  class space    used 1493K, capacity 1654K, committed 1664K, reserved 1048576K
}
Event: 5.672 GC heap before
{Heap before GC invocations=2 (full 0):
 garbage-first heap   total 126976K, used 57820K [0x0000000084000000, 0x0000000100000000)
  region size 1024K, 50 young (51200K), 1 survivors (1024K)
 Metaspace       used 20461K, capacity 21174K, committed 21248K, reserved 1069056K
  class space    used 2204K, capacity 2532K, committed 2560K, reserved 1048576K
}
Event: 5.679 GC heap after
{Heap after GC invocations=3 (full 0):
 garbage-first heap   total 126976K, used 11544K [0x0000000084000000, 0x0000000100000000)
  region size 1024K, 4 young (4096K), 4 survivors (4096K)
 Metaspace       used 20461K, capacity 21174K, committed 21248K, reserved 1069056K
  class space    used 2204K, capacity 2532K, committed 2560K, reserved 1048576K
}

