# JRE version: Java(TM) SE Runtime Environment 18.9 (11.0.21+9) (build 11.0.21+9-LTS-193)
# Java VM: Java HotSpot(TM) 64-Bit Server VM 18.9 (11.0.21+9-LTS-193, mixed mode, tiered, compressed oops, g1 gc, windows-amd64)
Heap:
 garbage-first heap   total 126976K, used 70847K [0x0000000084000000, 0x0000000100000000)
  region size 1024K, 62 young (63488K), 6 survivors (6144K)
 Metaspace       used 39160K, capacity 40815K, committed 41084K, reserved 1085440K
  class space    used 4496K, capacity 5220K, committed 5244K, reserved 1048576K
GC Heap History (10 events):
Event: 1.541 GC heap before
{Heap before GC invocations=0 (full 0):
 garbage-first heap   total 126976K, used 24576K [0x0000000084000000, 0x0000000100000000)
  region size 1024K, 24 young (24576K), 0 survivors (0K)
 Metaspace       used 13525K, capacity 13849K, committed 14080K, reserved 1062912K
  class space    used 1371K, capacity 1503K, committed 1536K, reserved 1048576K
}
Event: 1.553 GC heap after
{Heap after GC invocations=1 (full 0):
 garbage-first heap   total 126976K, used 6828K [0x0000000084000000, 0x0000000100000000)
  region size 1024K, 3 young (3072K), 3 survivors (3072K)
 Metaspace       used 13525K, capacity 13849K, committed 14080K, reserved 1062912K
  class space    used 1371K, capacity 1503K, committed 1536K, reserved 1048576K
}
Event: 4.775 GC heap before
{Heap before GC invocations=1 (full 0):
 garbage-first heap   total 126976K, used 46764K [0x0000000084000000, 0x0000000100000000)
  region size 1024K, 43 young (44032K), 3 survivors (3072K)
 Metaspace       used 20455K, capacity 21190K, committed 21248K, reserved 1069056K
  class space    used 2245K, capacity 2549K, committed 2560K, reserved 1048576K
}
Event: 4.793 GC heap after
{Heap after GC invocations=2 (full 0):
 garbage-first heap   total 126976K, used 9637K [0x0000000084000000, 0x0000000100000000)
  region size 1024K, 6 young (6144K), 6 survivors (6144K)
 Metaspace       used 20455K, capacity 21190K, committed 21248K, reserved 1069056K
  class space    used 2245K, capacity 2549K, committed 2560K, reserved 1048576K
}
Event: 30.284 GC heap before
{Heap before GC invocations=3 (full 0):
 garbage-first heap   total 126976K, used 54693K [0x0000000084000000, 0x0000000100000000)
  region size 1024K, 50 young (51200K), 6 survivors (6144K)
 Metaspace       used 31829K, capacity 33250K, committed 33532K, reserved 1079296K
  class space    used 3671K, capacity 4259K, committed 4348K, reserved 1048576K
}
Event: 30.349 GC heap after
{Heap after GC invocations=4 (full 0):
 garbage-first heap   total 126976K, used 13607K [0x0000000084000000, 0x0000000100000000)
  region size 1024K, 7 young (7168K), 7 survivors (7168K)
 Metaspace       used 31829K, capacity 33250K, committed 33532K, reserved 1079296K
  class space    used 3671K, capacity 4259K, committed 4348K, reserved 1048576K
}
Event: 31.614 GC heap before
{Heap before GC invocations=4 (full 0):
 garbage-first heap   total 126976K, used 67879K [0x0000000084000000, 0x0000000100000000)
  region size 1024K, 60 young (61440K), 7 survivors (7168K)
 Metaspace       used 34351K, capacity 35761K, committed 35964K, reserved 1081344K
  class space    used 3977K, capacity 4619K, committed 4732K, reserved 1048576K
}
Event: 31.634 GC heap after
{Heap after GC invocations=5 (full 0):
 garbage-first heap   total 126976K, used 15808K [0x0000000084000000, 0x0000000100000000)
  region size 1024K, 6 young (6144K), 6 survivors (6144K)
 Metaspace       used 34351K, capacity 35761K, committed 35964K, reserved 1081344K
  class space    used 3977K, capacity 4619K, committed 4732K, reserved 1048576K
}
Event: 31.656 GC heap before
{Heap before GC invocations=5 (full 0):
 garbage-first heap   total 126976K, used 15808K [0x0000000084000000, 0x0000000100000000)
  region size 1024K, 7 young (7168K), 6 survivors (6144K)
 Metaspace       used 34442K, capacity 35859K, committed 35964K, reserved 1081344K
  class space    used 4002K, capacity 4652K, committed 4732K, reserved 1048576K
}
Event: 31.678 GC heap after
{Heap after GC invocations=6 (full 0):
 garbage-first heap   total 126976K, used 15551K [0x0000000084000000, 0x0000000100000000)
  region size 1024K, 6 young (6144K), 6 survivors (6144K)
 Metaspace       used 34442K, capacity 35859K, committed 35964K, reserved 1081344K
  class space    used 4002K, capacity 4652K, committed 4732K, reserved 1048576K
}

