# JRE version: Java(TM) SE Runtime Environment 18.9 (11.0.21+9) (build 11.0.21+9-LTS-193)
# Java VM: Java HotSpot(TM) 64-Bit Server VM 18.9 (11.0.21+9-LTS-193, mixed mode, tiered, compressed oops, g1 gc, windows-amd64)
Heap:
 garbage-first heap   total 126976K, used 36014K [0x0000000084000000, 0x0000000100000000)
  region size 1024K, 29 young (29696K), 3 survivors (3072K)
 Metaspace       used 28394K, capacity 29706K, committed 29824K, reserved 1075200K
  class space    used 3309K, capacity 3874K, committed 3968K, reserved 1048576K
GC Heap History (6 events):
Event: 1.781 GC heap before
{Heap before GC invocations=0 (full 0):
 garbage-first heap   total 126976K, used 24576K [0x0000000084000000, 0x0000000100000000)
  region size 1024K, 24 young (24576K), 0 survivors (0K)
 Metaspace       used 13486K, capacity 13823K, committed 14080K, reserved 1062912K
  class space    used 1362K, capacity 1493K, committed 1536K, reserved 1048576K
}
Event: 1.793 GC heap after
{Heap after GC invocations=1 (full 0):
 garbage-first heap   total 126976K, used 7654K [0x0000000084000000, 0x0000000100000000)
  region size 1024K, 3 young (3072K), 3 survivors (3072K)
 Metaspace       used 13486K, capacity 13823K, committed 14080K, reserved 1062912K
  class space    used 1362K, capacity 1493K, committed 1536K, reserved 1048576K
}
Event: 2.410 GC heap before
{Heap before GC invocations=1 (full 0):
 garbage-first heap   total 126976K, used 30182K [0x0000000084000000, 0x0000000100000000)
  region size 1024K, 25 young (25600K), 3 survivors (3072K)
 Metaspace       used 17412K, capacity 18046K, committed 18304K, reserved 1064960K
  class space    used 1830K, capacity 2065K, committed 2176K, reserved 1048576K
}
Event: 2.419 GC heap after
{Heap after GC invocations=2 (full 0):
 garbage-first heap   total 126976K, used 9710K [0x0000000084000000, 0x0000000100000000)
  region size 1024K, 2 young (2048K), 2 survivors (2048K)
 Metaspace       used 17412K, capacity 18046K, committed 18304K, reserved 1064960K
  class space    used 1830K, capacity 2065K, committed 2176K, reserved 1048576K
}
Event: 5.043 GC heap before
{Heap before GC invocations=2 (full 0):
 garbage-first heap   total 126976K, used 27118K [0x0000000084000000, 0x0000000100000000)
  region size 1024K, 20 young (20480K), 2 survivors (2048K)
 Metaspace       used 20471K, capacity 21188K, committed 21248K, reserved 1069056K
  class space    used 2246K, capacity 2549K, committed 2560K, reserved 1048576K
}
Event: 5.049 GC heap after
{Heap after GC invocations=3 (full 0):
 garbage-first heap   total 126976K, used 10414K [0x0000000084000000, 0x0000000100000000)
  region size 1024K, 3 young (3072K), 3 survivors (3072K)
 Metaspace       used 20471K, capacity 21188K, committed 21248K, reserved 1069056K
  class space    used 2246K, capacity 2549K, committed 2560K, reserved 1048576K
}

