# JRE version: Java(TM) SE Runtime Environment (21.0.2+13) (build 21.0.2+13-LTS-58)
# Java VM: Java HotSpot(TM) 64-Bit Server VM (21.0.2+13-LTS-58, mixed mode, sharing, tiered, compressed oops, compressed class ptrs, g1 gc, windows-amd64)
GC Precious Log:
 CardTable entry size: 512
 Card Set container configuration: InlinePtr #cards 5 size 8 Array Of Cards #cards 12 size 40 Howl #buckets 4 coarsen threshold 1843 Howl Bitmap #cards 512 size 80 coarsen threshold 460 Card regions per heap region 1 cards per card region 2048
 CPUs: 8 total, 8 available
 Memory: 7926M
 Large Page Support: Disabled
 NUMA Support: Disabled
 Compressed Oops: Enabled (32-bit)
 Heap Region Size: 1M
 Heap Min Capacity: 8M
 Heap Initial Capacity: 124M
 Heap Max Capacity: 1982M
 Pre-touch: Disabled
 Parallel Workers: 8
 Concurrent Workers: 2
 Concurrent Refinement Workers: 8
 Periodic GC: Disabled
Heap:
 garbage-first heap   total 51200K, used 17481K [0x0000000084200000, 0x0000000100000000)
  region size 1024K, 7 young (7168K), 3 survivors (3072K)
 Metaspace       used 25454K, committed 25920K, reserved 1114112K
  class space    used 3056K, committed 3264K, reserved 1048576K
GC Heap History (8 events):
Event: 2.089 GC heap before
{Heap before GC invocations=0 (full 0):
 garbage-first heap   total 126976K, used 23552K [0x0000000084200000, 0x0000000100000000)
  region size 1024K, 23 young (23552K), 0 survivors (0K)
 Metaspace       used 7669K, committed 7936K, reserved 1114112K
  class space    used 864K, committed 1024K, reserved 1048576K
}
Event: 2.107 GC heap after
{Heap after GC invocations=1 (full 0):
 garbage-first heap   total 126976K, used 7808K [0x0000000084200000, 0x0000000100000000)
  region size 1024K, 3 young (3072K), 3 survivors (3072K)
 Metaspace       used 7669K, committed 7936K, reserved 1114112K
  class space    used 864K, committed 1024K, reserved 1048576K
}
Event: 7.652 GC heap before
{Heap before GC invocations=1 (full 0):
 garbage-first heap   total 126976K, used 36480K [0x0000000084200000, 0x0000000100000000)
  region size 1024K, 31 young (31744K), 3 survivors (3072K)
 Metaspace       used 18009K, committed 18432K, reserved 1114112K
  class space    used 2128K, committed 2304K, reserved 1048576K
}
Event: 7.662 GC heap after
{Heap after GC invocations=2 (full 0):
 garbage-first heap   total 126976K, used 11857K [0x0000000084200000, 0x0000000100000000)
  region size 1024K, 4 young (4096K), 4 survivors (4096K)
 Metaspace       used 18009K, committed 18432K, reserved 1114112K
  class space    used 2128K, committed 2304K, reserved 1048576K
}
Event: 30.053 GC heap before
{Heap before GC invocations=2 (full 0):
 garbage-first heap   total 126976K, used 24145K [0x0000000084200000, 0x0000000100000000)
  region size 1024K, 17 young (17408K), 4 survivors (4096K)
 Metaspace       used 21090K, committed 21504K, reserved 1114112K
  class space    used 2541K, committed 2752K, reserved 1048576K
}
Event: 30.069 GC heap after
{Heap after GC invocations=3 (full 0):
 garbage-first heap   total 126976K, used 12969K [0x0000000084200000, 0x0000000100000000)
  region size 1024K, 5 young (5120K), 5 survivors (5120K)
 Metaspace       used 21090K, committed 21504K, reserved 1114112K
  class space    used 2541K, committed 2752K, reserved 1048576K
}
Event: 32.435 GC heap before
{Heap before GC invocations=4 (full 0):
 garbage-first heap   total 51200K, used 38569K [0x0000000084200000, 0x0000000100000000)
  region size 1024K, 30 young (30720K), 5 survivors (5120K)
 Metaspace       used 25437K, committed 25920K, reserved 1114112K
  class space    used 3056K, committed 3264K, reserved 1048576K
}
Event: 32.442 GC heap after
{Heap after GC invocations=5 (full 0):
 garbage-first heap   total 51200K, used 13553K [0x0000000084200000, 0x0000000100000000)
  region size 1024K, 2 young (2048K), 2 survivors (2048K)
 Metaspace       used 25437K, committed 25920K, reserved 1114112K
  class space    used 3056K, committed 3264K, reserved 1048576K
}

