# JRE version: Java(TM) SE Runtime Environment 18.9 (11.0.21+9) (build 11.0.21+9-LTS-193)
# Java VM: Java HotSpot(TM) 64-Bit Server VM 18.9 (11.0.21+9-LTS-193, mixed mode, tiered, compressed oops, g1 gc, windows-amd64)
Heap:
 garbage-first heap   total 126976K, used 23296K [0x0000000084000000, 0x0000000100000000)
  region size 1024K, 15 young (15360K), 6 survivors (6144K)
 Metaspace       used 35511K, capacity 36957K, committed 37248K, reserved 1081344K
  class space    used 4152K, capacity 4783K, committed 4864K, reserved 1048576K
GC Heap History (10 events):
Event: 4.487 GC heap before
{Heap before GC invocations=0 (full 0):
 garbage-first heap   total 126976K, used 24576K [0x0000000084000000, 0x0000000100000000)
  region size 1024K, 24 young (24576K), 0 survivors (0K)
 Metaspace       used 13528K, capacity 13925K, committed 14080K, reserved 1062912K
  class space    used 1371K, capacity 1507K, committed 1536K, reserved 1048576K
}
Event: 4.503 GC heap after
{Heap after GC invocations=1 (full 0):
 garbage-first heap   total 126976K, used 6968K [0x0000000084000000, 0x0000000100000000)
  region size 1024K, 3 young (3072K), 3 survivors (3072K)
 Metaspace       used 13528K, capacity 13925K, committed 14080K, reserved 1062912K
  class space    used 1371K, capacity 1507K, committed 1536K, reserved 1048576K
}
Event: 8.126 GC heap before
{Heap before GC invocations=1 (full 0):
 garbage-first heap   total 126976K, used 47928K [0x0000000084000000, 0x0000000100000000)
  region size 1024K, 44 young (45056K), 3 survivors (3072K)
 Metaspace       used 20455K, capacity 21188K, committed 21248K, reserved 1069056K
  class space    used 2248K, capacity 2549K, committed 2560K, reserved 1048576K
}
Event: 8.146 GC heap after
{Heap after GC invocations=2 (full 0):
 garbage-first heap   total 126976K, used 10021K [0x0000000084000000, 0x0000000100000000)
  region size 1024K, 6 young (6144K), 6 survivors (6144K)
 Metaspace       used 20455K, capacity 21188K, committed 21248K, reserved 1069056K
  class space    used 2248K, capacity 2549K, committed 2560K, reserved 1048576K
}
Event: 36.469 GC heap before
{Heap before GC invocations=3 (full 0):
 garbage-first heap   total 126976K, used 39717K [0x0000000084000000, 0x0000000100000000)
  region size 1024K, 35 young (35840K), 6 survivors (6144K)
 Metaspace       used 29268K, capacity 30579K, committed 30592K, reserved 1075200K
  class space    used 3391K, capacity 3967K, committed 3968K, reserved 1048576K
}
Event: 36.530 GC heap after
{Heap after GC invocations=4 (full 0):
 garbage-first heap   total 126976K, used 12823K [0x0000000084000000, 0x0000000100000000)
  region size 1024K, 4 young (4096K), 4 survivors (4096K)
 Metaspace       used 29268K, capacity 30579K, committed 30592K, reserved 1075200K
  class space    used 3391K, capacity 3967K, committed 3968K, reserved 1048576K
}
Event: 39.031 GC heap before
{Heap before GC invocations=4 (full 0):
 garbage-first heap   total 126976K, used 61975K [0x0000000084000000, 0x0000000100000000)
  region size 1024K, 52 young (53248K), 4 survivors (4096K)
 Metaspace       used 33813K, capacity 35255K, committed 35328K, reserved 1079296K
  class space    used 3937K, capacity 4579K, committed 4608K, reserved 1048576K
}
Event: 39.049 GC heap after
{Heap after GC invocations=5 (full 0):
 garbage-first heap   total 126976K, used 14253K [0x0000000084000000, 0x0000000100000000)
  region size 1024K, 5 young (5120K), 5 survivors (5120K)
 Metaspace       used 33813K, capacity 35255K, committed 35328K, reserved 1079296K
  class space    used 3937K, capacity 4579K, committed 4608K, reserved 1048576K
}
Event: 39.428 GC heap before
{Heap before GC invocations=5 (full 0):
 garbage-first heap   total 126976K, used 34733K [0x0000000084000000, 0x0000000100000000)
  region size 1024K, 26 young (26624K), 5 survivors (5120K)
 Metaspace       used 34261K, capacity 35692K, committed 35840K, reserved 1081344K
  class space    used 3975K, capacity 4618K, committed 4736K, reserved 1048576K
}
Event: 39.450 GC heap after
{Heap after GC invocations=6 (full 0):
 garbage-first heap   total 126976K, used 15104K [0x0000000084000000, 0x0000000100000000)
  region size 1024K, 6 young (6144K), 6 survivors (6144K)
 Metaspace       used 34261K, capacity 35692K, committed 35840K, reserved 1081344K
  class space    used 3975K, capacity 4618K, committed 4736K, reserved 1048576K
}

