# JRE version: Java(TM) SE Runtime Environment (21.0.2+13) (build 21.0.2+13-LTS-58)
# Java VM: Java HotSpot(TM) 64-Bit Server VM (21.0.2+13-LTS-58, mixed mode, sharing, tiered, compressed oops, compressed class ptrs, g1 gc, windows-amd64)
GC Precious Log:
 CardTable entry size: 512
 Card Set container configuration: InlinePtr #cards 5 size 8 Array Of Cards #cards 12 size 40 Howl #buckets 4 coarsen threshold 1843 Howl Bitmap #cards 512 size 80 coarsen threshold 460 Card regions per heap region 1 cards per card region 2048
 CPUs: 8 total, 8 available
 Memory: 7934M
 Large Page Support: Disabled
 NUMA Support: Disabled
 Compressed Oops: Enabled (32-bit)
 Heap Region Size: 1M
 Heap Min Capacity: 8M
 Heap Initial Capacity: 124M
 Heap Max Capacity: 1984M
 Pre-touch: Disabled
 Parallel Workers: 8
 Concurrent Workers: 2
 Concurrent Refinement Workers: 8
 Periodic GC: Disabled
Heap:
 garbage-first heap   total 48128K, used 25873K [0x0000000084000000, 0x0000000100000000)
  region size 1024K, 14 young (14336K), 3 survivors (3072K)
 Metaspace       used 28352K, committed 28800K, reserved 1114112K
  class space    used 3386K, committed 3584K, reserved 1048576K
GC Heap History (12 events):
Event: 0.715 GC heap before
{Heap before GC invocations=0 (full 0):
 garbage-first heap   total 126976K, used 23552K [0x0000000084000000, 0x0000000100000000)
  region size 1024K, 23 young (23552K), 0 survivors (0K)
 Metaspace       used 7565K, committed 7872K, reserved 1114112K
  class space    used 859K, committed 1024K, reserved 1048576K
}
Event: 0.720 GC heap after
{Heap after GC invocations=1 (full 0):
 garbage-first heap   total 126976K, used 7744K [0x0000000084000000, 0x0000000100000000)
  region size 1024K, 3 young (3072K), 3 survivors (3072K)
 Metaspace       used 7565K, committed 7872K, reserved 1114112K
  class space    used 859K, committed 1024K, reserved 1048576K
}
Event: 3.573 GC heap before
{Heap before GC invocations=1 (full 0):
 garbage-first heap   total 126976K, used 36416K [0x0000000084000000, 0x0000000100000000)
  region size 1024K, 32 young (32768K), 3 survivors (3072K)
 Metaspace       used 17969K, committed 18432K, reserved 1114112K
  class space    used 2126K, committed 2304K, reserved 1048576K
}
Event: 3.579 GC heap after
{Heap after GC invocations=2 (full 0):
 garbage-first heap   total 126976K, used 11707K [0x0000000084000000, 0x0000000100000000)
  region size 1024K, 4 young (4096K), 4 survivors (4096K)
 Metaspace       used 17969K, committed 18432K, reserved 1114112K
  class space    used 2126K, committed 2304K, reserved 1048576K
}
Event: 21.824 GC heap before
{Heap before GC invocations=2 (full 0):
 garbage-first heap   total 126976K, used 23995K [0x0000000084000000, 0x0000000100000000)
  region size 1024K, 17 young (17408K), 4 survivors (4096K)
 Metaspace       used 21066K, committed 21504K, reserved 1114112K
  class space    used 2538K, committed 2752K, reserved 1048576K
}
Event: 21.836 GC heap after
{Heap after GC invocations=3 (full 0):
 garbage-first heap   total 126976K, used 12691K [0x0000000084000000, 0x0000000100000000)
  region size 1024K, 5 young (5120K), 5 survivors (5120K)
 Metaspace       used 21066K, committed 21504K, reserved 1114112K
  class space    used 2538K, committed 2752K, reserved 1048576K
}
Event: 22.457 GC heap before
{Heap before GC invocations=4 (full 0):
 garbage-first heap   total 48128K, used 36243K [0x0000000084000000, 0x0000000100000000)
  region size 1024K, 28 young (28672K), 5 survivors (5120K)
 Metaspace       used 25427K, committed 25920K, reserved 1114112K
  class space    used 3049K, committed 3264K, reserved 1048576K
}
Event: 22.466 GC heap after
{Heap after GC invocations=5 (full 0):
 garbage-first heap   total 48128K, used 13966K [0x0000000084000000, 0x0000000100000000)
  region size 1024K, 3 young (3072K), 3 survivors (3072K)
 Metaspace       used 25427K, committed 25920K, reserved 1114112K
  class space    used 3049K, committed 3264K, reserved 1048576K
}
Event: 22.490 GC heap before
{Heap before GC invocations=5 (full 0):
 garbage-first heap   total 48128K, used 35470K [0x0000000084000000, 0x0000000100000000)
  region size 1024K, 24 young (24576K), 3 survivors (3072K)
 Metaspace       used 25427K, committed 25920K, reserved 1114112K
  class space    used 3049K, committed 3264K, reserved 1048576K
}
Event: 22.495 GC heap after
{Heap after GC invocations=6 (full 0):
 garbage-first heap   total 48128K, used 14751K [0x0000000084000000, 0x0000000100000000)
  region size 1024K, 2 young (2048K), 2 survivors (2048K)
 Metaspace       used 25427K, committed 25920K, reserved 1114112K
  class space    used 3049K, committed 3264K, reserved 1048576K
}
Event: 22.936 GC heap before
{Heap before GC invocations=6 (full 0):
 garbage-first heap   total 48128K, used 38303K [0x0000000084000000, 0x0000000100000000)
  region size 1024K, 25 young (25600K), 2 survivors (2048K)
 Metaspace       used 27789K, committed 28224K, reserved 1114112K
  class space    used 3323K, committed 3520K, reserved 1048576K
}
Event: 22.940 GC heap after
{Heap after GC invocations=7 (full 0):
 garbage-first heap   total 48128K, used 15633K [0x0000000084000000, 0x0000000100000000)
  region size 1024K, 3 young (3072K), 3 survivors (3072K)
 Metaspace       used 27789K, committed 28224K, reserved 1114112K
  class space    used 3323K, committed 3520K, reserved 1048576K
}

