# JRE version: Java(TM) SE Runtime Environment (21.0.2+13) (build 21.0.2+13-LTS-58)
# Java VM: Java HotSpot(TM) 64-Bit Server VM (21.0.2+13-LTS-58, mixed mode, sharing, tiered, compressed oops, compressed class ptrs, g1 gc, windows-amd64)
GC Precious Log:
 CardTable entry size: 512
 Card Set container configuration: InlinePtr #cards 5 size 8 Array Of Cards #cards 12 size 40 Howl #buckets 4 coarsen threshold 1843 Howl Bitmap #cards 512 size 80 coarsen threshold 460 Card regions per heap region 1 cards per card region 2048
 CPUs: 8 total, 8 available
 Memory: 7934M
 Large Page Support: Disabled
 NUMA Support: Disabled
 Compressed Oops: Enabled (32-bit)
 Heap Region Size: 1M
 Heap Min Capacity: 8M
 Heap Initial Capacity: 124M
 Heap Max Capacity: 1984M
 Pre-touch: Disabled
 Parallel Workers: 8
 Concurrent Workers: 2
 Concurrent Refinement Workers: 8
 Periodic GC: Disabled
Heap:
 garbage-first heap   total 48128K, used 33070K [0x0000000084000000, 0x0000000100000000)
  region size 1024K, 21 young (21504K), 2 survivors (2048K)
 Metaspace       used 27247K, committed 27712K, reserved 1114112K
  class space    used 3258K, committed 3456K, reserved 1048576K
GC Heap History (10 events):
Event: 2.149 GC heap before
{Heap before GC invocations=0 (full 0):
 garbage-first heap   total 126976K, used 23552K [0x0000000084000000, 0x0000000100000000)
  region size 1024K, 23 young (23552K), 0 survivors (0K)
 Metaspace       used 7616K, committed 7936K, reserved 1114112K
  class space    used 857K, committed 1024K, reserved 1048576K
}
Event: 2.171 GC heap after
{Heap after GC invocations=1 (full 0):
 garbage-first heap   total 126976K, used 7600K [0x0000000084000000, 0x0000000100000000)
  region size 1024K, 3 young (3072K), 3 survivors (3072K)
 Metaspace       used 7616K, committed 7936K, reserved 1114112K
  class space    used 857K, committed 1024K, reserved 1048576K
}
Event: 6.599 GC heap before
{Heap before GC invocations=1 (full 0):
 garbage-first heap   total 126976K, used 36272K [0x0000000084000000, 0x0000000100000000)
  region size 1024K, 32 young (32768K), 3 survivors (3072K)
 Metaspace       used 18321K, committed 18752K, reserved 1114112K
  class space    used 2168K, committed 2368K, reserved 1048576K
}
Event: 6.612 GC heap after
{Heap after GC invocations=2 (full 0):
 garbage-first heap   total 126976K, used 12017K [0x0000000084000000, 0x0000000100000000)
  region size 1024K, 4 young (4096K), 4 survivors (4096K)
 Metaspace       used 18321K, committed 18752K, reserved 1114112K
  class space    used 2168K, committed 2368K, reserved 1048576K
}
Event: 39.220 GC heap before
{Heap before GC invocations=2 (full 0):
 garbage-first heap   total 126976K, used 23281K [0x0000000084000000, 0x0000000100000000)
  region size 1024K, 16 young (16384K), 4 survivors (4096K)
 Metaspace       used 21070K, committed 21504K, reserved 1114112K
  class space    used 2535K, committed 2752K, reserved 1048576K
}
Event: 39.273 GC heap after
{Heap after GC invocations=3 (full 0):
 garbage-first heap   total 126976K, used 13098K [0x0000000084000000, 0x0000000100000000)
  region size 1024K, 5 young (5120K), 5 survivors (5120K)
 Metaspace       used 21070K, committed 21504K, reserved 1114112K
  class space    used 2535K, committed 2752K, reserved 1048576K
}
Event: 41.225 GC heap before
{Heap before GC invocations=4 (full 0):
 garbage-first heap   total 48128K, used 36650K [0x0000000084000000, 0x0000000100000000)
  region size 1024K, 28 young (28672K), 5 survivors (5120K)
 Metaspace       used 25490K, committed 25984K, reserved 1114112K
  class space    used 3050K, committed 3264K, reserved 1048576K
}
Event: 41.240 GC heap after
{Heap after GC invocations=5 (full 0):
 garbage-first heap   total 48128K, used 14184K [0x0000000084000000, 0x0000000100000000)
  region size 1024K, 3 young (3072K), 3 survivors (3072K)
 Metaspace       used 25490K, committed 25984K, reserved 1114112K
  class space    used 3050K, committed 3264K, reserved 1048576K
}
Event: 41.343 GC heap before
{Heap before GC invocations=5 (full 0):
 garbage-first heap   total 48128K, used 35688K [0x0000000084000000, 0x0000000100000000)
  region size 1024K, 24 young (24576K), 3 survivors (3072K)
 Metaspace       used 25490K, committed 25984K, reserved 1114112K
  class space    used 3050K, committed 3264K, reserved 1048576K
}
Event: 41.355 GC heap after
{Heap after GC invocations=6 (full 0):
 garbage-first heap   total 48128K, used 14638K [0x0000000084000000, 0x0000000100000000)
  region size 1024K, 2 young (2048K), 2 survivors (2048K)
 Metaspace       used 25490K, committed 25984K, reserved 1114112K
  class space    used 3050K, committed 3264K, reserved 1048576K
}

