# JRE version: Java(TM) SE Runtime Environment (21.0.2+13) (build 21.0.2+13-LTS-58)
# Java VM: Java HotSpot(TM) 64-Bit Server VM (21.0.2+13-LTS-58, mixed mode, sharing, tiered, compressed oops, compressed class ptrs, g1 gc, windows-amd64)
GC Precious Log:
 CardTable entry size: 512
 Card Set container configuration: InlinePtr #cards 5 size 8 Array Of Cards #cards 12 size 40 Howl #buckets 4 coarsen threshold 1843 Howl Bitmap #cards 512 size 80 coarsen threshold 460 Card regions per heap region 1 cards per card region 2048
 CPUs: 8 total, 8 available
 Memory: 7934M
 Large Page Support: Disabled
 NUMA Support: Disabled
 Compressed Oops: Enabled (32-bit)
 Heap Region Size: 1M
 Heap Min Capacity: 8M
 Heap Initial Capacity: 124M
 Heap Max Capacity: 1984M
 Pre-touch: Disabled
 Parallel Workers: 8
 Concurrent Workers: 2
 Concurrent Refinement Workers: 8
 Periodic GC: Disabled
Heap:
 garbage-first heap   total 48128K, used 32732K [0x0000000084000000, 0x0000000100000000)
  region size 1024K, 22 young (22528K), 2 survivors (2048K)
 Metaspace       used 27251K, committed 27712K, reserved 1114112K
  class space    used 3253K, committed 3456K, reserved 1048576K
GC Heap History (10 events):
Event: 2.651 GC heap before
{Heap before GC invocations=0 (full 0):
 garbage-first heap   total 126976K, used 23552K [0x0000000084000000, 0x0000000100000000)
  region size 1024K, 23 young (23552K), 0 survivors (0K)
 Metaspace       used 7735K, committed 8064K, reserved 1114112K
  class space    used 873K, committed 1024K, reserved 1048576K
}
Event: 2.665 GC heap after
{Heap after GC invocations=1 (full 0):
 garbage-first heap   total 126976K, used 7972K [0x0000000084000000, 0x0000000100000000)
  region size 1024K, 3 young (3072K), 3 survivors (3072K)
 Metaspace       used 7735K, committed 8064K, reserved 1114112K
  class space    used 873K, committed 1024K, reserved 1048576K
}
Event: 6.448 GC heap before
{Heap before GC invocations=1 (full 0):
 garbage-first heap   total 126976K, used 35620K [0x0000000084000000, 0x0000000100000000)
  region size 1024K, 31 young (31744K), 3 survivors (3072K)
 Metaspace       used 17633K, committed 18048K, reserved 1114112K
  class space    used 2090K, committed 2240K, reserved 1048576K
}
Event: 6.459 GC heap after
{Heap after GC invocations=2 (full 0):
 garbage-first heap   total 126976K, used 11740K [0x0000000084000000, 0x0000000100000000)
  region size 1024K, 4 young (4096K), 4 survivors (4096K)
 Metaspace       used 17633K, committed 18048K, reserved 1114112K
  class space    used 2090K, committed 2240K, reserved 1048576K
}
Event: 32.513 GC heap before
{Heap before GC invocations=2 (full 0):
 garbage-first heap   total 126976K, used 24028K [0x0000000084000000, 0x0000000100000000)
  region size 1024K, 17 young (17408K), 4 survivors (4096K)
 Metaspace       used 21037K, committed 21504K, reserved 1114112K
  class space    used 2534K, committed 2752K, reserved 1048576K
}
Event: 32.556 GC heap after
{Heap after GC invocations=3 (full 0):
 garbage-first heap   total 126976K, used 12807K [0x0000000084000000, 0x0000000100000000)
  region size 1024K, 5 young (5120K), 5 survivors (5120K)
 Metaspace       used 21037K, committed 21504K, reserved 1114112K
  class space    used 2534K, committed 2752K, reserved 1048576K
}
Event: 33.927 GC heap before
{Heap before GC invocations=4 (full 0):
 garbage-first heap   total 48128K, used 36359K [0x0000000084000000, 0x0000000100000000)
  region size 1024K, 28 young (28672K), 5 survivors (5120K)
 Metaspace       used 25432K, committed 25920K, reserved 1114112K
  class space    used 3046K, committed 3264K, reserved 1048576K
}
Event: 33.942 GC heap after
{Heap after GC invocations=5 (full 0):
 garbage-first heap   total 48128K, used 13988K [0x0000000084000000, 0x0000000100000000)
  region size 1024K, 3 young (3072K), 3 survivors (3072K)
 Metaspace       used 25432K, committed 25920K, reserved 1114112K
  class space    used 3046K, committed 3264K, reserved 1048576K
}
Event: 34.008 GC heap before
{Heap before GC invocations=5 (full 0):
 garbage-first heap   total 48128K, used 34468K [0x0000000084000000, 0x0000000100000000)
  region size 1024K, 24 young (24576K), 3 survivors (3072K)
 Metaspace       used 25432K, committed 25920K, reserved 1114112K
  class space    used 3046K, committed 3264K, reserved 1048576K
}
Event: 34.016 GC heap after
{Heap after GC invocations=6 (full 0):
 garbage-first heap   total 48128K, used 14300K [0x0000000084000000, 0x0000000100000000)
  region size 1024K, 2 young (2048K), 2 survivors (2048K)
 Metaspace       used 25432K, committed 25920K, reserved 1114112K
  class space    used 3046K, committed 3264K, reserved 1048576K
}

