# JRE version: Java(TM) SE Runtime Environment 18.9 (11.0.21+9) (build 11.0.21+9-LTS-193)
# Java VM: Java HotSpot(TM) 64-Bit Server VM 18.9 (11.0.21+9-LTS-193, mixed mode, tiered, compressed oops, g1 gc, windows-amd64)
Heap:
 garbage-first heap   total 126976K, used 75666K [0x0000000084000000, 0x0000000100000000)
  region size 1024K, 68 young (69632K), 8 survivors (8192K)
 Metaspace       used 37622K, capacity 39140K, committed 39296K, reserved 1083392K
  class space    used 4305K, capacity 4966K, committed 4992K, reserved 1048576K
GC Heap History (8 events):
Event: 1.456 GC heap before
{Heap before GC invocations=0 (full 0):
 garbage-first heap   total 126976K, used 24576K [0x0000000084000000, 0x0000000100000000)
  region size 1024K, 24 young (24576K), 0 survivors (0K)
 Metaspace       used 13550K, capacity 13887K, committed 14080K, reserved 1062912K
  class space    used 1362K, capacity 1493K, committed 1536K, reserved 1048576K
}
Event: 1.463 GC heap after
{Heap after GC invocations=1 (full 0):
 garbage-first heap   total 126976K, used 7979K [0x0000000084000000, 0x0000000100000000)
  region size 1024K, 3 young (3072K), 3 survivors (3072K)
 Metaspace       used 13550K, capacity 13887K, committed 14080K, reserved 1062912K
  class space    used 1362K, capacity 1493K, committed 1536K, reserved 1048576K
}
Event: 1.638 GC heap before
{Heap before GC invocations=1 (full 0):
 garbage-first heap   total 126976K, used 30507K [0x0000000084000000, 0x0000000100000000)
  region size 1024K, 25 young (25600K), 3 survivors (3072K)
 Metaspace       used 14656K, capacity 15072K, committed 15232K, reserved 1062912K
  class space    used 1493K, capacity 1654K, committed 1664K, reserved 1048576K
}
Event: 1.641 GC heap after
{Heap after GC invocations=2 (full 0):
 garbage-first heap   total 126976K, used 8489K [0x0000000084000000, 0x0000000100000000)
  region size 1024K, 1 young (1024K), 1 survivors (1024K)
 Metaspace       used 14656K, capacity 15072K, committed 15232K, reserved 1062912K
  class space    used 1493K, capacity 1654K, committed 1664K, reserved 1048576K
}
Event: 4.459 GC heap before
{Heap before GC invocations=2 (full 0):
 garbage-first heap   total 126976K, used 55593K [0x0000000084000000, 0x0000000100000000)
  region size 1024K, 48 young (49152K), 1 survivors (1024K)
 Metaspace       used 20465K, capacity 21174K, committed 21248K, reserved 1069056K
  class space    used 2206K, capacity 2532K, committed 2560K, reserved 1048576K
}
Event: 4.467 GC heap after
{Heap after GC invocations=3 (full 0):
 garbage-first heap   total 126976K, used 11360K [0x0000000084000000, 0x0000000100000000)
  region size 1024K, 4 young (4096K), 4 survivors (4096K)
 Metaspace       used 20465K, capacity 21174K, committed 21248K, reserved 1069056K
  class space    used 2206K, capacity 2532K, committed 2560K, reserved 1048576K
}
Event: 39.934 GC heap before
{Heap before GC invocations=4 (full 0):
 garbage-first heap   total 126976K, used 66656K [0x0000000084000000, 0x0000000100000000)
  region size 1024K, 60 young (61440K), 4 survivors (4096K)
 Metaspace       used 34243K, capacity 35667K, committed 35840K, reserved 1081344K
  class space    used 3873K, capacity 4481K, committed 4608K, reserved 1048576K
}
Event: 39.952 GC heap after
{Heap after GC invocations=5 (full 0):
 garbage-first heap   total 126976K, used 15250K [0x0000000084000000, 0x0000000100000000)
  region size 1024K, 8 young (8192K), 8 survivors (8192K)
 Metaspace       used 34243K, capacity 35667K, committed 35840K, reserved 1081344K
  class space    used 3873K, capacity 4481K, committed 4608K, reserved 1048576K
}

