# JRE version: Java(TM) SE Runtime Environment (21.0.2+13) (build 21.0.2+13-LTS-58)
# Java VM: Java HotSpot(TM) 64-Bit Server VM (21.0.2+13-LTS-58, mixed mode, sharing, tiered, compressed oops, compressed class ptrs, g1 gc, windows-amd64)
GC Precious Log:
 CardTable entry size: 512
 Card Set container configuration: InlinePtr #cards 5 size 8 Array Of Cards #cards 12 size 40 Howl #buckets 4 coarsen threshold 1843 Howl Bitmap #cards 512 size 80 coarsen threshold 460 Card regions per heap region 1 cards per card region 2048
 CPUs: 8 total, 8 available
 Memory: 7934M
 Large Page Support: Disabled
 NUMA Support: Disabled
 Compressed Oops: Enabled (32-bit)
 Heap Region Size: 1M
 Heap Min Capacity: 8M
 Heap Initial Capacity: 124M
 Heap Max Capacity: 1984M
 Pre-touch: Disabled
 Parallel Workers: 8
 Concurrent Workers: 2
 Concurrent Refinement Workers: 8
 Periodic GC: Disabled
Heap:
 garbage-first heap   total 51200K, used 39132K [0x0000000084000000, 0x0000000100000000)
  region size 1024K, 29 young (29696K), 3 survivors (3072K)
 Metaspace       used 28435K, committed 28864K, reserved 1114112K
  class space    used 3386K, committed 3584K, reserved 1048576K
GC Heap History (10 events):
Event: 0.775 GC heap before
{Heap before GC invocations=0 (full 0):
 garbage-first heap   total 126976K, used 23552K [0x0000000084000000, 0x0000000100000000)
  region size 1024K, 23 young (23552K), 0 survivors (0K)
 Metaspace       used 7371K, committed 7680K, reserved 1114112K
  class space    used 833K, committed 960K, reserved 1048576K
}
Event: 0.781 GC heap after
{Heap after GC invocations=1 (full 0):
 garbage-first heap   total 126976K, used 6976K [0x0000000084000000, 0x0000000100000000)
  region size 1024K, 3 young (3072K), 3 survivors (3072K)
 Metaspace       used 7371K, committed 7680K, reserved 1114112K
  class space    used 833K, committed 960K, reserved 1048576K
}
Event: 3.855 GC heap before
{Heap before GC invocations=1 (full 0):
 garbage-first heap   total 126976K, used 36672K [0x0000000084000000, 0x0000000100000000)
  region size 1024K, 33 young (33792K), 3 survivors (3072K)
 Metaspace       used 17992K, committed 18432K, reserved 1114112K
  class space    used 2125K, committed 2304K, reserved 1048576K
}
Event: 3.864 GC heap after
{Heap after GC invocations=2 (full 0):
 garbage-first heap   total 126976K, used 11695K [0x0000000084000000, 0x0000000100000000)
  region size 1024K, 5 young (5120K), 5 survivors (5120K)
 Metaspace       used 17992K, committed 18432K, reserved 1114112K
  class space    used 2125K, committed 2304K, reserved 1048576K
}
Event: 22.707 GC heap before
{Heap before GC invocations=2 (full 0):
 garbage-first heap   total 126976K, used 23983K [0x0000000084000000, 0x0000000100000000)
  region size 1024K, 18 young (18432K), 5 survivors (5120K)
 Metaspace       used 21072K, committed 21504K, reserved 1114112K
  class space    used 2537K, committed 2752K, reserved 1048576K
}
Event: 22.724 GC heap after
{Heap after GC invocations=3 (full 0):
 garbage-first heap   total 126976K, used 12714K [0x0000000084000000, 0x0000000100000000)
  region size 1024K, 2 young (2048K), 2 survivors (2048K)
 Metaspace       used 21072K, committed 21504K, reserved 1114112K
  class space    used 2537K, committed 2752K, reserved 1048576K
}
Event: 24.517 GC heap before
{Heap before GC invocations=4 (full 0):
 garbage-first heap   total 51200K, used 41386K [0x0000000084000000, 0x0000000100000000)
  region size 1024K, 30 young (30720K), 2 survivors (2048K)
 Metaspace       used 25481K, committed 25920K, reserved 1114112K
  class space    used 3050K, committed 3264K, reserved 1048576K
}
Event: 24.521 GC heap after
{Heap after GC invocations=5 (full 0):
 garbage-first heap   total 51200K, used 13638K [0x0000000084000000, 0x0000000100000000)
  region size 1024K, 3 young (3072K), 3 survivors (3072K)
 Metaspace       used 25481K, committed 25920K, reserved 1114112K
  class space    used 3050K, committed 3264K, reserved 1048576K
}
Event: 24.568 GC heap before
{Heap before GC invocations=5 (full 0):
 garbage-first heap   total 51200K, used 38214K [0x0000000084000000, 0x0000000100000000)
  region size 1024K, 27 young (27648K), 3 survivors (3072K)
 Metaspace       used 25481K, committed 25920K, reserved 1114112K
  class space    used 3050K, committed 3264K, reserved 1048576K
}
Event: 24.571 GC heap after
{Heap after GC invocations=6 (full 0):
 garbage-first heap   total 51200K, used 14556K [0x0000000084000000, 0x0000000100000000)
  region size 1024K, 3 young (3072K), 3 survivors (3072K)
 Metaspace       used 25481K, committed 25920K, reserved 1114112K
  class space    used 3050K, committed 3264K, reserved 1048576K
}

